Log file open, 12/21/21 18:26:02
LogWindows: Failed to load 'aqProf.dll' (GetLastError=126)
LogWindows: File 'aqProf.dll' does not exist
LogWindows: Failed to load 'VtuneApi.dll' (GetLastError=126)
LogWindows: File 'VtuneApi.dll' does not exist
LogWindows: Failed to load 'VtuneApi32e.dll' (GetLastError=126)
LogWindows: File 'VtuneApi32e.dll' does not exist
LogConsoleResponse: Display: Failed to find resolution value strings in scalability ini. Falling back to default.
LogConsoleResponse: Display: Failed to find resolution value strings in scalability ini. Falling back to default.
LogInit: Display: Running engine for game: kure_yageki
LogPlatformFile: Not using cached read wrapper
LogTaskGraph: Started task graph with 5 named threads and 35 total threads with 3 sets of task threads.
LogStats: Stats thread started at 0.243642
LogICUInternationalization: ICU TimeZone Detection - Raw Offset: +9:00, Platform Override: ''
LogInit: Display: Loading text-based GConfig....
LogPluginManager: Mounting plugin MeshPainting
LogPluginManager: Mounting plugin XGEController
LogPluginManager: Mounting plugin Paper2D
LogPluginManager: Mounting plugin LightPropagationVolume
LogPluginManager: Mounting plugin LiveLink
LogPluginManager: Mounting plugin OodleNetwork
LogPluginManager: Mounting plugin OodleData
LogPluginManager: Mounting plugin AISupport
LogPluginManager: Mounting plugin AssetManagerEditor
LogPluginManager: Mounting plugin EnvironmentQueryEditor
LogPluginManager: Mounting plugin DatasmithContent
LogPluginManager: Mounting plugin CryptoKeys
LogPluginManager: Mounting plugin CurveEditorTools
LogPluginManager: Mounting plugin GameplayTagsEditor
LogPluginManager: Mounting plugin FacialAnimation
LogPluginManager: Mounting plugin GeometryMode
LogPluginManager: Mounting plugin MacGraphicsSwitching
LogPluginManager: Mounting plugin VariantManagerContent
LogPluginManager: Mounting plugin MobileLauncherProfileWizard
LogPluginManager: Mounting plugin Niagara
LogPluginManager: Mounting plugin MaterialAnalyzer
LogPluginManager: Mounting plugin SpeedTreeImporter
LogPluginManager: Mounting plugin DataValidation
LogPluginManager: Mounting plugin PluginBrowser
LogPluginManager: Mounting plugin AlembicImporter
LogPluginManager: Mounting plugin AutomationUtils
LogPluginManager: Mounting plugin ChaosClothEditor
LogPluginManager: Mounting plugin BackChannel
LogPluginManager: Mounting plugin ChaosEditor
LogPluginManager: Mounting plugin ChaosCloth
LogPluginManager: Mounting plugin ChaosSolverPlugin
LogPluginManager: Mounting plugin ChaosNiagara
LogPluginManager: Mounting plugin LuminPlatformFeatures
LogPluginManager: Mounting plugin MagicLeap
LogPluginManager: Mounting plugin CharacterAI
LogPluginManager: Mounting plugin MagicLeapLightEstimation
LogPluginManager: Mounting plugin MagicLeapMedia
LogPluginManager: Mounting plugin MagicLeapPassableWorld
LogPluginManager: Mounting plugin MLSDK
LogPluginManager: Mounting plugin AndroidMedia
LogPluginManager: Mounting plugin GeometryCache
LogPluginManager: Mounting plugin GeometryCollectionPlugin
LogPluginManager: Mounting plugin GeometryProcessing
LogPluginManager: Mounting plugin AvfMedia
LogPluginManager: Mounting plugin MotoSynth
LogPluginManager: Mounting plugin OpenImageDenoise
LogPluginManager: Mounting plugin PlanarCut
LogPluginManager: Mounting plugin ImgMedia
LogPluginManager: Mounting plugin PlatformCrypto
LogPluginManager: Mounting plugin ProxyLODPlugin
LogPluginManager: Mounting plugin MediaCompositing
LogPluginManager: Mounting plugin PythonScriptPlugin
LogPluginManager: Mounting plugin TcpMessaging
LogPluginManager: Mounting plugin UdpMessaging
LogPluginManager: Mounting plugin MediaPlayerEditor
LogPluginManager: Mounting plugin WebMMedia
LogPluginManager: Mounting plugin WmfMedia
LogPluginManager: Mounting plugin SkeletalReduction
LogPluginManager: Mounting plugin ActorSequence
LogPluginManager: Mounting plugin LevelSequenceEditor
LogPluginManager: Mounting plugin MatineeToLevelSequence
LogPluginManager: Mounting plugin TemplateSequence
LogPluginManager: Mounting plugin OnlineSubsystem
LogPluginManager: Mounting plugin OnlineSubsystemNull
LogPluginManager: Mounting plugin OnlineSubsystemUtils
LogPluginManager: Mounting plugin LauncherChunkInstaller
LogPluginManager: Mounting plugin AndroidDeviceProfileSelector
LogPluginManager: Mounting plugin ActorLayerUtilities
LogPluginManager: Mounting plugin AndroidMoviePlayer
LogPluginManager: Mounting plugin AndroidPermission
LogPluginManager: Mounting plugin ApexDestruction
LogPluginManager: Mounting plugin AppleImageUtils
LogPluginManager: Mounting plugin AppleMoviePlayer
LogPluginManager: Mounting plugin AudioCapture
LogPluginManager: Mounting plugin ArchVisCharacter
LogPluginManager: Mounting plugin AssetTags
LogPluginManager: Mounting plugin CableComponent
LogPluginManager: Mounting plugin AudioSynesthesia
LogPluginManager: Mounting plugin ChunkDownloader
LogPluginManager: Mounting plugin CustomMeshComponent
LogPluginManager: Mounting plugin ExampleDeviceProfileSelector
LogPluginManager: Mounting plugin EditableMesh
LogPluginManager: Mounting plugin ScreenshotTools
LogPluginManager: Mounting plugin GoogleCloudMessaging
LogPluginManager: Mounting plugin GooglePAD
LogPluginManager: Mounting plugin IOSDeviceProfileSelector
LogPluginManager: Mounting plugin LocationServicesBPLibrary
LogPluginManager: Mounting plugin LinuxDeviceProfileSelector
LogPluginManager: Mounting plugin MobilePatchingUtils
LogPluginManager: Mounting plugin OpenXR
LogPluginManager: Mounting plugin OpenXREyeTracker
LogPluginManager: Mounting plugin Takes
LogPluginManager: Mounting plugin OpenXRHandTracking
LogPluginManager: Mounting plugin PhysXVehicles
LogPluginManager: Mounting plugin PostSplashScreen
LogPluginManager: Mounting plugin ProceduralMeshComponent
LogPluginManager: Mounting plugin SignificanceManager
LogPluginManager: Mounting plugin PropertyAccessEditor
LogPluginManager: Mounting plugin RuntimePhysXCooking
LogPluginManager: Mounting plugin SoundFields
LogPluginManager: Mounting plugin Synthesis
LogPluginManager: Mounting plugin WebMMoviePlayer
LogPluginManager: Mounting plugin WindowsMoviePlayer
LogPluginManager: Mounting plugin CameraShakePreviewer
LogPluginManager: Mounting plugin AnimationSharing
LogPluginManager: Mounting plugin GameplayCameras
LogPluginManager: Mounting plugin CLionSourceCodeAccess
LogPluginManager: Mounting plugin CodeLiteSourceCodeAccess
LogPluginManager: Mounting plugin NullSourceCodeAccess
LogPluginManager: Mounting plugin KDevelopSourceCodeAccess
LogPluginManager: Mounting plugin GitSourceControl
LogPluginManager: Mounting plugin PerforceSourceControl
LogPluginManager: Mounting plugin PixWinPlugin
LogPluginManager: Mounting plugin PlasticSourceControl
LogPluginManager: Mounting plugin PluginUtils
LogPluginManager: Mounting plugin RiderSourceCodeAccess
LogPluginManager: Mounting plugin PropertyAccessNode
LogPluginManager: Mounting plugin SubversionSourceControl
LogPluginManager: Mounting plugin TextureFormatOodle
LogPluginManager: Mounting plugin UObjectPlugin
LogPluginManager: Mounting plugin VisualStudioCodeSourceCodeAccess
LogPluginManager: Mounting plugin VisualStudioSourceCodeAccess
LogPluginManager: Mounting plugin XCodeSourceCodeAccess
LogPluginManager: Mounting plugin ContentBrowserFileDataSource
LogPluginManager: Mounting plugin ContentBrowserClassDataSource
LogPluginManager: Mounting plugin ContentBrowserAssetDataSource
LogPluginManager: Mounting plugin OnlineSubsystemGooglePlay
LogPluginManager: Mounting plugin OnlineSubsystemIOS
LogPluginManager: Mounting plugin OculusVR
LogPluginManager: Mounting plugin SteamVR
LogInit: Using libcurl 7.55.1-DEV
LogInit:  - built for x86_64-pc-win32
LogInit:  - supports SSL with OpenSSL/1.1.1
LogInit:  - supports HTTP deflate (compression) using libz 1.2.8
LogInit:  - other features:
LogInit:      CURL_VERSION_SSL
LogInit:      CURL_VERSION_LIBZ
LogInit:      CURL_VERSION_IPV6
LogInit:      CURL_VERSION_ASYNCHDNS
LogInit:      CURL_VERSION_LARGEFILE
LogInit:      CURL_VERSION_IDN
LogInit:  CurlRequestOptions (configurable via config and command line):
LogInit:  - bVerifyPeer = true  - Libcurl will verify peer certificate
LogInit:  - bUseHttpProxy = false  - Libcurl will NOT use HTTP proxy
LogInit:  - bDontReuseConnections = false  - Libcurl will reuse connections
LogInit:  - MaxHostConnections = 16  - Libcurl will limit the number of connections to a host
LogInit:  - LocalHostAddr = Default
LogInit:  - BufferSize = 65536
LogOnline: OSS: Creating online subsystem instance for: NULL
LogInit: WinSock: version 1.1 (2.2), MaxSocks=32767, MaxUdp=65467
LogOnline: OSS: TryLoadSubsystemAndSetDefault: Loaded subsystem for module [NULL]
PixWinPlugin: PIX capture plugin failed to initialize! Check that the process is launched from PIX.
LogOculusPluginWrapper: OculusPlugin initialized successfully
LogHMD: Failed initializing OVRPlugin 1.59.0
LogInit: Build: ++UE4+Release-4.27-CL-18319896
LogInit: Engine Version: 4.27.2-18319896+++UE4+Release-4.27
LogInit: Compatible Engine Version: 4.27.0-17155196+++UE4+Release-4.27
LogInit: Net CL: 17155196
LogInit: OS: Windows 10 (Release 2009) (), CPU: AMD Ryzen 5 3600 6-Core Processor              , GPU: NVIDIA GeForce RTX 3060
LogInit: Compiled (64-bit): Nov 30 2021 07:12:08
LogInit: Compiled with Visual C++: 19.24.28315.00
LogInit: Build Configuration: Development
LogInit: Branch Name: ++UE4+Release-4.27
LogInit: Command Line: 
LogInit: Base Directory: C:/Users/Shigu/OneDrive/デスクトップ/unrial/UE_4.27/Engine/Binaries/Win64/
LogInit: Allocator: TBB
LogInit: Installed Engine Build: 1
LogDevObjectVersion: Number of dev versions registered: 29
LogDevObjectVersion:   Dev-Blueprints (B0D832E4-1F89-4F0D-ACCF-7EB736FD4AA2): 10
LogDevObjectVersion:   Dev-Build (E1C64328-A22C-4D53-A36C-8E866417BD8C): 0
LogDevObjectVersion:   Dev-Core (375EC13C-06E4-48FB-B500-84F0262A717E): 4
LogDevObjectVersion:   Dev-Editor (E4B068ED-F494-42E9-A231-DA0B2E46BB41): 40
LogDevObjectVersion:   Dev-Framework (CFFC743F-43B0-4480-9391-14DF171D2073): 37
LogDevObjectVersion:   Dev-Mobile (B02B49B5-BB20-44E9-A304-32B752E40360): 3
LogDevObjectVersion:   Dev-Networking (A4E4105C-59A1-49B5-A7C5-40C4547EDFEE): 0
LogDevObjectVersion:   Dev-Online (39C831C9-5AE6-47DC-9A44-9C173E1C8E7C): 0
LogDevObjectVersion:   Dev-Physics (78F01B33-EBEA-4F98-B9B4-84EACCB95AA2): 14
LogDevObjectVersion:   Dev-Platform (6631380F-2D4D-43E0-8009-CF276956A95A): 0
LogDevObjectVersion:   Dev-Rendering (12F88B9F-8875-4AFC-A67C-D90C383ABD29): 45
LogDevObjectVersion:   Dev-Sequencer (7B5AE74C-D270-4C10-A958-57980B212A5A): 13
LogDevObjectVersion:   Dev-VR (D7296918-1DD6-4BDD-9DE2-64A83CC13884): 3
LogDevObjectVersion:   Dev-LoadTimes (C2A15278-BFE7-4AFE-6C17-90FF531DF755): 1
LogDevObjectVersion:   Private-Geometry (6EACA3D4-40EC-4CC1-B786-8BED09428FC5): 3
LogDevObjectVersion:   Dev-AnimPhys (29E575DD-E0A3-4627-9D10-D276232CDCEA): 17
LogDevObjectVersion:   Dev-Anim (AF43A65D-7FD3-4947-9873-3E8ED9C1BB05): 15
LogDevObjectVersion:   Dev-ReflectionCapture (6B266CEC-1EC7-4B8F-A30B-E4D90942FC07): 1
LogDevObjectVersion:   Dev-Automation (0DF73D61-A23F-47EA-B727-89E90C41499A): 1
LogDevObjectVersion:   FortniteMain (601D1886-AC64-4F84-AA16-D3DE0DEAC7D6): 47
LogDevObjectVersion:   FortniteRelease (E7086368-6B23-4C58-8439-1B7016265E91): 1
LogDevObjectVersion:   Dev-Enterprise (9DFFBCD6-494F-0158-E221-12823C92A888): 10
LogDevObjectVersion:   Dev-Niagara (F2AED0AC-9AFE-416F-8664-AA7FFA26D6FC): 1
LogDevObjectVersion:   Dev-Destruction (174F1F0B-B4C6-45A5-B13F-2EE8D0FB917D): 10
LogDevObjectVersion:   Dev-Physics-Ext (35F94A83-E258-406C-A318-09F59610247C): 41
LogDevObjectVersion:   Dev-PhysicsMaterial-Chaos (B68FC16E-8B1B-42E2-B453-215C058844FE): 1
LogDevObjectVersion:   Dev-CineCamera (B2E18506-4273-CFC2-A54E-F4BB758BBA07): 1
LogDevObjectVersion:   Dev-VirtualProduction (64F58936-FD1B-42BA-BA96-7289D5D0FA4E): 1
LogDevObjectVersion:   Dev-MediaFramework (6F0ED827-A609-4895-9C91-998D90180EA4): 2
LogInit: Presizing for max 25165824 objects, including 0 objects not considered by GC, pre-allocating 0 bytes for permanent pool.
LogConfig: Applying CVar settings from Section [/Script/Engine.StreamingSettings] File [C:/Users/Shigu/OneDrive/デスクトップ/unrial/kure-syageki/kure_yageki/Saved/Config/Windows/Engine.ini]
LogConfig: Setting CVar [[s.MinBulkDataSizeForAsyncLoading:131072]]
LogConfig: Setting CVar [[s.AsyncLoadingThreadEnabled:0]]
LogConfig: Setting CVar [[s.EventDrivenLoaderEnabled:1]]
LogConfig: Setting CVar [[s.WarnIfTimeLimitExceeded:0]]
LogConfig: Setting CVar [[s.TimeLimitExceededMultiplier:1.5]]
LogConfig: Setting CVar [[s.TimeLimitExceededMinTime:0.005]]
LogConfig: Setting CVar [[s.UseBackgroundLevelStreaming:1]]
LogConfig: Setting CVar [[s.PriorityAsyncLoadingExtraTime:15.0]]
LogConfig: Setting CVar [[s.LevelStreamingActorsUpdateTimeLimit:5.0]]
LogConfig: Setting CVar [[s.PriorityLevelStreamingActorsUpdateExtraTime:5.0]]
LogConfig: Setting CVar [[s.LevelStreamingComponentsRegistrationGranularity:10]]
LogConfig: Setting CVar [[s.UnregisterComponentsTimeLimit:1.0]]
LogConfig: Setting CVar [[s.LevelStreamingComponentsUnregistrationGranularity:5]]
LogConfig: Setting CVar [[s.FlushStreamingOnExit:1]]
LogInit: Object subsystem initialized
LogConfig: Setting CVar [[con.DebugEarlyDefault:1]]
LogConfig: Setting CVar [[r.setres:1280x720]]
[2021.12.21-09.26.03:073][  0]LogConfig: Setting CVar [[r.VSync:0]]
[2021.12.21-09.26.03:073][  0]LogConfig: Setting CVar [[r.RHICmdBypass:0]]
[2021.12.21-09.26.03:073][  0]LogConfig: Applying CVar settings from Section [/Script/Engine.RendererSettings] File [C:/Users/Shigu/OneDrive/デスクトップ/unrial/kure-syageki/kure_yageki/Saved/Config/Windows/Engine.ini]
[2021.12.21-09.26.03:073][  0]LogConfig: Setting CVar [[r.GPUCrashDebugging:0]]
[2021.12.21-09.26.03:073][  0]LogConfig: Applying CVar settings from Section [/Script/Engine.RendererOverrideSettings] File [C:/Users/Shigu/OneDrive/デスクトップ/unrial/kure-syageki/kure_yageki/Saved/Config/Windows/Engine.ini]
[2021.12.21-09.26.03:073][  0]LogConfig: Applying CVar settings from Section [/Script/Engine.StreamingSettings] File [C:/Users/Shigu/OneDrive/デスクトップ/unrial/kure-syageki/kure_yageki/Saved/Config/Windows/Engine.ini]
[2021.12.21-09.26.03:073][  0]LogConfig: Setting CVar [[s.MinBulkDataSizeForAsyncLoading:131072]]
[2021.12.21-09.26.03:073][  0]LogConfig: Setting CVar [[s.AsyncLoadingThreadEnabled:0]]
[2021.12.21-09.26.03:073][  0]LogConfig: Setting CVar [[s.EventDrivenLoaderEnabled:1]]
[2021.12.21-09.26.03:073][  0]LogConfig: Setting CVar [[s.WarnIfTimeLimitExceeded:0]]
[2021.12.21-09.26.03:073][  0]LogConfig: Setting CVar [[s.TimeLimitExceededMultiplier:1.5]]
[2021.12.21-09.26.03:073][  0]LogConfig: Setting CVar [[s.TimeLimitExceededMinTime:0.005]]
[2021.12.21-09.26.03:073][  0]LogConfig: Setting CVar [[s.UseBackgroundLevelStreaming:1]]
[2021.12.21-09.26.03:073][  0]LogConfig: Setting CVar [[s.PriorityAsyncLoadingExtraTime:15.0]]
[2021.12.21-09.26.03:073][  0]LogConfig: Setting CVar [[s.LevelStreamingActorsUpdateTimeLimit:5.0]]
[2021.12.21-09.26.03:073][  0]LogConfig: Setting CVar [[s.PriorityLevelStreamingActorsUpdateExtraTime:5.0]]
[2021.12.21-09.26.03:073][  0]LogConfig: Setting CVar [[s.LevelStreamingComponentsRegistrationGranularity:10]]
[2021.12.21-09.26.03:073][  0]LogConfig: Setting CVar [[s.UnregisterComponentsTimeLimit:1.0]]
[2021.12.21-09.26.03:073][  0]LogConfig: Setting CVar [[s.LevelStreamingComponentsUnregistrationGranularity:5]]
[2021.12.21-09.26.03:073][  0]LogConfig: Setting CVar [[s.FlushStreamingOnExit:1]]
[2021.12.21-09.26.03:073][  0]LogConfig: Applying CVar settings from Section [/Script/Engine.GarbageCollectionSettings] File [C:/Users/Shigu/OneDrive/デスクトップ/unrial/kure-syageki/kure_yageki/Saved/Config/Windows/Engine.ini]
[2021.12.21-09.26.03:073][  0]LogConfig: Setting CVar [[gc.MaxObjectsNotConsideredByGC:1]]
[2021.12.21-09.26.03:073][  0]LogConfig: Setting CVar [[gc.SizeOfPermanentObjectPool:0]]
[2021.12.21-09.26.03:073][  0]LogConfig: Setting CVar [[gc.FlushStreamingOnGC:0]]
[2021.12.21-09.26.03:073][  0]LogConfig: Setting CVar [[gc.NumRetriesBeforeForcingGC:10]]
[2021.12.21-09.26.03:073][  0]LogConfig: Setting CVar [[gc.AllowParallelGC:1]]
[2021.12.21-09.26.03:073][  0]LogConfig: Setting CVar [[gc.TimeBetweenPurgingPendingKillObjects:61.1]]
[2021.12.21-09.26.03:073][  0]LogConfig: Setting CVar [[gc.MaxObjectsInEditor:25165824]]
[2021.12.21-09.26.03:073][  0]LogConfig: Setting CVar [[gc.IncrementalBeginDestroyEnabled:1]]
[2021.12.21-09.26.03:073][  0]LogConfig: Setting CVar [[gc.CreateGCClusters:1]]
[2021.12.21-09.26.03:073][  0]LogConfig: Setting CVar [[gc.MinGCClusterSize:5]]
[2021.12.21-09.26.03:073][  0]LogConfig: Setting CVar [[gc.ActorClusteringEnabled:0]]
[2021.12.21-09.26.03:073][  0]LogConfig: Setting CVar [[gc.BlueprintClusteringEnabled:0]]
[2021.12.21-09.26.03:073][  0]LogConfig: Setting CVar [[gc.UseDisregardForGCOnDedicatedServers:0]]
[2021.12.21-09.26.03:073][  0]LogConfig: Setting CVar [[gc.MultithreadedDestructionEnabled:1]]
[2021.12.21-09.26.03:073][  0]LogConfig: Applying CVar settings from Section [/Script/Engine.NetworkSettings] File [C:/Users/Shigu/OneDrive/デスクトップ/unrial/kure-syageki/kure_yageki/Saved/Config/Windows/Engine.ini]
[2021.12.21-09.26.03:073][  0]LogConfig: Applying CVar settings from Section [/Script/UnrealEd.CookerSettings] File [C:/Users/Shigu/OneDrive/デスクトップ/unrial/kure-syageki/kure_yageki/Saved/Config/Windows/Engine.ini]
[2021.12.21-09.26.03:094][  0]LogConfig: Applying CVar settings from Section [ViewDistanceQuality@3] File [C:/Users/Shigu/OneDrive/デスクトップ/unrial/kure-syageki/kure_yageki/Saved/Config/Windows/Scalability.ini]
[2021.12.21-09.26.03:094][  0]LogConfig: Setting CVar [[r.SkeletalMeshLODBias:0]]
[2021.12.21-09.26.03:094][  0]LogConfig: Setting CVar [[r.ViewDistanceScale:1.0]]
[2021.12.21-09.26.03:094][  0]LogConfig: Applying CVar settings from Section [AntiAliasingQuality@3] File [C:/Users/Shigu/OneDrive/デスクトップ/unrial/kure-syageki/kure_yageki/Saved/Config/Windows/Scalability.ini]
[2021.12.21-09.26.03:094][  0]LogConfig: Setting CVar [[r.PostProcessAAQuality:4]]
[2021.12.21-09.26.03:094][  0]LogConfig: Applying CVar settings from Section [ShadowQuality@3] File [C:/Users/Shigu/OneDrive/デスクトップ/unrial/kure-syageki/kure_yageki/Saved/Config/Windows/Scalability.ini]
[2021.12.21-09.26.03:094][  0]LogConfig: Setting CVar [[r.LightFunctionQuality:1]]
[2021.12.21-09.26.03:094][  0]LogConfig: Setting CVar [[r.ShadowQuality:5]]
[2021.12.21-09.26.03:094][  0]LogConfig: Setting CVar [[r.Shadow.CSM.MaxCascades:10]]
[2021.12.21-09.26.03:094][  0]LogConfig: Setting CVar [[r.Shadow.MaxResolution:2048]]
[2021.12.21-09.26.03:094][  0]LogConfig: Setting CVar [[r.Shadow.MaxCSMResolution:2048]]
[2021.12.21-09.26.03:094][  0]LogConfig: Setting CVar [[r.Shadow.RadiusThreshold:0.01]]
[2021.12.21-09.26.03:094][  0]LogConfig: Setting CVar [[r.Shadow.DistanceScale:1.0]]
[2021.12.21-09.26.03:094][  0]LogConfig: Setting CVar [[r.Shadow.CSM.TransitionScale:1.0]]
[2021.12.21-09.26.03:094][  0]LogConfig: Setting CVar [[r.Shadow.PreShadowResolutionFactor:1.0]]
[2021.12.21-09.26.03:094][  0]LogConfig: Setting CVar [[r.DistanceFieldShadowing:1]]
[2021.12.21-09.26.03:095][  0]LogConfig: Setting CVar [[r.DistanceFieldAO:1]]
[2021.12.21-09.26.03:095][  0]LogConfig: Setting CVar [[r.AOQuality:2]]
[2021.12.21-09.26.03:095][  0]LogConfig: Setting CVar [[r.VolumetricFog:1]]
[2021.12.21-09.26.03:095][  0]LogConfig: Setting CVar [[r.VolumetricFog.GridPixelSize:8]]
[2021.12.21-09.26.03:095][  0]LogConfig: Setting CVar [[r.VolumetricFog.GridSizeZ:128]]
[2021.12.21-09.26.03:095][  0]LogConfig: Setting CVar [[r.VolumetricFog.HistoryMissSupersampleCount:4]]
[2021.12.21-09.26.03:095][  0]LogConfig: Setting CVar [[r.LightMaxDrawDistanceScale:1]]
[2021.12.21-09.26.03:095][  0]LogConfig: Setting CVar [[r.CapsuleShadows:1]]
[2021.12.21-09.26.03:095][  0]LogConfig: Applying CVar settings from Section [PostProcessQuality@3] File [C:/Users/Shigu/OneDrive/デスクトップ/unrial/kure-syageki/kure_yageki/Saved/Config/Windows/Scalability.ini]
[2021.12.21-09.26.03:095][  0]LogConfig: Setting CVar [[r.MotionBlurQuality:4]]
[2021.12.21-09.26.03:095][  0]LogConfig: Setting CVar [[r.AmbientOcclusionMipLevelFactor:0.4]]
[2021.12.21-09.26.03:095][  0]LogConfig: Setting CVar [[r.AmbientOcclusionMaxQuality:100]]
[2021.12.21-09.26.03:095][  0]LogConfig: Setting CVar [[r.AmbientOcclusionLevels:-1]]
[2021.12.21-09.26.03:095][  0]LogConfig: Setting CVar [[r.AmbientOcclusionRadiusScale:1.0]]
[2021.12.21-09.26.03:095][  0]LogConfig: Setting CVar [[r.DepthOfFieldQuality:2]]
[2021.12.21-09.26.03:095][  0]LogConfig: Setting CVar [[r.RenderTargetPoolMin:400]]
[2021.12.21-09.26.03:095][  0]LogConfig: Setting CVar [[r.LensFlareQuality:2]]
[2021.12.21-09.26.03:095][  0]LogConfig: Setting CVar [[r.SceneColorFringeQuality:1]]
[2021.12.21-09.26.03:095][  0]LogConfig: Setting CVar [[r.EyeAdaptationQuality:2]]
[2021.12.21-09.26.03:095][  0]LogConfig: Setting CVar [[r.BloomQuality:5]]
[2021.12.21-09.26.03:095][  0]LogConfig: Setting CVar [[r.FastBlurThreshold:100]]
[2021.12.21-09.26.03:095][  0]LogConfig: Setting CVar [[r.Upscale.Quality:3]]
[2021.12.21-09.26.03:095][  0]LogConfig: Setting CVar [[r.Tonemapper.GrainQuantization:1]]
[2021.12.21-09.26.03:095][  0]LogConfig: Setting CVar [[r.LightShaftQuality:1]]
[2021.12.21-09.26.03:095][  0]LogConfig: Setting CVar [[r.Filter.SizeScale:1]]
[2021.12.21-09.26.03:095][  0]LogConfig: Setting CVar [[r.Tonemapper.Quality:5]]
[2021.12.21-09.26.03:095][  0]LogConfig: Setting CVar [[r.DOF.Gather.AccumulatorQuality:1        ; higher gathering accumulator quality]]
[2021.12.21-09.26.03:095][  0]LogConfig: Setting CVar [[r.DOF.Gather.PostfilterMethod:1          ; Median3x3 postfilering method]]
[2021.12.21-09.26.03:095][  0]LogConfig: Setting CVar [[r.DOF.Gather.EnableBokehSettings:0       ; no bokeh simulation when gathering]]
[2021.12.21-09.26.03:095][  0]LogConfig: Setting CVar [[r.DOF.Gather.RingCount:4                 ; medium number of samples when gathering]]
[2021.12.21-09.26.03:095][  0]LogConfig: Setting CVar [[r.DOF.Scatter.ForegroundCompositing:1    ; additive foreground scattering]]
[2021.12.21-09.26.03:095][  0]LogConfig: Setting CVar [[r.DOF.Scatter.BackgroundCompositing:2    ; additive background scattering]]
[2021.12.21-09.26.03:095][  0]LogConfig: Setting CVar [[r.DOF.Scatter.EnableBokehSettings:1      ; bokeh simulation when scattering]]
[2021.12.21-09.26.03:095][  0]LogConfig: Setting CVar [[r.DOF.Scatter.MaxSpriteRatio:0.1         ; only a maximum of 10% of scattered bokeh]]
[2021.12.21-09.26.03:095][  0]LogConfig: Setting CVar [[r.DOF.Recombine.Quality:1                ; cheap slight out of focus]]
[2021.12.21-09.26.03:095][  0]LogConfig: Setting CVar [[r.DOF.Recombine.EnableBokehSettings:0    ; no bokeh simulation on slight out of focus]]
[2021.12.21-09.26.03:095][  0]LogConfig: Setting CVar [[r.DOF.TemporalAAQuality:1                ; more stable temporal accumulation]]
[2021.12.21-09.26.03:095][  0]LogConfig: Setting CVar [[r.DOF.Kernel.MaxForegroundRadius:0.025]]
[2021.12.21-09.26.03:095][  0]LogConfig: Setting CVar [[r.DOF.Kernel.MaxBackgroundRadius:0.025]]
[2021.12.21-09.26.03:095][  0]LogConfig: Applying CVar settings from Section [TextureQuality@3] File [C:/Users/Shigu/OneDrive/デスクトップ/unrial/kure-syageki/kure_yageki/Saved/Config/Windows/Scalability.ini]
[2021.12.21-09.26.03:095][  0]LogConfig: Setting CVar [[r.Streaming.MipBias:0]]
[2021.12.21-09.26.03:095][  0]LogConfig: Setting CVar [[r.Streaming.AmortizeCPUToGPUCopy:0]]
[2021.12.21-09.26.03:095][  0]LogConfig: Setting CVar [[r.Streaming.MaxNumTexturesToStreamPerFrame:0]]
[2021.12.21-09.26.03:095][  0]LogConfig: Setting CVar [[r.Streaming.Boost:1]]
[2021.12.21-09.26.03:095][  0]LogConfig: Setting CVar [[r.MaxAnisotropy:8]]
[2021.12.21-09.26.03:095][  0]LogConfig: Setting CVar [[r.VT.MaxAnisotropy:8]]
[2021.12.21-09.26.03:095][  0]LogConfig: Setting CVar [[r.Streaming.LimitPoolSizeToVRAM:0]]
[2021.12.21-09.26.03:095][  0]LogConfig: Setting CVar [[r.Streaming.PoolSize:1000]]
[2021.12.21-09.26.03:095][  0]LogConfig: Setting CVar [[r.Streaming.MaxEffectiveScreenSize:0]]
[2021.12.21-09.26.03:095][  0]LogConfig: Applying CVar settings from Section [EffectsQuality@3] File [C:/Users/Shigu/OneDrive/デスクトップ/unrial/kure-syageki/kure_yageki/Saved/Config/Windows/Scalability.ini]
[2021.12.21-09.26.03:095][  0]LogConfig: Setting CVar [[r.TranslucencyLightingVolumeDim:64]]
[2021.12.21-09.26.03:095][  0]LogConfig: Setting CVar [[r.RefractionQuality:2]]
[2021.12.21-09.26.03:095][  0]LogConfig: Setting CVar [[r.SSR.Quality:3]]
[2021.12.21-09.26.03:095][  0]LogConfig: Setting CVar [[r.SSR.HalfResSceneColor:0]]
[2021.12.21-09.26.03:095][  0]LogConfig: Setting CVar [[r.SceneColorFormat:4]]
[2021.12.21-09.26.03:095][  0]LogConfig: Setting CVar [[r.DetailMode:2]]
[2021.12.21-09.26.03:095][  0]LogConfig: Setting CVar [[r.TranslucencyVolumeBlur:1]]
[2021.12.21-09.26.03:095][  0]LogConfig: Setting CVar [[r.MaterialQualityLevel:1 ; High quality]]
[2021.12.21-09.26.03:095][  0]LogConfig: Setting CVar [[r.AnisotropicMaterials:1]]
[2021.12.21-09.26.03:095][  0]LogConfig: Setting CVar [[r.SSS.Scale:1]]
[2021.12.21-09.26.03:095][  0]LogConfig: Setting CVar [[r.SSS.SampleSet:2]]
[2021.12.21-09.26.03:095][  0]LogConfig: Setting CVar [[r.SSS.Quality:1]]
[2021.12.21-09.26.03:095][  0]LogConfig: Setting CVar [[r.SSS.HalfRes:0]]
[2021.12.21-09.26.03:095][  0]LogConfig: Setting CVar [[r.SSGI.Quality:3]]
[2021.12.21-09.26.03:095][  0]LogConfig: Setting CVar [[r.EmitterSpawnRateScale:1.0]]
[2021.12.21-09.26.03:095][  0]LogConfig: Setting CVar [[r.ParticleLightQuality:2]]
[2021.12.21-09.26.03:095][  0]LogConfig: Setting CVar [[r.SkyAtmosphere.AerialPerspectiveLUT.FastApplyOnOpaque:1 ; Always have FastSkyLUT 1 in this case to avoid wrong sky]]
[2021.12.21-09.26.03:095][  0]LogConfig: Setting CVar [[r.SkyAtmosphere.AerialPerspectiveLUT.SampleCountMaxPerSlice:4]]
[2021.12.21-09.26.03:095][  0]LogConfig: Setting CVar [[r.SkyAtmosphere.AerialPerspectiveLUT.DepthResolution:16.0]]
[2021.12.21-09.26.03:095][  0]LogConfig: Setting CVar [[r.SkyAtmosphere.FastSkyLUT:1]]
[2021.12.21-09.26.03:095][  0]LogConfig: Setting CVar [[r.SkyAtmosphere.FastSkyLUT.SampleCountMin:4.0]]
[2021.12.21-09.26.03:095][  0]LogConfig: Setting CVar [[r.SkyAtmosphere.FastSkyLUT.SampleCountMax:128.0]]
[2021.12.21-09.26.03:095][  0]LogConfig: Setting CVar [[r.SkyAtmosphere.SampleCountMin:4.0]]
[2021.12.21-09.26.03:095][  0]LogConfig: Setting CVar [[r.SkyAtmosphere.SampleCountMax:128.0]]
[2021.12.21-09.26.03:095][  0]LogConfig: Setting CVar [[r.SkyAtmosphere.TransmittanceLUT.UseSmallFormat:0]]
[2021.12.21-09.26.03:095][  0]LogConfig: Setting CVar [[r.SkyAtmosphere.TransmittanceLUT.SampleCount:10.0]]
[2021.12.21-09.26.03:095][  0]LogConfig: Setting CVar [[r.SkyAtmosphere.MultiScatteringLUT.SampleCount:15.0]]
[2021.12.21-09.26.03:095][  0]LogConfig: Setting CVar [[r.SkyLight.RealTimeReflectionCapture:1]]
[2021.12.21-09.26.03:095][  0]LogConfig: Applying CVar settings from Section [FoliageQuality@3] File [C:/Users/Shigu/OneDrive/デスクトップ/unrial/kure-syageki/kure_yageki/Saved/Config/Windows/Scalability.ini]
[2021.12.21-09.26.03:095][  0]LogConfig: Setting CVar [[foliage.DensityScale:1.0]]
[2021.12.21-09.26.03:095][  0]LogConfig: Setting CVar [[grass.DensityScale:1.0]]
[2021.12.21-09.26.03:095][  0]LogConfig: Applying CVar settings from Section [ShadingQuality@3] File [C:/Users/Shigu/OneDrive/デスクトップ/unrial/kure-syageki/kure_yageki/Saved/Config/Windows/Scalability.ini]
[2021.12.21-09.26.03:095][  0]LogConfig: Setting CVar [[r.HairStrands.SkyLighting.IntegrationType:2]]
[2021.12.21-09.26.03:095][  0]LogConfig: Setting CVar [[r.HairStrands.SkyAO.SampleCount:4]]
[2021.12.21-09.26.03:095][  0]LogConfig: Setting CVar [[r.HairStrands.Visibility.MSAA.SamplePerPixel:4]]
[2021.12.21-09.26.03:095][  0]LogInit: Selected Device Profile: [Windows]
[2021.12.21-09.26.03:095][  0]LogInit: Applying CVar settings loaded from the selected device profile: [Windows]
[2021.12.21-09.26.03:095][  0]LogHAL: Display: Platform has ~ 16 GB [17106665472 / 17179869184 / 16], which maps to Larger [LargestMinGB=32, LargerMinGB=12, DefaultMinGB=8, SmallerMinGB=6, SmallestMinGB=0)
[2021.12.21-09.26.03:095][  0]LogInit: Going up to parent DeviceProfile []
[2021.12.21-09.26.03:096][  0]LogConfig: Applying CVar settings from Section [ViewDistanceQuality@3] File [C:/Users/Shigu/OneDrive/デスクトップ/unrial/kure-syageki/kure_yageki/Saved/Config/Windows/Scalability.ini]
[2021.12.21-09.26.03:096][  0]LogConfig: Setting CVar [[r.SkeletalMeshLODBias:0]]
[2021.12.21-09.26.03:096][  0]LogConfig: Setting CVar [[r.ViewDistanceScale:1.0]]
[2021.12.21-09.26.03:096][  0]LogConfig: Applying CVar settings from Section [AntiAliasingQuality@3] File [C:/Users/Shigu/OneDrive/デスクトップ/unrial/kure-syageki/kure_yageki/Saved/Config/Windows/Scalability.ini]
[2021.12.21-09.26.03:096][  0]LogConfig: Setting CVar [[r.PostProcessAAQuality:4]]
[2021.12.21-09.26.03:096][  0]LogConfig: Applying CVar settings from Section [ShadowQuality@3] File [C:/Users/Shigu/OneDrive/デスクトップ/unrial/kure-syageki/kure_yageki/Saved/Config/Windows/Scalability.ini]
[2021.12.21-09.26.03:096][  0]LogConfig: Setting CVar [[r.LightFunctionQuality:1]]
[2021.12.21-09.26.03:096][  0]LogConfig: Setting CVar [[r.ShadowQuality:5]]
[2021.12.21-09.26.03:096][  0]LogConfig: Setting CVar [[r.Shadow.CSM.MaxCascades:10]]
[2021.12.21-09.26.03:096][  0]LogConfig: Setting CVar [[r.Shadow.MaxResolution:2048]]
[2021.12.21-09.26.03:096][  0]LogConfig: Setting CVar [[r.Shadow.MaxCSMResolution:2048]]
[2021.12.21-09.26.03:096][  0]LogConfig: Setting CVar [[r.Shadow.RadiusThreshold:0.01]]
[2021.12.21-09.26.03:096][  0]LogConfig: Setting CVar [[r.Shadow.DistanceScale:1.0]]
[2021.12.21-09.26.03:096][  0]LogConfig: Setting CVar [[r.Shadow.CSM.TransitionScale:1.0]]
[2021.12.21-09.26.03:096][  0]LogConfig: Setting CVar [[r.Shadow.PreShadowResolutionFactor:1.0]]
[2021.12.21-09.26.03:096][  0]LogConfig: Setting CVar [[r.DistanceFieldShadowing:1]]
[2021.12.21-09.26.03:096][  0]LogConfig: Setting CVar [[r.DistanceFieldAO:1]]
[2021.12.21-09.26.03:096][  0]LogConfig: Setting CVar [[r.AOQuality:2]]
[2021.12.21-09.26.03:096][  0]LogConfig: Setting CVar [[r.VolumetricFog:1]]
[2021.12.21-09.26.03:096][  0]LogConfig: Setting CVar [[r.VolumetricFog.GridPixelSize:8]]
[2021.12.21-09.26.03:096][  0]LogConfig: Setting CVar [[r.VolumetricFog.GridSizeZ:128]]
[2021.12.21-09.26.03:096][  0]LogConfig: Setting CVar [[r.VolumetricFog.HistoryMissSupersampleCount:4]]
[2021.12.21-09.26.03:096][  0]LogConfig: Setting CVar [[r.LightMaxDrawDistanceScale:1]]
[2021.12.21-09.26.03:096][  0]LogConfig: Setting CVar [[r.CapsuleShadows:1]]
[2021.12.21-09.26.03:096][  0]LogConfig: Applying CVar settings from Section [PostProcessQuality@3] File [C:/Users/Shigu/OneDrive/デスクトップ/unrial/kure-syageki/kure_yageki/Saved/Config/Windows/Scalability.ini]
[2021.12.21-09.26.03:096][  0]LogConfig: Setting CVar [[r.MotionBlurQuality:4]]
[2021.12.21-09.26.03:096][  0]LogConfig: Setting CVar [[r.AmbientOcclusionMipLevelFactor:0.4]]
[2021.12.21-09.26.03:096][  0]LogConfig: Setting CVar [[r.AmbientOcclusionMaxQuality:100]]
[2021.12.21-09.26.03:096][  0]LogConfig: Setting CVar [[r.AmbientOcclusionLevels:-1]]
[2021.12.21-09.26.03:096][  0]LogConfig: Setting CVar [[r.AmbientOcclusionRadiusScale:1.0]]
[2021.12.21-09.26.03:096][  0]LogConfig: Setting CVar [[r.DepthOfFieldQuality:2]]
[2021.12.21-09.26.03:096][  0]LogConfig: Setting CVar [[r.RenderTargetPoolMin:400]]
[2021.12.21-09.26.03:096][  0]LogConfig: Setting CVar [[r.LensFlareQuality:2]]
[2021.12.21-09.26.03:096][  0]LogConfig: Setting CVar [[r.SceneColorFringeQuality:1]]
[2021.12.21-09.26.03:096][  0]LogConfig: Setting CVar [[r.EyeAdaptationQuality:2]]
[2021.12.21-09.26.03:096][  0]LogConfig: Setting CVar [[r.BloomQuality:5]]
[2021.12.21-09.26.03:096][  0]LogConfig: Setting CVar [[r.FastBlurThreshold:100]]
[2021.12.21-09.26.03:096][  0]LogConfig: Setting CVar [[r.Upscale.Quality:3]]
[2021.12.21-09.26.03:096][  0]LogConfig: Setting CVar [[r.Tonemapper.GrainQuantization:1]]
[2021.12.21-09.26.03:096][  0]LogConfig: Setting CVar [[r.LightShaftQuality:1]]
[2021.12.21-09.26.03:096][  0]LogConfig: Setting CVar [[r.Filter.SizeScale:1]]
[2021.12.21-09.26.03:096][  0]LogConfig: Setting CVar [[r.Tonemapper.Quality:5]]
[2021.12.21-09.26.03:096][  0]LogConfig: Setting CVar [[r.DOF.Gather.AccumulatorQuality:1        ; higher gathering accumulator quality]]
[2021.12.21-09.26.03:096][  0]LogConfig: Setting CVar [[r.DOF.Gather.PostfilterMethod:1          ; Median3x3 postfilering method]]
[2021.12.21-09.26.03:096][  0]LogConfig: Setting CVar [[r.DOF.Gather.EnableBokehSettings:0       ; no bokeh simulation when gathering]]
[2021.12.21-09.26.03:096][  0]LogConfig: Setting CVar [[r.DOF.Gather.RingCount:4                 ; medium number of samples when gathering]]
[2021.12.21-09.26.03:096][  0]LogConfig: Setting CVar [[r.DOF.Scatter.ForegroundCompositing:1    ; additive foreground scattering]]
[2021.12.21-09.26.03:096][  0]LogConfig: Setting CVar [[r.DOF.Scatter.BackgroundCompositing:2    ; additive background scattering]]
[2021.12.21-09.26.03:096][  0]LogConfig: Setting CVar [[r.DOF.Scatter.EnableBokehSettings:1      ; bokeh simulation when scattering]]
[2021.12.21-09.26.03:096][  0]LogConfig: Setting CVar [[r.DOF.Scatter.MaxSpriteRatio:0.1         ; only a maximum of 10% of scattered bokeh]]
[2021.12.21-09.26.03:096][  0]LogConfig: Setting CVar [[r.DOF.Recombine.Quality:1                ; cheap slight out of focus]]
[2021.12.21-09.26.03:096][  0]LogConfig: Setting CVar [[r.DOF.Recombine.EnableBokehSettings:0    ; no bokeh simulation on slight out of focus]]
[2021.12.21-09.26.03:096][  0]LogConfig: Setting CVar [[r.DOF.TemporalAAQuality:1                ; more stable temporal accumulation]]
[2021.12.21-09.26.03:096][  0]LogConfig: Setting CVar [[r.DOF.Kernel.MaxForegroundRadius:0.025]]
[2021.12.21-09.26.03:096][  0]LogConfig: Setting CVar [[r.DOF.Kernel.MaxBackgroundRadius:0.025]]
[2021.12.21-09.26.03:096][  0]LogConfig: Applying CVar settings from Section [TextureQuality@3] File [C:/Users/Shigu/OneDrive/デスクトップ/unrial/kure-syageki/kure_yageki/Saved/Config/Windows/Scalability.ini]
[2021.12.21-09.26.03:096][  0]LogConfig: Setting CVar [[r.Streaming.MipBias:0]]
[2021.12.21-09.26.03:096][  0]LogConfig: Setting CVar [[r.Streaming.AmortizeCPUToGPUCopy:0]]
[2021.12.21-09.26.03:096][  0]LogConfig: Setting CVar [[r.Streaming.MaxNumTexturesToStreamPerFrame:0]]
[2021.12.21-09.26.03:096][  0]LogConfig: Setting CVar [[r.Streaming.Boost:1]]
[2021.12.21-09.26.03:096][  0]LogConfig: Setting CVar [[r.MaxAnisotropy:8]]
[2021.12.21-09.26.03:096][  0]LogConfig: Setting CVar [[r.VT.MaxAnisotropy:8]]
[2021.12.21-09.26.03:096][  0]LogConfig: Setting CVar [[r.Streaming.LimitPoolSizeToVRAM:0]]
[2021.12.21-09.26.03:096][  0]LogConfig: Setting CVar [[r.Streaming.PoolSize:1000]]
[2021.12.21-09.26.03:096][  0]LogConfig: Setting CVar [[r.Streaming.MaxEffectiveScreenSize:0]]
[2021.12.21-09.26.03:096][  0]LogConfig: Applying CVar settings from Section [EffectsQuality@3] File [C:/Users/Shigu/OneDrive/デスクトップ/unrial/kure-syageki/kure_yageki/Saved/Config/Windows/Scalability.ini]
[2021.12.21-09.26.03:096][  0]LogConfig: Setting CVar [[r.TranslucencyLightingVolumeDim:64]]
[2021.12.21-09.26.03:096][  0]LogConfig: Setting CVar [[r.RefractionQuality:2]]
[2021.12.21-09.26.03:096][  0]LogConfig: Setting CVar [[r.SSR.Quality:3]]
[2021.12.21-09.26.03:096][  0]LogConfig: Setting CVar [[r.SSR.HalfResSceneColor:0]]
[2021.12.21-09.26.03:096][  0]LogConfig: Setting CVar [[r.SceneColorFormat:4]]
[2021.12.21-09.26.03:096][  0]LogConfig: Setting CVar [[r.DetailMode:2]]
[2021.12.21-09.26.03:096][  0]LogConfig: Setting CVar [[r.TranslucencyVolumeBlur:1]]
[2021.12.21-09.26.03:096][  0]LogConfig: Setting CVar [[r.MaterialQualityLevel:1 ; High quality]]
[2021.12.21-09.26.03:096][  0]LogConfig: Setting CVar [[r.AnisotropicMaterials:1]]
[2021.12.21-09.26.03:096][  0]LogConfig: Setting CVar [[r.SSS.Scale:1]]
[2021.12.21-09.26.03:096][  0]LogConfig: Setting CVar [[r.SSS.SampleSet:2]]
[2021.12.21-09.26.03:096][  0]LogConfig: Setting CVar [[r.SSS.Quality:1]]
[2021.12.21-09.26.03:096][  0]LogConfig: Setting CVar [[r.SSS.HalfRes:0]]
[2021.12.21-09.26.03:096][  0]LogConfig: Setting CVar [[r.SSGI.Quality:3]]
[2021.12.21-09.26.03:096][  0]LogConfig: Setting CVar [[r.EmitterSpawnRateScale:1.0]]
[2021.12.21-09.26.03:096][  0]LogConfig: Setting CVar [[r.ParticleLightQuality:2]]
[2021.12.21-09.26.03:096][  0]LogConfig: Setting CVar [[r.SkyAtmosphere.AerialPerspectiveLUT.FastApplyOnOpaque:1 ; Always have FastSkyLUT 1 in this case to avoid wrong sky]]
[2021.12.21-09.26.03:096][  0]LogConfig: Setting CVar [[r.SkyAtmosphere.AerialPerspectiveLUT.SampleCountMaxPerSlice:4]]
[2021.12.21-09.26.03:096][  0]LogConfig: Setting CVar [[r.SkyAtmosphere.AerialPerspectiveLUT.DepthResolution:16.0]]
[2021.12.21-09.26.03:096][  0]LogConfig: Setting CVar [[r.SkyAtmosphere.FastSkyLUT:1]]
[2021.12.21-09.26.03:096][  0]LogConfig: Setting CVar [[r.SkyAtmosphere.FastSkyLUT.SampleCountMin:4.0]]
[2021.12.21-09.26.03:096][  0]LogConfig: Setting CVar [[r.SkyAtmosphere.FastSkyLUT.SampleCountMax:128.0]]
[2021.12.21-09.26.03:096][  0]LogConfig: Setting CVar [[r.SkyAtmosphere.SampleCountMin:4.0]]
[2021.12.21-09.26.03:096][  0]LogConfig: Setting CVar [[r.SkyAtmosphere.SampleCountMax:128.0]]
[2021.12.21-09.26.03:096][  0]LogConfig: Setting CVar [[r.SkyAtmosphere.TransmittanceLUT.UseSmallFormat:0]]
[2021.12.21-09.26.03:096][  0]LogConfig: Setting CVar [[r.SkyAtmosphere.TransmittanceLUT.SampleCount:10.0]]
[2021.12.21-09.26.03:096][  0]LogConfig: Setting CVar [[r.SkyAtmosphere.MultiScatteringLUT.SampleCount:15.0]]
[2021.12.21-09.26.03:096][  0]LogConfig: Setting CVar [[r.SkyLight.RealTimeReflectionCapture:1]]
[2021.12.21-09.26.03:096][  0]LogConfig: Applying CVar settings from Section [FoliageQuality@3] File [C:/Users/Shigu/OneDrive/デスクトップ/unrial/kure-syageki/kure_yageki/Saved/Config/Windows/Scalability.ini]
[2021.12.21-09.26.03:096][  0]LogConfig: Setting CVar [[foliage.DensityScale:1.0]]
[2021.12.21-09.26.03:096][  0]LogConfig: Setting CVar [[grass.DensityScale:1.0]]
[2021.12.21-09.26.03:096][  0]LogConfig: Applying CVar settings from Section [ShadingQuality@3] File [C:/Users/Shigu/OneDrive/デスクトップ/unrial/kure-syageki/kure_yageki/Saved/Config/Windows/Scalability.ini]
[2021.12.21-09.26.03:097][  0]LogConfig: Setting CVar [[r.HairStrands.SkyLighting.IntegrationType:2]]
[2021.12.21-09.26.03:097][  0]LogConfig: Setting CVar [[r.HairStrands.SkyAO.SampleCount:4]]
[2021.12.21-09.26.03:097][  0]LogConfig: Setting CVar [[r.HairStrands.Visibility.MSAA.SamplePerPixel:4]]
[2021.12.21-09.26.03:097][  0]LogConfig: Applying CVar settings from Section [Startup] File [../../../Engine/Config/ConsoleVariables.ini]
[2021.12.21-09.26.03:097][  0]LogConfig: Setting CVar [[net.UseAdaptiveNetUpdateFrequency:0]]
[2021.12.21-09.26.03:097][  0]LogConfig: Setting CVar [[p.chaos.AllowCreatePhysxBodies:1]]
[2021.12.21-09.26.03:097][  0]LogConfig: Setting CVar [[fx.SkipVectorVMBackendOptimizations:1]]
[2021.12.21-09.26.03:097][  0]LogConfig: Applying CVar settings from Section [ConsoleVariables] File [C:/Users/Shigu/OneDrive/デスクトップ/unrial/kure-syageki/kure_yageki/Saved/Config/Windows/Engine.ini]
[2021.12.21-09.26.03:097][  0]LogConfig: Applying CVar settings from Section [ConsoleVariables] File [C:/Users/Shigu/OneDrive/デスクトップ/unrial/kure-syageki/kure_yageki/Saved/Config/Windows/Editor.ini]
[2021.12.21-09.26.03:097][  0]LogInit: Computer: DESKTOP-QSLVALO
[2021.12.21-09.26.03:097][  0]LogInit: User: Shigu
[2021.12.21-09.26.03:097][  0]LogInit: CPU Page size=4096, Cores=6
[2021.12.21-09.26.03:097][  0]LogInit: High frequency timer resolution =10.000000 MHz
[2021.12.21-09.26.03:097][  0]LogMemory: Memory total: Physical=15.9GB (16GB approx)
[2021.12.21-09.26.03:097][  0]LogMemory: Platform Memory Stats for Windows
[2021.12.21-09.26.03:097][  0]LogMemory: Process Physical Memory: 146.45 MB used, 146.45 MB peak
[2021.12.21-09.26.03:097][  0]LogMemory: Process Virtual Memory: 131.88 MB used, 131.88 MB peak
[2021.12.21-09.26.03:097][  0]LogMemory: Physical Memory: 9277.00 MB used,  7037.19 MB free, 16314.19 MB total
[2021.12.21-09.26.03:097][  0]LogMemory: Virtual Memory: 134207448.00 MB used,  10276.70 MB free, 134217728.00 MB total
[2021.12.21-09.26.03:105][  0]LogWindows: WindowsPlatformFeatures enabled
[2021.12.21-09.26.03:147][  0]LogInit: Physics initialised using underlying interface: PhysX
[2021.12.21-09.26.03:147][  0]LogInit: Using OS detected language (ja-JP).
[2021.12.21-09.26.03:147][  0]LogInit: Using OS detected locale (ja-JP).
[2021.12.21-09.26.03:152][  0]LogTextLocalizationManager: No specific localization for 'ja-JP' exists, so the 'ja' localization will be used.
[2021.12.21-09.26.03:247][  0]LogInit: Setting process to per monitor DPI aware
[2021.12.21-09.26.03:261][  0]LogWindowsTextInputMethodSystem: Display: IME system deactivated.
[2021.12.21-09.26.03:276][  0]LogSlate: New Slate User Created.  User Index 0, Is Virtual User: 0
[2021.12.21-09.26.03:276][  0]LogSlate: Slate User Registered.  User Index 0, Is Virtual User: 0
[2021.12.21-09.26.03:419][  0]LogD3D11RHI: Loaded GFSDK_Aftermath_Lib.x64.dll
[2021.12.21-09.26.03:422][  0]LogHMD: Failed to initialize OpenVR with code 110
[2021.12.21-09.26.03:422][  0]LogD3D11RHI: D3D11 min allowed feature level: 11_0
[2021.12.21-09.26.03:422][  0]LogD3D11RHI: D3D11 max allowed feature level: 11_0
[2021.12.21-09.26.03:422][  0]LogD3D11RHI: D3D11 adapters:
[2021.12.21-09.26.03:527][  0]LogD3D11RHI:    0. 'NVIDIA GeForce RTX 3060' (Feature Level 11_0)
[2021.12.21-09.26.03:527][  0]LogD3D11RHI:       12143/0/8157 MB DedicatedVideo/DedicatedSystem/SharedSystem, Outputs:2, VendorId:0x10de
[2021.12.21-09.26.03:529][  0]LogD3D11RHI:    1. 'Microsoft Basic Render Driver' (Feature Level 11_0)
[2021.12.21-09.26.03:529][  0]LogD3D11RHI:       0/0/8157 MB DedicatedVideo/DedicatedSystem/SharedSystem, Outputs:0, VendorId:0x1414
[2021.12.21-09.26.03:529][  0]LogD3D11RHI: Chosen D3D11 Adapter:
[2021.12.21-09.26.03:529][  0]LogD3D11RHI:     Description : NVIDIA GeForce RTX 3060
[2021.12.21-09.26.03:529][  0]LogD3D11RHI:     VendorId    : 10de
[2021.12.21-09.26.03:529][  0]LogD3D11RHI:     DeviceId    : 2503
[2021.12.21-09.26.03:529][  0]LogD3D11RHI:     SubSysId    : 250310de
[2021.12.21-09.26.03:529][  0]LogD3D11RHI:     Revision    : 00a1
[2021.12.21-09.26.03:529][  0]LogD3D11RHI:     DedicatedVideoMemory : 12732858368 bytes
[2021.12.21-09.26.03:529][  0]LogD3D11RHI:     DedicatedSystemMemory : 0 bytes
[2021.12.21-09.26.03:529][  0]LogD3D11RHI:     SharedSystemMemory : 8553332736 bytes
[2021.12.21-09.26.03:529][  0]LogD3D11RHI:     AdapterLuid : 0 51977
[2021.12.21-09.26.03:536][  0]LogD3D11RHI: Creating new Direct3DDevice
[2021.12.21-09.26.03:536][  0]LogD3D11RHI:     GPU DeviceId: 0x2503 (for the marketing name, search the web for "GPU Device Id")
[2021.12.21-09.26.03:537][  0]LogWindows: EnumDisplayDevices:
[2021.12.21-09.26.03:537][  0]LogWindows:    0. 'NVIDIA GeForce RTX 3060' (P:0 D:1)
[2021.12.21-09.26.03:537][  0]LogWindows:    1. 'NVIDIA GeForce RTX 3060' (P:1 D:1)
[2021.12.21-09.26.03:537][  0]LogWindows:    2. 'NVIDIA GeForce RTX 3060' (P:0 D:0)
[2021.12.21-09.26.03:538][  0]LogWindows:    3. 'NVIDIA GeForce RTX 3060' (P:0 D:0)
[2021.12.21-09.26.03:538][  0]LogWindows: DebugString: FoundDriverCount:4 
[2021.12.21-09.26.03:538][  0]LogD3D11RHI:     Adapter Name: NVIDIA GeForce RTX 3060
[2021.12.21-09.26.03:538][  0]LogD3D11RHI:   Driver Version: 461.72 (internal:27.21.14.6172, unified:461.72)
[2021.12.21-09.26.03:538][  0]LogD3D11RHI:      Driver Date: 2-23-2021
[2021.12.21-09.26.03:538][  0]LogRHI: Texture pool is 8500 MB (70% of 12143 MB)
[2021.12.21-09.26.03:538][  0]LogD3D11RHI: Creating D3DDevice using adapter:
[2021.12.21-09.26.03:538][  0]LogD3D11RHI:     Description : NVIDIA GeForce RTX 3060
[2021.12.21-09.26.03:538][  0]LogD3D11RHI:     VendorId    : 10de
[2021.12.21-09.26.03:538][  0]LogD3D11RHI:     DeviceId    : 2503
[2021.12.21-09.26.03:538][  0]LogD3D11RHI:     SubSysId    : 250310de
[2021.12.21-09.26.03:538][  0]LogD3D11RHI:     Revision    : 00a1
[2021.12.21-09.26.03:538][  0]LogD3D11RHI:     DedicatedVideoMemory : 12732858368 bytes
[2021.12.21-09.26.03:538][  0]LogD3D11RHI:     DedicatedSystemMemory : 0 bytes
[2021.12.21-09.26.03:538][  0]LogD3D11RHI:     SharedSystemMemory : 8553332736 bytes
[2021.12.21-09.26.03:538][  0]LogD3D11RHI:     AdapterLuid : 0 51977
[2021.12.21-09.26.03:627][  0]LogD3D11RHI: RHI has support for 64 bit atomics
[2021.12.21-09.26.03:627][  0]LogD3D11RHI: Async texture creation enabled
[2021.12.21-09.26.03:627][  0]LogD3D11RHI: Array index from any shader is supported
[2021.12.21-09.26.03:648][  0]LogD3D11RHI: GPU Timing Frequency: 1000.000000 (Debug: 2 1)
[2021.12.21-09.26.03:680][  0]LogRHI: GeForceNow SDK initialized: 1
[2021.12.21-09.26.03:973][  0]LogTargetPlatformManager: Display: Loaded TargetPlatform 'AllDesktop'
[2021.12.21-09.26.03:994][  0]LogTargetPlatformManager: Display: Loaded TargetPlatform 'Android'
[2021.12.21-09.26.03:994][  0]LogTargetPlatformManager: Display: Loaded TargetPlatform 'Android_ASTC'
[2021.12.21-09.26.03:994][  0]LogTargetPlatformManager: Display: Loaded TargetPlatform 'Android_DXT'
[2021.12.21-09.26.03:994][  0]LogTargetPlatformManager: Display: Loaded TargetPlatform 'Android_ETC2'
[2021.12.21-09.26.03:994][  0]LogTargetPlatformManager: Display: Loaded TargetPlatform 'AndroidClient'
[2021.12.21-09.26.03:994][  0]LogTargetPlatformManager: Display: Loaded TargetPlatform 'Android_ASTCClient'
[2021.12.21-09.26.03:994][  0]LogTargetPlatformManager: Display: Loaded TargetPlatform 'Android_DXTClient'
[2021.12.21-09.26.03:994][  0]LogTargetPlatformManager: Display: Loaded TargetPlatform 'Android_ETC2Client'
[2021.12.21-09.26.03:994][  0]LogTargetPlatformManager: Display: Loaded TargetPlatform 'Android_Multi'
[2021.12.21-09.26.03:994][  0]LogTargetPlatformManager: Display: Loaded TargetPlatform 'Android_MultiClient'
[2021.12.21-09.26.04:013][  0]LogTargetPlatformManager: Display: Loaded TargetPlatform 'IOSClient'
[2021.12.21-09.26.04:013][  0]LogTargetPlatformManager: Display: Loaded TargetPlatform 'IOS'
[2021.12.21-09.26.04:023][  0]LogTargetPlatformManager: Display: Loaded TargetPlatform 'Linux'
[2021.12.21-09.26.04:028][  0]LogTargetPlatformManager: Display: Loaded TargetPlatform 'LinuxNoEditor'
[2021.12.21-09.26.04:034][  0]LogTargetPlatformManager: Display: Loaded TargetPlatform 'LinuxClient'
[2021.12.21-09.26.04:038][  0]LogTargetPlatformManager: Display: Loaded TargetPlatform 'LinuxServer'
[2021.12.21-09.26.04:047][  0]LogTargetPlatformManager: Display: Loaded TargetPlatform 'LinuxAArch64NoEditor'
[2021.12.21-09.26.04:052][  0]LogTargetPlatformManager: Display: Loaded TargetPlatform 'LinuxAArch64Client'
[2021.12.21-09.26.04:056][  0]LogTargetPlatformManager: Display: Loaded TargetPlatform 'LinuxAArch64Server'
[2021.12.21-09.26.04:082][  0]LogTargetPlatformManager: Display: Loaded TargetPlatform 'Lumin'
[2021.12.21-09.26.04:082][  0]LogTargetPlatformManager: Display: Loaded TargetPlatform 'LuminClient'
[2021.12.21-09.26.04:091][  0]LogTargetPlatformManager: Display: Loaded TargetPlatform 'MacNoEditor'
[2021.12.21-09.26.04:095][  0]LogTargetPlatformManager: Display: Loaded TargetPlatform 'Mac'
[2021.12.21-09.26.04:100][  0]LogTargetPlatformManager: Display: Loaded TargetPlatform 'MacClient'
[2021.12.21-09.26.04:105][  0]LogTargetPlatformManager: Display: Loaded TargetPlatform 'MacServer'
[2021.12.21-09.26.04:114][  0]LogTargetPlatformManager: Display: Loaded TargetPlatform 'TVOSClient'
[2021.12.21-09.26.04:114][  0]LogTargetPlatformManager: Display: Loaded TargetPlatform 'TVOS'
[2021.12.21-09.26.04:123][  0]LogTargetPlatformManager: Display: Loaded TargetPlatform 'WindowsNoEditor'
[2021.12.21-09.26.04:128][  0]LogTargetPlatformManager: Display: Loaded TargetPlatform 'Windows'
[2021.12.21-09.26.04:134][  0]LogTargetPlatformManager: Display: Loaded TargetPlatform 'WindowsClient'
[2021.12.21-09.26.04:139][  0]LogTargetPlatformManager: Display: Loaded TargetPlatform 'WindowsServer'
[2021.12.21-09.26.04:139][  0]LogTargetPlatformManager: Display: Building Assets For Windows
[2021.12.21-09.26.04:148][  0]LogAudioDebug: Display: Lib vorbis DLL was dynamically loaded.
[2021.12.21-09.26.04:182][  0]LogTextureFormatOodle: Display: Oodle Texture 2.9.0 init RDO Off
[2021.12.21-09.26.04:212][  0]LogRendererCore: Ray tracing is disabled. Reason: r.RayTracing=0.
[2021.12.21-09.26.04:212][  0]LogShaderCompilers: Guid format shader working directory is 9 characters bigger than the processId version (../../../../kure-syageki/kure_yageki/Intermediate/Shaders/WorkingDirectory/21768/).
[2021.12.21-09.26.04:212][  0]LogShaderCompilers: Cleaned the shader compiler working directory 'C:/Users/Shigu/AppData/Local/Temp/UnrealShaderWorkingDir/3CB6D1CA419DA0B5C9C1BBAF73178D55/'.
[2021.12.21-09.26.04:212][  0]LogXGEController: Cannot use XGE Controller as Incredibuild is not installed on this machine.
[2021.12.21-09.26.04:212][  0]LogShaderCompilers: Cannot use XGE Shader Compiler as Incredibuild is not installed on this machine.
[2021.12.21-09.26.04:212][  0]LogShaderCompilers: Display: Using Local Shader Compiler.
[2021.12.21-09.26.04:867][  0]LogDerivedDataCache: Display: Max Cache Size: 512 MB
[2021.12.21-09.26.04:914][  0]LogDerivedDataCache: Loaded boot cache 0.05s 94MB C:/Users/Shigu/AppData/Local/UnrealEngine/4.27/DerivedDataCache/Boot.ddc.
[2021.12.21-09.26.04:914][  0]LogDerivedDataCache: Display: Loaded Boot cache: C:/Users/Shigu/AppData/Local/UnrealEngine/4.27/DerivedDataCache/Boot.ddc
[2021.12.21-09.26.04:914][  0]LogDerivedDataCache: FDerivedDataBackendGraph:  Pak pak cache file ../../../../kure-syageki/kure_yageki/DerivedDataCache/DDC.ddp not found, will not use a pak cache.
[2021.12.21-09.26.04:914][  0]LogDerivedDataCache: Unable to find inner node Pak for hierarchical cache Hierarchy.
[2021.12.21-09.26.04:914][  0]LogDerivedDataCache: FDerivedDataBackendGraph:  CompressedPak pak cache file ../../../../kure-syageki/kure_yageki/DerivedDataCache/Compressed.ddp not found, will not use a pak cache.
[2021.12.21-09.26.04:914][  0]LogDerivedDataCache: Unable to find inner node CompressedPak for hierarchical cache Hierarchy.
[2021.12.21-09.26.04:931][  0]LogDerivedDataCache: Display: Pak cache opened for reading ../../../Engine/DerivedDataCache/Compressed.ddp.
[2021.12.21-09.26.04:931][  0]LogDerivedDataCache: FDerivedDataBackendGraph:  EnterprisePak pak cache file ../../../Enterprise/DerivedDataCache/Compressed.ddp not found, will not use a pak cache.
[2021.12.21-09.26.04:931][  0]LogDerivedDataCache: Unable to find inner node EnterprisePak for hierarchical cache Hierarchy.
[2021.12.21-09.26.04:945][  0]LogDerivedDataCache: Speed tests for C:/Users/Shigu/AppData/Local/UnrealEngine/Common/DerivedDataCache took 0.01 seconds
[2021.12.21-09.26.04:945][  0]LogDerivedDataCache: Display: Performance to C:/Users/Shigu/AppData/Local/UnrealEngine/Common/DerivedDataCache: Latency=0.03ms. RandomReadSpeed=1159.79MBs, RandomWriteSpeed=75.47MBs. Assigned SpeedClass 'Local'
[2021.12.21-09.26.04:945][  0]LogDerivedDataCache: Using Local data cache path C:/Users/Shigu/AppData/Local/UnrealEngine/Common/DerivedDataCache: Writable
[2021.12.21-09.26.04:946][  0]LogDerivedDataCache: Shared data cache path not found in *engine.ini, will not use an Shared cache.
[2021.12.21-09.26.04:946][  0]LogDerivedDataCache: Unable to find inner node Shared for hierarchical cache Hierarchy.
[2021.12.21-09.26.04:990][  0]LogSlate: Using FreeType 2.10.0
[2021.12.21-09.26.04:990][  0]LogSlate: SlateFontServices - WITH_FREETYPE: 1, WITH_HARFBUZZ: 1
[2021.12.21-09.26.05:012][  0]LogAssetRegistry: FAssetRegistry took 0.0027 seconds to start up
[2021.12.21-09.26.05:227][  0]LogInit: Selected Device Profile: [Windows]
[2021.12.21-09.26.05:227][  0]LogInit: Active device profile: [0000020DECBC4F00][0000020DE9BD40C0 49] Windows
[2021.12.21-09.26.05:227][  0]LogInit: Profiles: [0000020DECBC4F00][0000020DE9BD40C0 49] Windows, [0000020DECB96A00][0000020DEB106240 49] WindowsNoEditor, [0000020DECBC5F00][0000020DDF0D43C0 49] WindowsServer, [0000020DECB95B00][0000020DDF0E4540 49] WindowsClient, [0000020DECBC5200][0000020DEC54A680 49] IOS, [0000020DECB95800][0000020DDEECE7C0 49] iPadAir, [0000020DECBC7300][0000020DEC95C900 49] iPadAir2, [0000020DECB39300][0000020DEC3D0BC0 49] IPadPro, [0000020DECB39400][0000020DE2C58C00 49] iPadAir3, [0000020DECB94B00][0000020DEC3DED80 49] iPadAir4, [0000020DECB3A100][0000020DEC3E2F00 49] iPadMini2, [0000020DECB97A00][0000020DEC3E7080 49] iPadMini3, [0000020DECB3AC00][0000020DEC3EB200 49] iPadMini4, [0000020DECB96C00][0000020DEC3EF380 49] iPadMini5, [0000020DECB6CE00][0000020DE2C79640 49] iPhone6, [0000020DECB6CF00][0000020DE2C75680 49] iPodTouch6, [0000020DECBC7700][0000020DE2C95940 49] iPhone7, [0000020DECBC6800][0000020DE2C7D980 49] iPodTouch7, [0000020DECB39100][0000020DE2CD9B00 49] iPhone5S, [0000020DECBC5100][0000020DE2CDC100 49] iPhone6Plus, [0000020DECB3AA00][0000020DEDE10280 49] iPhone6S, [0000020DECBC5A00][0000020DEDE14400 49] iPhone6SPlus, [0000020DECB6C100][0000020DEDE56580 49] iPhone7Plus, [0000020DECB39D00][0000020DDEE44700 49] iPhoneSE, [0000020DECB6CC00][0000020DE2C54840 49] iPhone8, [0000020DECB38400][0000020DDEE48980 49] iPhone8Plus, [0000020DECB6EA00][0000020DDEE4CAC0 49] iPhoneX, [0000020DECB3BC00][0000020DEC90CC40 49] iPhoneXS, [0000020DECB6E900][0000020DEC910DC0 49] iPhoneXSMax, [0000020DECB38B00][0000020DEC914F40 49] iPhoneXR, [0000020DECBC7800][0000020DEDE190C0 49] iPhone11, [0000020DECB3BD00][0000020DDEE41240 49] iPhone11Pro, [0000020DECBC5B00][0000020DEC9193C0 49] iPhone11ProMax, [0000020DECB39500][0000020DEC91D540 49] iPhoneSE2, [0000020DECBC5E00][0000020DEB10B6C0 49] iPhone12Mini, [0000020DECB3B100][0000020DDF467840 49] iPhone12, [0000020DECBC7400][0000020DE9BD19C0 49] iPhone12Pro, [0000020DECB38D00][0000020DE2CD5B40 49] iPhone12ProMax, [0000020DECBC7C00][0000020DEC920140 49] iPadPro105, [0000020DECB3B700][0000020DEC9242C0 49] iPadPro129, [0000020DECBC6A00][0000020DEC928440 49] iPadPro97, [0000020DECB38900][0000020DEC92C5C0 49] iPadPro2_129, [0000020DECBC4800][0000020DEC930740 49] iPad5, [0000020DECB39000][0000020DEC9348C0 49] iPad6, [0000020DECBC4400][0000020DEC908A00 49] iPad7, [0000020DECB3AB00][0000020DDF412B40 49] iPad8, [0000020DECBC7500][0000020DDF416C80 49] iPadPro11, [0000020DECB39800][0000020DDF41ADC0 49] iPadPro2_11, [0000020DECBC4900][0000020DDF422F40 49] iPadPro3_129, [0000020DECB3A800][0000020DDF4270C0 49] iPadPro4_129, [0000020DECBC6E00][0000020DDF42B240 49] AppleTV, [0000020DECB3BE00][0000020DDF42F3C0 49] AppleTV4K, [0000020DECBC4500][0000020DDF433540 49] TVOS, [0000020DECB39700][0000020DDF4376C0 49] Mac, [0000020DECBC6300][0000020DDEE73840 49] MacClient, [0000020DECB38800][0000020DDEE779C0 49] MacNoEditor, [0000020DECBC5000][0000020DDEE7BB40 49] MacServer, [0000020DECB38500][0000020DDEE7E140 49] Linux, [0000020DECBC6B00][0000020DDEE822C0 49] LinuxAArch64, [0000020DECB39600][0000020DDEE86440 49] LinuxNoEditor, [0000020DECBC6100][0000020DDEE8A5C0 49] LinuxAArch64NoEditor, [0000020DECB3B900][0000020DDEE8E740 49] LinuxClient, [0000020DECBC6600][0000020DDEE928C0 49] LinuxAArch64Client, [0000020DECB3A300][0000020DDEE96A40 49] LinuxServer, [0000020DECBC4700][0000020DDF41EB80 49] LinuxAArch64Server, [0000020DECB39A00][0000020DDEE9ACC0 49] Android, [0000020DECBC6200][0000020DDEE9EE00 49] Android_Low, [0000020DECB39C00][0000020DDEEA2F40 49] Android_Mid, [0000020DECBC5300][0000020DDEEAB0C0 49] Android_High, [0000020DECB38E00][0000020DEC7AB240 49] Android_Default, [0000020DECBC7600][0000020DEC7AF3C0 49] Android_Adreno4xx, [0000020DECB38F00][0000020DEC7B3540 49] Android_Adreno5xx_Low, [0000020DECBC7B00][0000020DEC7B76C0 49] Android_Adreno5xx, [0000020DECB3BA00][0000020DEC7BB840 49] Android_Adreno6xx, [0000020DECBC4B00][0000020DEC7BF9C0 49] Android_Adreno6xx_Vulkan, [0000020DECB39900][0000020DEC7C3B40 49] Android_Mali_T6xx, [0000020DECBC4A00][0000020DEC7C6140 49] Android_Mali_T7xx, [0000020DECB95A00][0000020DEC7CA2C0 49] Android_Mali_T8xx, [0000020DECB6C500][0000020DEC7CE440 49] Android_Mali_G71, [0000020DECB94600][0000020DEC7D25C0 49] Android_Mali_G72, [0000020DECB6C300][0000020DEC7D6740 49] Android_Mali_G72_Vulkan, [0000020DECB97900][0000020DEC7DA8C0 49] Android_Mali_G76, [0000020DECB6D000][0000020DEC7DEA40 49] Android_Mali_G76_Vulkan, [0000020DECB96600][0000020DEC7E2BC0 49] Android_Mali_G77, [0000020DECB6EF00][0000020DEC7E6D40 49] Android_Mali_G77_Vulkan, [0000020DECB94E00][0000020DDEEA6E80 49] Android_Mali_G78, [0000020DECB6F100][0000020DEC7EAFC0 49] Android_Mali_G78_Vulkan, [0000020DECB94800][0000020DEC7EF100 49] Android_Mali_G710, [0000020DECB6EC00][0000020DEC7F7280 49] Android_Mali_G710_Vulkan, [0000020DECB97C00][0000020DEC7FB400 49] Android_Vulkan_SM5, [0000020DECB6F500][0000020DEC7FF580 49] Android_PowerVR_G6xxx, [0000020DECB95F00][0000020DEC803700 49] Android_PowerVR_GT7xxx, [0000020DECB6DD00][0000020DEC807880 49] Android_PowerVR_GE8xxx, [0000020DECB97300][0000020DEC80BA00 49] Android_PowerVR_GM9xxx, [0000020DECB6C800][0000020DEC80FB80 49] Android_PowerVR_GM9xxx_Vulkan, [0000020DECB97700][0000020DEC812180 49] Android_TegraK1, [0000020DECB6D200][0000020DEC816300 49] Android_Unknown_Vulkan, [0000020DECB96900][0000020DEC81A480 49] Lumin, [0000020DECB6F700][0000020DEC81E600 49] Lumin_Desktop, [0000020DECB96E00][0000020DEC822780 49] HoloLens, 
[2021.12.21-09.26.05:341][  0]LogMeshReduction: Using QuadricMeshReduction for automatic static mesh reduction
[2021.12.21-09.26.05:341][  0]LogMeshReduction: Using SimplygonMeshReduction for automatic skeletal mesh reduction
[2021.12.21-09.26.05:341][  0]LogMeshReduction: Using ProxyLODMeshReduction for automatic mesh merging
[2021.12.21-09.26.05:341][  0]LogMeshReduction: No distributed automatic mesh merging module available
[2021.12.21-09.26.05:341][  0]LogMeshMerging: No distributed automatic mesh merging module available
[2021.12.21-09.26.05:356][  0]LogNetVersion: kure_yageki 1.0.0, NetCL: 17155196, EngineNetVer: 17, GameNetVer: 0 (Checksum: 648674119)
[2021.12.21-09.26.05:719][  0]LogTexture: Default maximum texture size for cubemaps generated from long-lat sources has been changed from 512 to unlimited. In order to preserve old behaiour for '/Engine/MapTemplates/Sky/DaylightAmbientCubemap.DaylightAmbientCubemap', its maximum texture size has been explicitly set to 512.
[2021.12.21-09.26.05:773][  0]LogHMD: PokeAHoleMaterial loaded successfully
[2021.12.21-09.26.05:778][  0]LogUObjectArray: 17178 objects as part of root set at end of initial load.
[2021.12.21-09.26.05:778][  0]LogUObjectAllocator: 4302048 out of 0 bytes used by permanent object pool.
[2021.12.21-09.26.05:778][  0]LogUObjectArray: CloseDisregardForGC: 0/0 objects in disregard for GC pool
[2021.12.21-09.26.06:022][  0]LogNiagaraDebuggerClient: Niagara Debugger Client Initialized | Session: 329EF810461758711194A9BD59199407 | Instance: E5E09638400F4C282CB69EB2BD323692 (DESKTOP-QSLVALO-21768).
[2021.12.21-09.26.06:151][  0]LogPython: Using Python 3.7.7
[2021.12.21-09.26.06:645][  0]LogTcpMessaging: Initializing TcpMessaging bridge
[2021.12.21-09.26.06:650][  0]LogUdpMessaging: Initializing bridge on interface 0.0.0.0:0 to multicast group 230.0.0.1:6666.
[2021.12.21-09.26.06:803][  0]LogLinker: Warning:  '/Game/FirstPersonBP/FirstPersonOverview' のロードに失敗しました: ファイルが見つかりません
[2021.12.21-09.26.06:803][  0]LogLinker: Warning:  '/Game/FirstPersonBP/FirstPersonOverview' のロードに失敗しました: ファイルが見つかりません
[2021.12.21-09.26.06:803][  0]LogUObjectGlobals: Warning: オブジェクト 'Class /Game/FirstPersonBP/FirstPersonOverview.FirstPersonOverview_C' が見つかりませんでした
[2021.12.21-09.26.07:089][  0]LogOpenImageDenoise: OIDN starting up
[2021.12.21-09.26.07:118][  0]LogAndroidPermission: UAndroidPermissionCallbackProxy::GetInstance
[2021.12.21-09.26.07:131][  0]LogAudioCaptureCore: Display: No Audio Capture implementations found. Audio input will be silent.
[2021.12.21-09.26.07:131][  0]LogAudioCaptureCore: Display: No Audio Capture implementations found. Audio input will be silent.
[2021.12.21-09.26.07:279][  0]SourceControl: ソースコントロールは無効です
[2021.12.21-09.26.07:279][  0]SourceControl: ソースコントロールは無効です
[2021.12.21-09.26.07:282][  0]SourceControl: ソースコントロールは無効です
[2021.12.21-09.26.07:285][  0]SourceControl: ソースコントロールは無効です
[2021.12.21-09.26.07:293][  0]SourceControl: ソースコントロールは無効です
[2021.12.21-09.26.07:301][  0]LogUProjectInfo: Found projects:
[2021.12.21-09.26.07:321][  0]LogCollectionManager: Loaded 0 collections in 0.002863 seconds
[2021.12.21-09.26.07:351][  0]LogFileCache: Scanning file cache for directory 'C:/Users/Shigu/OneDrive/デスクトップ/unrial/kure-syageki/kure_yageki/Saved/Collections/' took 0.00s
[2021.12.21-09.26.07:351][  0]LogFileCache: Scanning file cache for directory 'C:/Users/Shigu/OneDrive/デスクトップ/unrial/kure-syageki/kure_yageki/Content/Developers/Shigu/Collections/' took 0.00s
[2021.12.21-09.26.07:351][  0]LogFileCache: Scanning file cache for directory 'C:/Users/Shigu/OneDrive/デスクトップ/unrial/kure-syageki/kure_yageki/Content/Collections/' took 0.00s
[2021.12.21-09.26.07:351][  0]LogOcInput: OculusInput pre-init called
[2021.12.21-09.26.07:592][  0]LogEngine: Initializing Engine...
[2021.12.21-09.26.07:594][  0]LogHMD: Failed to enumerate extensions. Please check that you have a valid OpenXR runtime installed.
[2021.12.21-09.26.07:594][  0]LogHMD: Failed to initialize OpenVR with code 110
[2021.12.21-09.26.07:594][  0]LogMagicLeap: Warning: VR disabled because ZI is not enabled.  To enable, in the editor, Edit -> Project Settings -> Plugins -> Magic Leap Plugin -> Enable Zero Iteration
[2021.12.21-09.26.07:595][  0]LogStats: UGameplayTagsManager::InitializeManager -  0.000 s
[2021.12.21-09.26.07:698][  0]LogInit: Initializing FReadOnlyCVARCache
[2021.12.21-09.26.07:710][  0]LogAIModule: Creating AISystem for world Untitled
[2021.12.21-09.26.07:711][  0]LogAudio: Display: Initializing Audio Device Manager...
[2021.12.21-09.26.07:714][  0]LogAudio: Display: Loading Default Audio Settings Objects...
[2021.12.21-09.26.07:715][  0]LogAudio: Display: No default SoundConcurrencyObject specified (or failed to load).
[2021.12.21-09.26.07:715][  0]LogAudio: Display: Audio Device Manager Initialized
[2021.12.21-09.26.07:715][  0]LogAudio: Display: Creating Audio Device:                 Id: 1, Scope: Shared, Realtime: True
[2021.12.21-09.26.07:715][  0]LogAudioMixer: Display: Audio Mixer Platform Settings:
[2021.12.21-09.26.07:715][  0]LogAudioMixer: Display: 	Sample Rate:						  48000
[2021.12.21-09.26.07:715][  0]LogAudioMixer: Display: 	Callback Buffer Frame Size Requested: 1024
[2021.12.21-09.26.07:715][  0]LogAudioMixer: Display: 	Callback Buffer Frame Size To Use:	  1024
[2021.12.21-09.26.07:715][  0]LogAudioMixer: Display: 	Number of buffers to queue:			  2
[2021.12.21-09.26.07:715][  0]LogAudioMixer: Display: 	Max Channels (voices):				  32
[2021.12.21-09.26.07:715][  0]LogAudioMixer: Display: 	Number of Async Source Workers:		  0
[2021.12.21-09.26.07:715][  0]LogAudio: Display: AudioDevice MaxSources: 32
[2021.12.21-09.26.07:716][  0]LogAudio: Display: Audio Spatialization Plugin: None (built-in).
[2021.12.21-09.26.07:716][  0]LogAudio: Display: Audio Reverb Plugin: None (built-in).
[2021.12.21-09.26.07:716][  0]LogAudio: Display: Audio Occlusion Plugin: None (built-in).
[2021.12.21-09.26.07:716][  0]LogAudioMixer: Display: Initializing audio mixer.
[2021.12.21-09.26.07:727][  0]LogAudioMixer: Display: 0: FrontLeft
[2021.12.21-09.26.07:727][  0]LogAudioMixer: Display: 1: FrontRight
[2021.12.21-09.26.07:750][  0]LogAudioMixer: Display: Using Audio Device スピーカー (Realtek(R) Audio)
[2021.12.21-09.26.07:753][  0]LogAudioMixer: Display: Initializing Sound Submixes...
[2021.12.21-09.26.07:755][  0]LogAudioMixer: Display: Creating Master Submix 'MasterSubmixDefault'
[2021.12.21-09.26.07:755][  0]LogAudioMixer: Display: Creating Master Submix 'MasterReverbSubmixDefault'
[2021.12.21-09.26.07:756][  0]LogAudioMixer: Display: Creating Master Submix 'MasterEQSubmixDefault'
[2021.12.21-09.26.07:756][  0]LogAudioMixer: FMixerPlatformXAudio2::StartAudioStream() called
[2021.12.21-09.26.07:756][  0]LogAudioMixer: Display: Output buffers initialized: Frames=1024, Channels=2, Samples=2048
[2021.12.21-09.26.07:757][  0]LogAudioMixer: Display: Starting AudioMixerPlatformInterface::RunInternal()
[2021.12.21-09.26.07:757][  0]LogAudioMixer: Display: FMixerPlatformXAudio2::SubmitBuffer() called for the first time
[2021.12.21-09.26.07:757][  0]LogInit: FAudioDevice initialized.
[2021.12.21-09.26.07:757][  0]LogAudio: Display: Audio Device (ID: 1) registered with world 'Untitled'.
[2021.12.21-09.26.07:757][  0]LogNetVersion: Set ProjectVersion to 1.0.0.0. Version Checksum will be recalculated on next use.
[2021.12.21-09.26.07:813][  0]LogDerivedDataCache: Saved boot cache 0.06s 94MB C:/Users/Shigu/AppData/Local/UnrealEngine/4.27/DerivedDataCache/Boot.ddc.
[2021.12.21-09.26.07:813][  0]LogInit: Texture streaming: Enabled
[2021.12.21-09.26.07:825][  0]LogAnalytics: Display: [UEEditor.Rocket.Release] APIServer = https://datarouter.ol.epicgames.com/. AppVersion = 4.27.2-18319896+++UE4+Release-4.27
[2021.12.21-09.26.07:830][  0]LogEngineSessionManager: EngineSessionManager initialized
[2021.12.21-09.26.07:830][  0]LogEditorSessionSummary: Verbose: Initializing EditorSessionSummaryWriter for editor session tracking
[2021.12.21-09.26.07:835][  0]LogEditorSessionSummary: EditorSessionSummaryWriter initialized
[2021.12.21-09.26.07:894][  0]LogInit: Transaction tracking system initialized
[2021.12.21-09.26.07:916][  0]BlueprintLog: New page: エディタの読み込み
[2021.12.21-09.26.07:978][  0]LocalizationService: ローカライズのサービスが無効になりました
[2021.12.21-09.26.08:004][  0]TimingProfiler: Initialize
[2021.12.21-09.26.08:004][  0]TimingProfiler: OnSessionChanged
[2021.12.21-09.26.08:004][  0]LoadingProfiler: Initialize
[2021.12.21-09.26.08:004][  0]LoadingProfiler: OnSessionChanged
[2021.12.21-09.26.08:004][  0]NetworkingProfiler: Initialize
[2021.12.21-09.26.08:004][  0]NetworkingProfiler: OnSessionChanged
[2021.12.21-09.26.08:004][  0]MemoryProfiler: Initialize
[2021.12.21-09.26.08:004][  0]MemoryProfiler: OnSessionChanged
[2021.12.21-09.26.08:190][  0]LogCook: Display: CookSettings for Memory: MemoryMaxUsedVirtual 0MiB, MemoryMaxUsedPhysical 16384MiB, MemoryMinFreeVirtual 0MiB, MemoryMinFreePhysical 1024MiB
[2021.12.21-09.26.08:190][  0]LogCook: Display: Mobile HDR setting 1
[2021.12.21-09.26.08:380][  0]LogFileCache: Scanning file cache for directory 'C:/Users/Shigu/OneDrive/デスクトップ/unrial/kure-syageki/kure_yageki/Content/' took 0.00s
[2021.12.21-09.26.08:581][  0]LogInit: Display: Engine is initialized. Leaving FEngineLoop::Init()
[2021.12.21-09.26.08:586][  0]SourceControl: ソースコントロールは無効です
[2021.12.21-09.26.08:586][  0]LogUnrealEdMisc: Loading editor; pre map load, took 6.727
[2021.12.21-09.26.08:586][  0]Cmd: MAP LOAD FILE="../../../Engine/Content/Maps/Templates/Template_Default.umap" TEMPLATE=1 SHOWPROGRESS=1 FEATURELEVEL=3
[2021.12.21-09.26.08:587][  0]LightingResults: New page: ライティングのビルド
[2021.12.21-09.26.08:588][  0]LogWorld: UWorld::CleanupWorld for Untitled, bSessionEnded=true, bCleanupResources=true
[2021.12.21-09.26.08:588][  0]LogSlate: InvalidateAllWidgets triggered.  All widgets were invalidated
[2021.12.21-09.26.08:588][  0]MapCheck: New page: マップをチェック
[2021.12.21-09.26.08:588][  0]LightingResults: New page: <何も選択されていません>
[2021.12.21-09.26.08:592][  0]LogAudio: Display: Audio Device unregistered from world 'None'.
[2021.12.21-09.26.08:595][  0]LogUObjectHash: Compacting FUObjectHashTables data took   0.91ms
[2021.12.21-09.26.08:632][  0]LogTexture: Display: テクスチャをビルドしています:DeprecatedTextureEB9CBE3C423008B5E8E130901E171C89 (BGRA8、128X128)
[2021.12.21-09.26.08:638][  0]LogAudio: Display: Audio Device (ID: 1) registered with world 'Untitled_1'.
[2021.12.21-09.26.08:639][  0]LogAIModule: Creating AISystem for world Untitled_1
[2021.12.21-09.26.08:642][  0]LogEditorServer: Finished looking for orphan Actors (0.000 secs)
[2021.12.21-09.26.08:648][  0]LogUObjectHash: Compacting FUObjectHashTables data took   1.45ms
[2021.12.21-09.26.08:648][  0]Cmd: MAP CHECKDEP NOCLEARLOG
[2021.12.21-09.26.08:649][  0]MapCheck: マップチェックが完了: 0 エラー、 0 警告、完了に 0.359ミリ秒かかりました。
[2021.12.21-09.26.08:649][  0]LogFileHelpers: Loading map 'Template_Default' took 0.063
[2021.12.21-09.26.08:652][  0]LogUnrealEdMisc: Total Editor Startup Time, took 6.792
[2021.12.21-09.26.08:724][  0]LogWindowsTextInputMethodSystem: Display: IME system activated using TSF (Microsoft IME).
[2021.12.21-09.26.08:759][  0]LogSlate: Updating window title bar state: overlay mode, drag disabled, window buttons hidden, title bar hidden
[2021.12.21-09.26.08:765][  0]LogSlate: Updating window title bar state: overlay mode, drag disabled, window buttons hidden, title bar hidden
[2021.12.21-09.26.08:770][  0]LogSlate: Updating window title bar state: overlay mode, drag disabled, window buttons hidden, title bar hidden
[2021.12.21-09.26.08:776][  0]LogSlate: Updating window title bar state: overlay mode, drag disabled, window buttons hidden, title bar hidden
[2021.12.21-09.26.08:790][  0]LogNativeClassHierarchy: Verbose: Native class hierarchy populated in 0.0094 seconds. Added 3831 classes and 933 folders.
[2021.12.21-09.26.08:792][  0]LogNativeClassHierarchy: Verbose: Native class hierarchy updated for 'WidgetCarousel' in 0.0002 seconds. Added 0 classes and 0 folders.
[2021.12.21-09.26.08:794][  0]LogPakFile: PakFile PrimaryIndexSize=187
[2021.12.21-09.26.08:794][  0]LogPakFile: PakFile PathHashIndexSize=101
[2021.12.21-09.26.08:794][  0]LogPakFile: PakFile FullDirectoryIndexSize=148
[2021.12.21-09.26.08:794][  0]LogShaderLibrary: Display: ShaderCodeLibraryPakFileMountedCallback: PakFile 'C:/Users/Shigu/OneDrive/デスクトップ/unrial/UE_4.27/FeaturePacks/FP_FirstPerson.upack' (chunk index -1, root 'root:/') mounted
[2021.12.21-09.26.08:794][  0]LogShaderLibrary: Display: ShaderCodeLibraryPakFileMountedCallback: pending pak file info (ChunkID:-1 Root:root:/ File:C:/Users/Shigu/OneDrive/デスクトップ/unrial/UE_4.27/FeaturePacks/FP_FirstPerson.upack)
[2021.12.21-09.26.08:794][  0]LogPakFile: OnPakFileMounted2Time == 0.000049
[2021.12.21-09.26.08:795][  0]LogPakFile: PakFile PrimaryIndexSize=189
[2021.12.21-09.26.08:795][  0]LogPakFile: PakFile PathHashIndexSize=101
[2021.12.21-09.26.08:795][  0]LogPakFile: PakFile FullDirectoryIndexSize=152
[2021.12.21-09.26.08:795][  0]LogShaderLibrary: Display: ShaderCodeLibraryPakFileMountedCallback: PakFile 'C:/Users/Shigu/OneDrive/デスクトップ/unrial/UE_4.27/FeaturePacks/FP_FirstPersonBP.upack' (chunk index -1, root 'root:/') mounted
[2021.12.21-09.26.08:795][  0]LogShaderLibrary: Display: ShaderCodeLibraryPakFileMountedCallback: pending pak file info (ChunkID:-1 Root:root:/ File:C:/Users/Shigu/OneDrive/デスクトップ/unrial/UE_4.27/FeaturePacks/FP_FirstPersonBP.upack)
[2021.12.21-09.26.08:795][  0]LogPakFile: OnPakFileMounted2Time == 0.000032
[2021.12.21-09.26.08:795][  0]LogPakFile: PakFile PrimaryIndexSize=191
[2021.12.21-09.26.08:795][  0]LogPakFile: PakFile PathHashIndexSize=101
[2021.12.21-09.26.08:795][  0]LogPakFile: PakFile FullDirectoryIndexSize=160
[2021.12.21-09.26.08:795][  0]LogShaderLibrary: Display: ShaderCodeLibraryPakFileMountedCallback: PakFile 'C:/Users/Shigu/OneDrive/デスクトップ/unrial/UE_4.27/FeaturePacks/MobileStarterContent.upack' (chunk index -1, root 'root:/') mounted
[2021.12.21-09.26.08:795][  0]LogShaderLibrary: Display: ShaderCodeLibraryPakFileMountedCallback: pending pak file info (ChunkID:-1 Root:root:/ File:C:/Users/Shigu/OneDrive/デスクトップ/unrial/UE_4.27/FeaturePacks/MobileStarterContent.upack)
[2021.12.21-09.26.08:795][  0]LogPakFile: OnPakFileMounted2Time == 0.000030
[2021.12.21-09.26.08:796][  0]LogPakFile: PakFile PrimaryIndexSize=185
[2021.12.21-09.26.08:796][  0]LogPakFile: PakFile PathHashIndexSize=101
[2021.12.21-09.26.08:796][  0]LogPakFile: PakFile FullDirectoryIndexSize=148
[2021.12.21-09.26.08:796][  0]LogShaderLibrary: Display: ShaderCodeLibraryPakFileMountedCallback: PakFile 'C:/Users/Shigu/OneDrive/デスクトップ/unrial/UE_4.27/FeaturePacks/StarterContent.upack' (chunk index -1, root 'root:/') mounted
[2021.12.21-09.26.08:796][  0]LogShaderLibrary: Display: ShaderCodeLibraryPakFileMountedCallback: pending pak file info (ChunkID:-1 Root:root:/ File:C:/Users/Shigu/OneDrive/デスクトップ/unrial/UE_4.27/FeaturePacks/StarterContent.upack)
[2021.12.21-09.26.08:796][  0]LogPakFile: OnPakFileMounted2Time == 0.000031
[2021.12.21-09.26.08:796][  0]LogPakFile: PakFile PrimaryIndexSize=190
[2021.12.21-09.26.08:796][  0]LogPakFile: PakFile PathHashIndexSize=101
[2021.12.21-09.26.08:796][  0]LogPakFile: PakFile FullDirectoryIndexSize=154
[2021.12.21-09.26.08:796][  0]LogShaderLibrary: Display: ShaderCodeLibraryPakFileMountedCallback: PakFile 'C:/Users/Shigu/OneDrive/デスクトップ/unrial/UE_4.27/FeaturePacks/TP_2DSideScroller.upack' (chunk index -1, root 'root:/') mounted
[2021.12.21-09.26.08:796][  0]LogShaderLibrary: Display: ShaderCodeLibraryPakFileMountedCallback: pending pak file info (ChunkID:-1 Root:root:/ File:C:/Users/Shigu/OneDrive/デスクトップ/unrial/UE_4.27/FeaturePacks/TP_2DSideScroller.upack)
[2021.12.21-09.26.08:796][  0]LogPakFile: OnPakFileMounted2Time == 0.000039
[2021.12.21-09.26.08:797][  0]LogPakFile: PakFile PrimaryIndexSize=192
[2021.12.21-09.26.08:797][  0]LogPakFile: PakFile PathHashIndexSize=101
[2021.12.21-09.26.08:797][  0]LogPakFile: PakFile FullDirectoryIndexSize=158
[2021.12.21-09.26.08:797][  0]LogShaderLibrary: Display: ShaderCodeLibraryPakFileMountedCallback: PakFile 'C:/Users/Shigu/OneDrive/デスクトップ/unrial/UE_4.27/FeaturePacks/TP_2DSideScrollerBP.upack' (chunk index -1, root 'root:/') mounted
[2021.12.21-09.26.08:797][  0]LogShaderLibrary: Display: ShaderCodeLibraryPakFileMountedCallback: pending pak file info (ChunkID:-1 Root:root:/ File:C:/Users/Shigu/OneDrive/デスクトップ/unrial/UE_4.27/FeaturePacks/TP_2DSideScrollerBP.upack)
[2021.12.21-09.26.08:797][  0]LogPakFile: OnPakFileMounted2Time == 0.000029
[2021.12.21-09.26.08:797][  0]LogPakFile: PakFile PrimaryIndexSize=182
[2021.12.21-09.26.08:797][  0]LogPakFile: PakFile PathHashIndexSize=101
[2021.12.21-09.26.08:797][  0]LogPakFile: PakFile FullDirectoryIndexSize=138
[2021.12.21-09.26.08:797][  0]LogShaderLibrary: Display: ShaderCodeLibraryPakFileMountedCallback: PakFile 'C:/Users/Shigu/OneDrive/デスクトップ/unrial/UE_4.27/FeaturePacks/TP_Flying.upack' (chunk index -1, root 'root:/') mounted
[2021.12.21-09.26.08:797][  0]LogShaderLibrary: Display: ShaderCodeLibraryPakFileMountedCallback: pending pak file info (ChunkID:-1 Root:root:/ File:C:/Users/Shigu/OneDrive/デスクトップ/unrial/UE_4.27/FeaturePacks/TP_Flying.upack)
[2021.12.21-09.26.08:797][  0]LogPakFile: OnPakFileMounted2Time == 0.000028
[2021.12.21-09.26.08:798][  0]LogPakFile: PakFile PrimaryIndexSize=184
[2021.12.21-09.26.08:798][  0]LogPakFile: PakFile PathHashIndexSize=101
[2021.12.21-09.26.08:798][  0]LogPakFile: PakFile FullDirectoryIndexSize=142
[2021.12.21-09.26.08:798][  0]LogShaderLibrary: Display: ShaderCodeLibraryPakFileMountedCallback: PakFile 'C:/Users/Shigu/OneDrive/デスクトップ/unrial/UE_4.27/FeaturePacks/TP_FlyingBP.upack' (chunk index -1, root 'root:/') mounted
[2021.12.21-09.26.08:798][  0]LogShaderLibrary: Display: ShaderCodeLibraryPakFileMountedCallback: pending pak file info (ChunkID:-1 Root:root:/ File:C:/Users/Shigu/OneDrive/デスクトップ/unrial/UE_4.27/FeaturePacks/TP_FlyingBP.upack)
[2021.12.21-09.26.08:798][  0]LogPakFile: OnPakFileMounted2Time == 0.000031
[2021.12.21-09.26.08:798][  0]LogPakFile: PakFile PrimaryIndexSize=188
[2021.12.21-09.26.08:798][  0]LogPakFile: PakFile PathHashIndexSize=101
[2021.12.21-09.26.08:798][  0]LogPakFile: PakFile FullDirectoryIndexSize=150
[2021.12.21-09.26.08:798][  0]LogShaderLibrary: Display: ShaderCodeLibraryPakFileMountedCallback: PakFile 'C:/Users/Shigu/OneDrive/デスクトップ/unrial/UE_4.27/FeaturePacks/TP_HandheldARBP.upack' (chunk index -1, root 'root:/') mounted
[2021.12.21-09.26.08:798][  0]LogShaderLibrary: Display: ShaderCodeLibraryPakFileMountedCallback: pending pak file info (ChunkID:-1 Root:root:/ File:C:/Users/Shigu/OneDrive/デスクトップ/unrial/UE_4.27/FeaturePacks/TP_HandheldARBP.upack)
[2021.12.21-09.26.08:798][  0]LogPakFile: OnPakFileMounted2Time == 0.000029
[2021.12.21-09.26.08:799][  0]LogPakFile: PakFile PrimaryIndexSize=182
[2021.12.21-09.26.08:799][  0]LogPakFile: PakFile PathHashIndexSize=101
[2021.12.21-09.26.08:799][  0]LogPakFile: PakFile FullDirectoryIndexSize=138
[2021.12.21-09.26.08:799][  0]LogShaderLibrary: Display: ShaderCodeLibraryPakFileMountedCallback: PakFile 'C:/Users/Shigu/OneDrive/デスクトップ/unrial/UE_4.27/FeaturePacks/TP_Puzzle.upack' (chunk index -1, root 'root:/') mounted
[2021.12.21-09.26.08:799][  0]LogShaderLibrary: Display: ShaderCodeLibraryPakFileMountedCallback: pending pak file info (ChunkID:-1 Root:root:/ File:C:/Users/Shigu/OneDrive/デスクトップ/unrial/UE_4.27/FeaturePacks/TP_Puzzle.upack)
[2021.12.21-09.26.08:799][  0]LogPakFile: OnPakFileMounted2Time == 0.000028
[2021.12.21-09.26.08:800][  0]LogPakFile: PakFile PrimaryIndexSize=184
[2021.12.21-09.26.08:800][  0]LogPakFile: PakFile PathHashIndexSize=101
[2021.12.21-09.26.08:800][  0]LogPakFile: PakFile FullDirectoryIndexSize=142
[2021.12.21-09.26.08:800][  0]LogShaderLibrary: Display: ShaderCodeLibraryPakFileMountedCallback: PakFile 'C:/Users/Shigu/OneDrive/デスクトップ/unrial/UE_4.27/FeaturePacks/TP_PuzzleBP.upack' (chunk index -1, root 'root:/') mounted
[2021.12.21-09.26.08:800][  0]LogShaderLibrary: Display: ShaderCodeLibraryPakFileMountedCallback: pending pak file info (ChunkID:-1 Root:root:/ File:C:/Users/Shigu/OneDrive/デスクトップ/unrial/UE_4.27/FeaturePacks/TP_PuzzleBP.upack)
[2021.12.21-09.26.08:800][  0]LogPakFile: OnPakFileMounted2Time == 0.000033
[2021.12.21-09.26.08:800][  0]LogPakFile: PakFile PrimaryIndexSize=183
[2021.12.21-09.26.08:800][  0]LogPakFile: PakFile PathHashIndexSize=101
[2021.12.21-09.26.08:800][  0]LogPakFile: PakFile FullDirectoryIndexSize=140
[2021.12.21-09.26.08:800][  0]LogShaderLibrary: Display: ShaderCodeLibraryPakFileMountedCallback: PakFile 'C:/Users/Shigu/OneDrive/デスクトップ/unrial/UE_4.27/FeaturePacks/TP_Rolling.upack' (chunk index -1, root 'root:/') mounted
[2021.12.21-09.26.08:800][  0]LogShaderLibrary: Display: ShaderCodeLibraryPakFileMountedCallback: pending pak file info (ChunkID:-1 Root:root:/ File:C:/Users/Shigu/OneDrive/デスクトップ/unrial/UE_4.27/FeaturePacks/TP_Rolling.upack)
[2021.12.21-09.26.08:800][  0]LogPakFile: OnPakFileMounted2Time == 0.000046
[2021.12.21-09.26.08:801][  0]LogPakFile: PakFile PrimaryIndexSize=185
[2021.12.21-09.26.08:801][  0]LogPakFile: PakFile PathHashIndexSize=101
[2021.12.21-09.26.08:801][  0]LogPakFile: PakFile FullDirectoryIndexSize=144
[2021.12.21-09.26.08:801][  0]LogShaderLibrary: Display: ShaderCodeLibraryPakFileMountedCallback: PakFile 'C:/Users/Shigu/OneDrive/デスクトップ/unrial/UE_4.27/FeaturePacks/TP_RollingBP.upack' (chunk index -1, root 'root:/') mounted
[2021.12.21-09.26.08:801][  0]LogShaderLibrary: Display: ShaderCodeLibraryPakFileMountedCallback: pending pak file info (ChunkID:-1 Root:root:/ File:C:/Users/Shigu/OneDrive/デスクトップ/unrial/UE_4.27/FeaturePacks/TP_RollingBP.upack)
[2021.12.21-09.26.08:801][  0]LogPakFile: OnPakFileMounted2Time == 0.000029
[2021.12.21-09.26.08:801][  0]LogPakFile: PakFile PrimaryIndexSize=188
[2021.12.21-09.26.08:801][  0]LogPakFile: PakFile PathHashIndexSize=101
[2021.12.21-09.26.08:801][  0]LogPakFile: PakFile FullDirectoryIndexSize=150
[2021.12.21-09.26.08:801][  0]LogShaderLibrary: Display: ShaderCodeLibraryPakFileMountedCallback: PakFile 'C:/Users/Shigu/OneDrive/デスクトップ/unrial/UE_4.27/FeaturePacks/TP_SideScroller.upack' (chunk index -1, root 'root:/') mounted
[2021.12.21-09.26.08:801][  0]LogShaderLibrary: Display: ShaderCodeLibraryPakFileMountedCallback: pending pak file info (ChunkID:-1 Root:root:/ File:C:/Users/Shigu/OneDrive/デスクトップ/unrial/UE_4.27/FeaturePacks/TP_SideScroller.upack)
[2021.12.21-09.26.08:801][  0]LogPakFile: OnPakFileMounted2Time == 0.000029
[2021.12.21-09.26.08:802][  0]LogPakFile: PakFile PrimaryIndexSize=190
[2021.12.21-09.26.08:802][  0]LogPakFile: PakFile PathHashIndexSize=101
[2021.12.21-09.26.08:802][  0]LogPakFile: PakFile FullDirectoryIndexSize=154
[2021.12.21-09.26.08:802][  0]LogShaderLibrary: Display: ShaderCodeLibraryPakFileMountedCallback: PakFile 'C:/Users/Shigu/OneDrive/デスクトップ/unrial/UE_4.27/FeaturePacks/TP_SideScrollerBP.upack' (chunk index -1, root 'root:/') mounted
[2021.12.21-09.26.08:802][  0]LogShaderLibrary: Display: ShaderCodeLibraryPakFileMountedCallback: pending pak file info (ChunkID:-1 Root:root:/ File:C:/Users/Shigu/OneDrive/デスクトップ/unrial/UE_4.27/FeaturePacks/TP_SideScrollerBP.upack)
[2021.12.21-09.26.08:802][  0]LogPakFile: OnPakFileMounted2Time == 0.000031
[2021.12.21-09.26.08:802][  0]LogPakFile: PakFile PrimaryIndexSize=187
[2021.12.21-09.26.08:802][  0]LogPakFile: PakFile PathHashIndexSize=101
[2021.12.21-09.26.08:802][  0]LogPakFile: PakFile FullDirectoryIndexSize=148
[2021.12.21-09.26.08:802][  0]LogShaderLibrary: Display: ShaderCodeLibraryPakFileMountedCallback: PakFile 'C:/Users/Shigu/OneDrive/デスクトップ/unrial/UE_4.27/FeaturePacks/TP_ThirdPerson.upack' (chunk index -1, root 'root:/') mounted
[2021.12.21-09.26.08:802][  0]LogShaderLibrary: Display: ShaderCodeLibraryPakFileMountedCallback: pending pak file info (ChunkID:-1 Root:root:/ File:C:/Users/Shigu/OneDrive/デスクトップ/unrial/UE_4.27/FeaturePacks/TP_ThirdPerson.upack)
[2021.12.21-09.26.08:802][  0]LogPakFile: OnPakFileMounted2Time == 0.000029
[2021.12.21-09.26.08:803][  0]LogPakFile: PakFile PrimaryIndexSize=189
[2021.12.21-09.26.08:803][  0]LogPakFile: PakFile PathHashIndexSize=101
[2021.12.21-09.26.08:803][  0]LogPakFile: PakFile FullDirectoryIndexSize=152
[2021.12.21-09.26.08:803][  0]LogShaderLibrary: Display: ShaderCodeLibraryPakFileMountedCallback: PakFile 'C:/Users/Shigu/OneDrive/デスクトップ/unrial/UE_4.27/FeaturePacks/TP_ThirdPersonBP.upack' (chunk index -1, root 'root:/') mounted
[2021.12.21-09.26.08:803][  0]LogShaderLibrary: Display: ShaderCodeLibraryPakFileMountedCallback: pending pak file info (ChunkID:-1 Root:root:/ File:C:/Users/Shigu/OneDrive/デスクトップ/unrial/UE_4.27/FeaturePacks/TP_ThirdPersonBP.upack)
[2021.12.21-09.26.08:803][  0]LogPakFile: OnPakFileMounted2Time == 0.000028
[2021.12.21-09.26.08:804][  0]LogPakFile: PakFile PrimaryIndexSize=183
[2021.12.21-09.26.08:804][  0]LogPakFile: PakFile PathHashIndexSize=101
[2021.12.21-09.26.08:804][  0]LogPakFile: PakFile FullDirectoryIndexSize=140
[2021.12.21-09.26.08:804][  0]LogShaderLibrary: Display: ShaderCodeLibraryPakFileMountedCallback: PakFile 'C:/Users/Shigu/OneDrive/デスクトップ/unrial/UE_4.27/FeaturePacks/TP_TopDown.upack' (chunk index -1, root 'root:/') mounted
[2021.12.21-09.26.08:804][  0]LogShaderLibrary: Display: ShaderCodeLibraryPakFileMountedCallback: pending pak file info (ChunkID:-1 Root:root:/ File:C:/Users/Shigu/OneDrive/デスクトップ/unrial/UE_4.27/FeaturePacks/TP_TopDown.upack)
[2021.12.21-09.26.08:804][  0]LogPakFile: OnPakFileMounted2Time == 0.000037
[2021.12.21-09.26.08:804][  0]LogPakFile: PakFile PrimaryIndexSize=185
[2021.12.21-09.26.08:804][  0]LogPakFile: PakFile PathHashIndexSize=101
[2021.12.21-09.26.08:804][  0]LogPakFile: PakFile FullDirectoryIndexSize=144
[2021.12.21-09.26.08:804][  0]LogShaderLibrary: Display: ShaderCodeLibraryPakFileMountedCallback: PakFile 'C:/Users/Shigu/OneDrive/デスクトップ/unrial/UE_4.27/FeaturePacks/TP_TopDownBP.upack' (chunk index -1, root 'root:/') mounted
[2021.12.21-09.26.08:804][  0]LogShaderLibrary: Display: ShaderCodeLibraryPakFileMountedCallback: pending pak file info (ChunkID:-1 Root:root:/ File:C:/Users/Shigu/OneDrive/デスクトップ/unrial/UE_4.27/FeaturePacks/TP_TopDownBP.upack)
[2021.12.21-09.26.08:804][  0]LogPakFile: OnPakFileMounted2Time == 0.000045
[2021.12.21-09.26.08:805][  0]LogPakFile: PakFile PrimaryIndexSize=185
[2021.12.21-09.26.08:805][  0]LogPakFile: PakFile PathHashIndexSize=101
[2021.12.21-09.26.08:805][  0]LogPakFile: PakFile FullDirectoryIndexSize=144
[2021.12.21-09.26.08:805][  0]LogShaderLibrary: Display: ShaderCodeLibraryPakFileMountedCallback: PakFile 'C:/Users/Shigu/OneDrive/デスクトップ/unrial/UE_4.27/FeaturePacks/TP_TwinStick.upack' (chunk index -1, root 'root:/') mounted
[2021.12.21-09.26.08:805][  0]LogShaderLibrary: Display: ShaderCodeLibraryPakFileMountedCallback: pending pak file info (ChunkID:-1 Root:root:/ File:C:/Users/Shigu/OneDrive/デスクトップ/unrial/UE_4.27/FeaturePacks/TP_TwinStick.upack)
[2021.12.21-09.26.08:805][  0]LogPakFile: OnPakFileMounted2Time == 0.000032
[2021.12.21-09.26.08:805][  0]LogPakFile: PakFile PrimaryIndexSize=187
[2021.12.21-09.26.08:805][  0]LogPakFile: PakFile PathHashIndexSize=101
[2021.12.21-09.26.08:805][  0]LogPakFile: PakFile FullDirectoryIndexSize=148
[2021.12.21-09.26.08:805][  0]LogShaderLibrary: Display: ShaderCodeLibraryPakFileMountedCallback: PakFile 'C:/Users/Shigu/OneDrive/デスクトップ/unrial/UE_4.27/FeaturePacks/TP_TwinStickBP.upack' (chunk index -1, root 'root:/') mounted
[2021.12.21-09.26.08:805][  0]LogShaderLibrary: Display: ShaderCodeLibraryPakFileMountedCallback: pending pak file info (ChunkID:-1 Root:root:/ File:C:/Users/Shigu/OneDrive/デスクトップ/unrial/UE_4.27/FeaturePacks/TP_TwinStickBP.upack)
[2021.12.21-09.26.08:805][  0]LogPakFile: OnPakFileMounted2Time == 0.000029
[2021.12.21-09.26.08:806][  0]LogPakFile: PakFile PrimaryIndexSize=183
[2021.12.21-09.26.08:806][  0]LogPakFile: PakFile PathHashIndexSize=101
[2021.12.21-09.26.08:806][  0]LogPakFile: PakFile FullDirectoryIndexSize=140
[2021.12.21-09.26.08:806][  0]LogShaderLibrary: Display: ShaderCodeLibraryPakFileMountedCallback: PakFile 'C:/Users/Shigu/OneDrive/デスクトップ/unrial/UE_4.27/FeaturePacks/TP_Vehicle.upack' (chunk index -1, root 'root:/') mounted
[2021.12.21-09.26.08:806][  0]LogShaderLibrary: Display: ShaderCodeLibraryPakFileMountedCallback: pending pak file info (ChunkID:-1 Root:root:/ File:C:/Users/Shigu/OneDrive/デスクトップ/unrial/UE_4.27/FeaturePacks/TP_Vehicle.upack)
[2021.12.21-09.26.08:806][  0]LogPakFile: OnPakFileMounted2Time == 0.000031
[2021.12.21-09.26.08:806][  0]LogPakFile: PakFile PrimaryIndexSize=186
[2021.12.21-09.26.08:806][  0]LogPakFile: PakFile PathHashIndexSize=101
[2021.12.21-09.26.08:806][  0]LogPakFile: PakFile FullDirectoryIndexSize=146
[2021.12.21-09.26.08:806][  0]LogShaderLibrary: Display: ShaderCodeLibraryPakFileMountedCallback: PakFile 'C:/Users/Shigu/OneDrive/デスクトップ/unrial/UE_4.27/FeaturePacks/TP_VehicleAdv.upack' (chunk index -1, root 'root:/') mounted
[2021.12.21-09.26.08:806][  0]LogShaderLibrary: Display: ShaderCodeLibraryPakFileMountedCallback: pending pak file info (ChunkID:-1 Root:root:/ File:C:/Users/Shigu/OneDrive/デスクトップ/unrial/UE_4.27/FeaturePacks/TP_VehicleAdv.upack)
[2021.12.21-09.26.08:806][  0]LogPakFile: OnPakFileMounted2Time == 0.000037
[2021.12.21-09.26.08:807][  0]LogPakFile: PakFile PrimaryIndexSize=188
[2021.12.21-09.26.08:807][  0]LogPakFile: PakFile PathHashIndexSize=101
[2021.12.21-09.26.08:807][  0]LogPakFile: PakFile FullDirectoryIndexSize=150
[2021.12.21-09.26.08:807][  0]LogShaderLibrary: Display: ShaderCodeLibraryPakFileMountedCallback: PakFile 'C:/Users/Shigu/OneDrive/デスクトップ/unrial/UE_4.27/FeaturePacks/TP_VehicleAdvBP.upack' (chunk index -1, root 'root:/') mounted
[2021.12.21-09.26.08:807][  0]LogShaderLibrary: Display: ShaderCodeLibraryPakFileMountedCallback: pending pak file info (ChunkID:-1 Root:root:/ File:C:/Users/Shigu/OneDrive/デスクトップ/unrial/UE_4.27/FeaturePacks/TP_VehicleAdvBP.upack)
[2021.12.21-09.26.08:807][  0]LogPakFile: OnPakFileMounted2Time == 0.000029
[2021.12.21-09.26.08:807][  0]LogPakFile: PakFile PrimaryIndexSize=185
[2021.12.21-09.26.08:807][  0]LogPakFile: PakFile PathHashIndexSize=101
[2021.12.21-09.26.08:807][  0]LogPakFile: PakFile FullDirectoryIndexSize=144
[2021.12.21-09.26.08:807][  0]LogShaderLibrary: Display: ShaderCodeLibraryPakFileMountedCallback: PakFile 'C:/Users/Shigu/OneDrive/デスクトップ/unrial/UE_4.27/FeaturePacks/TP_VehicleBP.upack' (chunk index -1, root 'root:/') mounted
[2021.12.21-09.26.08:807][  0]LogShaderLibrary: Display: ShaderCodeLibraryPakFileMountedCallback: pending pak file info (ChunkID:-1 Root:root:/ File:C:/Users/Shigu/OneDrive/デスクトップ/unrial/UE_4.27/FeaturePacks/TP_VehicleBP.upack)
[2021.12.21-09.26.08:807][  0]LogPakFile: OnPakFileMounted2Time == 0.000031
[2021.12.21-09.26.08:808][  0]LogPakFile: PakFile PrimaryIndexSize=192
[2021.12.21-09.26.08:808][  0]LogPakFile: PakFile PathHashIndexSize=101
[2021.12.21-09.26.08:808][  0]LogPakFile: PakFile FullDirectoryIndexSize=158
[2021.12.21-09.26.08:808][  0]LogShaderLibrary: Display: ShaderCodeLibraryPakFileMountedCallback: PakFile 'C:/Users/Shigu/OneDrive/デスクトップ/unrial/UE_4.27/FeaturePacks/TP_VirtualRealityBP.upack' (chunk index -1, root 'root:/') mounted
[2021.12.21-09.26.08:808][  0]LogShaderLibrary: Display: ShaderCodeLibraryPakFileMountedCallback: pending pak file info (ChunkID:-1 Root:root:/ File:C:/Users/Shigu/OneDrive/デスクトップ/unrial/UE_4.27/FeaturePacks/TP_VirtualRealityBP.upack)
[2021.12.21-09.26.08:808][  0]LogPakFile: OnPakFileMounted2Time == 0.000031
[2021.12.21-09.26.08:863][  0]LogNativeClassHierarchy: Verbose: Native class hierarchy updated for 'AddContentDialog' in 0.0003 seconds. Added 0 classes and 0 folders.
[2021.12.21-09.26.08:863][  0]LogNativeClassHierarchy: Verbose: Native class hierarchy updated for 'SceneOutliner' in 0.0002 seconds. Added 2 classes and 0 folders.
[2021.12.21-09.26.08:935][  0]LogSlate: Took 0.000231 seconds to synchronously load lazily loaded font '../../../Engine/Content/Slate/Fonts/Roboto-Regular.ttf' (155K)
[2021.12.21-09.26.08:936][  0]LogSlate: Took 0.000355 seconds to synchronously load lazily loaded font '../../../Engine/Content/Editor/Slate/Fonts/GenEiGothicPro-Regular.otf' (707K)
[2021.12.21-09.26.08:936][  0]LogSlate: Took 0.000142 seconds to synchronously load lazily loaded font '../../../Engine/Content/Editor/Slate/Fonts/FontAwesome.ttf' (139K)
[2021.12.21-09.26.08:937][  0]LogSlate: Took 0.000212 seconds to synchronously load lazily loaded font '../../../Engine/Content/Editor/Slate/Fonts/GenEiGothicPro-Bold.otf' (698K)
[2021.12.21-09.26.08:937][  0]LogSlate: Took 0.000117 seconds to synchronously load lazily loaded font '../../../Engine/Content/Slate/Fonts/Roboto-Bold.ttf' (160K)
[2021.12.21-09.26.09:013][  0]LogRenderer: Reallocating scene render targets to support 1080x440 Format 10 NumSamples 1 (Frame:1).
[2021.12.21-09.26.09:089][  0]LogNativeClassHierarchy: Verbose: Native class hierarchy updated for 'HierarchicalLODOutliner' in 0.0003 seconds. Added 0 classes and 0 folders.
[2021.12.21-09.26.09:089][  0]LogLoad: (Engine Initialization) Total time: 7.23 seconds
[2021.12.21-09.26.09:089][  0]LogLoad: (Engine Initialization) Total Blueprint compile time: 0.00 seconds
[2021.12.21-09.26.09:133][  0]LogAssetRegistry: Asset discovery search completed in 4.1221 seconds
[2021.12.21-09.26.09:139][  0]LogCollectionManager: Fixed up redirectors for 0 collections in 0.000003 seconds (updated 0 objects)
[2021.12.21-09.26.09:140][  0]LogContentStreaming: Texture pool size now 1000 MB
[2021.12.21-09.26.09:216][  4]LogSlate: Took 0.000176 seconds to synchronously load lazily loaded font '../../../Engine/Content/Slate/Fonts/Roboto-Light.ttf' (167K)
[2021.12.21-09.26.09:217][  4]LogSlate: Took 0.000210 seconds to synchronously load lazily loaded font '../../../Engine/Content/Editor/Slate/Fonts/GenEiGothicPro-Light.otf' (713K)
[2021.12.21-09.26.17:665][  1]MapCheck: New page: マップをチェック
[2021.12.21-09.26.17:689][  1]Cmd: MAP REBUILD ALLVISIBLE
[2021.12.21-09.26.17:689][  1]LogEditorServer: Rebuildmap Clear paths rebuilt
[2021.12.21-09.26.17:746][  1]LogWorld: UWorld::CleanupWorld for Untitled_1, bSessionEnded=true, bCleanupResources=false
[2021.12.21-09.26.17:753][  1]LogNavigationDataBuild: Display: UNavigationSystemV1::Build started...
[2021.12.21-09.26.17:753][  1]LogNavigationDataBuild: Display:    Building navigation data using PHYSICS_INTERFACE_PHYSX.
[2021.12.21-09.26.17:753][  1]LogNavigationDataBuild: Display:    Building navigation data using WITH_PHYSX.
[2021.12.21-09.26.17:760][  1]LogUObjectHash: Compacting FUObjectHashTables data took   0.67ms
[2021.12.21-09.26.17:768][  1]LogLevel: Display: Export Material TexCoord Scales took 0.006 seconds.
[2021.12.21-09.26.17:769][  1]TextureStreamingBuild: Display: Build Texture Streaming took 0.001 seconds.
[2021.12.21-09.26.17:773][  1]LogUObjectHash: Compacting FUObjectHashTables data took   0.27ms
[2021.12.21-09.26.17:776][  1]LightingResults: New page: ライティングのビルド - 2021/12/22 3:26:17
[2021.12.21-09.26.17:818][  1]LogSwarmInterface: [OpenConnection] Registering TCP channel ...
[2021.12.21-09.26.17:893][  1]LogSwarmInterface: [OpenConnection] Connecting to agent ...
[2021.12.21-09.26.17:905][  1]LogSwarmInterface: [TryOpenConnection] Testing the Agent
[2021.12.21-09.26.19:446][  1]LogSwarmInterface: [TryOpenConnection] Opening Connection to Agent
[2021.12.21-09.26.19:446][  1]LogSwarmInterface: [TryOpenConnection] Local Process ID is 21768
[2021.12.21-09.26.26:077][  1]LogStaticLightingSystem: Warning: No importance volume found, so the scene bounding box was used.  You can optimize your scene's quality and lighting build times by adding importance volumes.
[2021.12.21-09.26.26:077][  1]LogStaticLightingSystem: Running Lightmass w/ ImmediateImport mode ENABLED
[2021.12.21-09.26.26:077][  1]LogStaticLightingSystem: Running Lightmass w/ ImmediateProcess mode ENABLED
[2021.12.21-09.26.26:077][  1]LogStaticLightingSystem: Running Lightmass w/ Sorting mode ENABLED
[2021.12.21-09.26.26:077][  1]LogStaticLightingSystem: Running Lightmass w/ Mapping paddings ENABLED
[2021.12.21-09.26.26:077][  1]LogStaticLightingSystem: Running Lightmass w/ Mapping debug paddings DISABLED
[2021.12.21-09.26.26:230][  1]Cmd: MAP CHECK DONTDISPLAYDIALOG
[2021.12.21-09.26.26:230][  1]MapCheck: New page: Untitled_1 - 2021/12/22 3:26:26
[2021.12.21-09.26.26:230][  1]MapCheck: マップチェックが完了: 0 エラー、 0 警告、完了に 0.645ミリ秒かかりました。
[2021.12.21-09.26.26:233][  1]LogEditorBuildUtils: Build time 0:08
[2021.12.21-09.26.26:252][  1]LogMaterial: Display: Missing cached shadermap for FLightmassMaterialRenderer MaterialInstanceDynamic_0 in PCD3D_SM5, Default, SM5 (DDC key hash: ED95D2B258450F45B96DD24FF92CD0213EF3DA23), compiling. 
[2021.12.21-09.26.26:261][  1]LogShaderCompilers: Display: Submitted 2 shader compile jobs with 'Low' priority
[2021.12.21-09.26.26:289][  2]LogShaderCompilers: Display: Worker (1/9): shaders left to compile 2
[2021.12.21-09.26.26:289][  2]LogShaderCompilers: Display: Worker (2/9): shaders left to compile 1
[2021.12.21-09.26.26:289][  2]LogShaderCompilers: Display: Started 2 'Local' shader compile jobs with 'Low' priority
[2021.12.21-09.26.26:775][  5]LogUObjectHash: Compacting FUObjectHashTables data took   0.26ms
[2021.12.21-09.26.27:971][ 56]Job is a success!
[2021.12.21-09.26.27:995][ 57]LogSlate: Took 0.000229 seconds to synchronously load lazily loaded font '../../../Engine/Content/Slate/Fonts/Roboto-Light.ttf' (167K)
[2021.12.21-09.26.28:055][ 57]LogVolumetricLightmapImport: Imported Volumetric Lightmap in 0.009s
[2021.12.21-09.26.28:055][ 57]LogVolumetricLightmapImport:      Indirection Texture 16x16x16 = 0.0Mb
[2021.12.21-09.26.28:056][ 57]LogVolumetricLightmapImport:      BrickData (all levels) 0.0Mb
[2021.12.21-09.26.28:056][ 57]LogVolumetricLightmapImport:      Bricks at depth
[2021.12.21-09.26.28:056][ 57]LogVolumetricLightmapImport:          0: 16.7% covering 100.0% of volume
[2021.12.21-09.26.28:056][ 57]LogVolumetricLightmapImport:          1: 16.7% covering 1.6% of volume
[2021.12.21-09.26.28:056][ 57]LogVolumetricLightmapImport:          2: 66.7% covering 0.1% of volume
[2021.12.21-09.26.28:056][ 57]LogVolumetricLightmapImport:      Bricks in each level
[2021.12.21-09.26.28:056][ 57]LogVolumetricLightmapImport:          Untitled_1 			 6 bricks 	 100.0% (Persistent Level)
[2021.12.21-09.26.28:132][ 57]LogTexture: Display: テクスチャをビルドしています:LQ_Lightmap_0_2 (OODLE_DXT1、64X64)
[2021.12.21-09.26.28:132][ 57]LogTexture: Display: テクスチャをビルドしています:LQ_Lightmap_0_1 (OODLE_DXT1、256X256)
[2021.12.21-09.26.28:132][ 57]LogTexture: Display: テクスチャをビルドしています:HQ_Lightmap0_2 (OODLE_AutoDXT、64X64)
[2021.12.21-09.26.28:132][ 57]LogTexture: Display: テクスチャをビルドしています:HQ_Lightmap0_1 (OODLE_AutoDXT、256X256)
[2021.12.21-09.26.28:132][ 57]LogTexture: Display: テクスチャをビルドしています:ShadowMapTexture2D_1 (G8、32X32)
[2021.12.21-09.26.28:132][ 57]LogTexture: Display: テクスチャをビルドしています:ShadowMapTexture2D_0 (G8、128X128)
[2021.12.21-09.26.28:132][ 57]Lightmass on DESKTOP-QSLVALO: 585 ms total, 88 ms importing, 25 ms setup, 57 ms photons, 352 ms processing, 0 ms extra exporting [2/2 mappings]. Threads: 3.86 sec total, 124 ms processing.
[2021.12.21-09.26.28:132][ 57]LogStaticLightingSystem: Template_Default_BuiltData storing lightmap data for 2 meshes in 2 LightmapResourceClusters (1.0 Meshes per cluster).
[2021.12.21-09.26.28:137][ 57]LogUObjectHash: Compacting FUObjectHashTables data took   0.66ms
[2021.12.21-09.26.28:172][ 57]LogStaticLightingSystem: Illumination: 10.3 sec (5 ms encoding lightmaps, 3 ms encoding shadowmaps)
[2021.12.21-09.26.28:172][ 57]LogStaticLightingSystem: Lightmap texture memory:  0.1 MB (0.1 MB streaming, 0.0 MB non-streaming), 4 textures
[2021.12.21-09.26.28:172][ 57]LogStaticLightingSystem: Shadowmap texture memory: 0.0 MB (0.0 MB streaming, 0.0 MB non-streaming), 2 textures
[2021.12.21-09.26.29:082][ 57]DumpUnbuiltLightIteractions
[2021.12.21-09.26.29:083][ 57]Lights with unbuilt interactions: 0
[2021.12.21-09.26.29:083][ 57]
[2021.12.21-09.26.29:083][ 57]Primitives with unbuilt interactions: 0
[2021.12.21-09.26.29:125][ 57]LogTexture: Display: テクスチャをビルドしています:NewReflectionComponentTextureEB9CBE3C423008B5E8E130901E171C89 (BGRA8、128X128)
[2021.12.21-09.26.29:147][ 58]Cmd: MAP CHECK NOTIFYRESULTS
[2021.12.21-09.26.29:147][ 58]MapCheck: New page: Untitled_1 - 2021/12/22 3:26:29
[2021.12.21-09.26.29:148][ 58]MapCheck: マップチェックが完了: 0 エラー、 0 警告、完了に 0.291ミリ秒かかりました。
[2021.12.21-09.26.44:553][872]LogSlate: Took 0.000196 seconds to synchronously load lazily loaded font '../../../Engine/Content/Slate/Fonts/Roboto-Italic.ttf' (157K)
