Log file open, 12/22/21 22:51:00
LogWindows: Failed to load 'aqProf.dll' (GetLastError=126)
LogWindows: File 'aqProf.dll' does not exist
LogWindows: Failed to load 'VtuneApi.dll' (GetLastError=126)
LogWindows: File 'VtuneApi.dll' does not exist
LogWindows: Failed to load 'VtuneApi32e.dll' (GetLastError=126)
LogWindows: File 'VtuneApi32e.dll' does not exist
LogConsoleResponse: Display: Failed to find resolution value strings in scalability ini. Falling back to default.
LogConsoleResponse: Display: Failed to find resolution value strings in scalability ini. Falling back to default.
LogInit: Display: Running engine for game: kure_yageki
LogPlatformFile: Not using cached read wrapper
LogTaskGraph: Started task graph with 5 named threads and 23 total threads with 3 sets of task threads.
LogStats: Stats thread started at 0.354806
LogICUInternationalization: ICU TimeZone Detection - Raw Offset: +9:00, Platform Override: ''
LogInit: Display: Loading text-based GConfig....
LogPluginManager: Mounting plugin MeshPainting
LogPluginManager: Mounting plugin XGEController
LogPluginManager: Mounting plugin Paper2D
LogPluginManager: Mounting plugin AISupport
LogPluginManager: Mounting plugin LiveLink
LogPluginManager: Mounting plugin LightPropagationVolume
LogPluginManager: Mounting plugin OodleData
LogPluginManager: Mounting plugin OodleNetwork
LogPluginManager: Mounting plugin CameraShakePreviewer
LogPluginManager: Mounting plugin GameplayCameras
LogPluginManager: Mounting plugin AnimationSharing
LogPluginManager: Mounting plugin CLionSourceCodeAccess
LogPluginManager: Mounting plugin CodeLiteSourceCodeAccess
LogPluginManager: Mounting plugin EnvironmentQueryEditor
LogPluginManager: Mounting plugin GitSourceControl
LogPluginManager: Mounting plugin KDevelopSourceCodeAccess
LogPluginManager: Mounting plugin PerforceSourceControl
LogPluginManager: Mounting plugin NullSourceCodeAccess
LogPluginManager: Mounting plugin PixWinPlugin
LogPluginManager: Mounting plugin PluginUtils
LogPluginManager: Mounting plugin PlasticSourceControl
LogPluginManager: Mounting plugin RiderSourceCodeAccess
LogPluginManager: Mounting plugin PropertyAccessNode
LogPluginManager: Mounting plugin SubversionSourceControl
LogPluginManager: Mounting plugin TextureFormatOodle
LogPluginManager: Mounting plugin UObjectPlugin
LogPluginManager: Mounting plugin XCodeSourceCodeAccess
LogPluginManager: Mounting plugin VisualStudioSourceCodeAccess
LogPluginManager: Mounting plugin VisualStudioCodeSourceCodeAccess
LogPluginManager: Mounting plugin AlembicImporter
LogPluginManager: Mounting plugin AutomationUtils
LogPluginManager: Mounting plugin BackChannel
LogPluginManager: Mounting plugin ChaosCloth
LogPluginManager: Mounting plugin ChaosClothEditor
LogPluginManager: Mounting plugin ChaosEditor
LogPluginManager: Mounting plugin ChaosSolverPlugin
LogPluginManager: Mounting plugin ChaosNiagara
LogPluginManager: Mounting plugin CharacterAI
LogPluginManager: Mounting plugin GeometryCache
LogPluginManager: Mounting plugin CryptoKeys
LogPluginManager: Mounting plugin CurveEditorTools
LogPluginManager: Mounting plugin AssetManagerEditor
LogPluginManager: Mounting plugin DataValidation
LogPluginManager: Mounting plugin FacialAnimation
LogPluginManager: Mounting plugin GameplayTagsEditor
LogPluginManager: Mounting plugin GeometryMode
LogPluginManager: Mounting plugin MacGraphicsSwitching
LogPluginManager: Mounting plugin MaterialAnalyzer
LogPluginManager: Mounting plugin GeometryCollectionPlugin
LogPluginManager: Mounting plugin MobileLauncherProfileWizard
LogPluginManager: Mounting plugin SpeedTreeImporter
LogPluginManager: Mounting plugin PluginBrowser
LogPluginManager: Mounting plugin Niagara
LogPluginManager: Mounting plugin GeometryProcessing
LogPluginManager: Mounting plugin MotoSynth
LogPluginManager: Mounting plugin OpenImageDenoise
LogPluginManager: Mounting plugin PlanarCut
LogPluginManager: Mounting plugin PythonScriptPlugin
LogPluginManager: Mounting plugin PlatformCrypto
LogPluginManager: Mounting plugin SkeletalReduction
LogPluginManager: Mounting plugin LuminPlatformFeatures
LogPluginManager: Mounting plugin MagicLeap
LogPluginManager: Mounting plugin MagicLeapLightEstimation
LogPluginManager: Mounting plugin MagicLeapMedia
LogPluginManager: Mounting plugin MagicLeapPassableWorld
LogPluginManager: Mounting plugin MLSDK
LogPluginManager: Mounting plugin ActorSequence
LogPluginManager: Mounting plugin LevelSequenceEditor
LogPluginManager: Mounting plugin MatineeToLevelSequence
LogPluginManager: Mounting plugin AndroidMedia
LogPluginManager: Mounting plugin TemplateSequence
LogPluginManager: Mounting plugin AvfMedia
LogPluginManager: Mounting plugin DatasmithContent
LogPluginManager: Mounting plugin ImgMedia
LogPluginManager: Mounting plugin MediaCompositing
LogPluginManager: Mounting plugin MediaPlayerEditor
LogPluginManager: Mounting plugin TcpMessaging
LogPluginManager: Mounting plugin UdpMessaging
LogPluginManager: Mounting plugin VariantManagerContent
LogPluginManager: Mounting plugin WebMMedia
LogPluginManager: Mounting plugin WmfMedia
LogPluginManager: Mounting plugin ProxyLODPlugin
LogPluginManager: Mounting plugin OnlineSubsystem
LogPluginManager: Mounting plugin OnlineSubsystemNull
LogPluginManager: Mounting plugin LauncherChunkInstaller
LogPluginManager: Mounting plugin ActorLayerUtilities
LogPluginManager: Mounting plugin AndroidMoviePlayer
LogPluginManager: Mounting plugin AndroidPermission
LogPluginManager: Mounting plugin AndroidDeviceProfileSelector
LogPluginManager: Mounting plugin OnlineSubsystemUtils
LogPluginManager: Mounting plugin AppleImageUtils
LogPluginManager: Mounting plugin ApexDestruction
LogPluginManager: Mounting plugin AssetTags
LogPluginManager: Mounting plugin AppleMoviePlayer
LogPluginManager: Mounting plugin AudioSynesthesia
LogPluginManager: Mounting plugin AudioCapture
LogPluginManager: Mounting plugin ChunkDownloader
LogPluginManager: Mounting plugin CableComponent
LogPluginManager: Mounting plugin CustomMeshComponent
LogPluginManager: Mounting plugin ArchVisCharacter
LogPluginManager: Mounting plugin ExampleDeviceProfileSelector
LogPluginManager: Mounting plugin GooglePAD
LogPluginManager: Mounting plugin GoogleCloudMessaging
LogPluginManager: Mounting plugin EditableMesh
LogPluginManager: Mounting plugin LinuxDeviceProfileSelector
LogPluginManager: Mounting plugin IOSDeviceProfileSelector
LogPluginManager: Mounting plugin LocationServicesBPLibrary
LogPluginManager: Mounting plugin MobilePatchingUtils
LogPluginManager: Mounting plugin OpenXR
LogPluginManager: Mounting plugin OpenXREyeTracker
LogPluginManager: Mounting plugin OpenXRHandTracking
LogPluginManager: Mounting plugin PropertyAccessEditor
LogPluginManager: Mounting plugin PhysXVehicles
LogPluginManager: Mounting plugin PostSplashScreen
LogPluginManager: Mounting plugin ProceduralMeshComponent
LogPluginManager: Mounting plugin RuntimePhysXCooking
LogPluginManager: Mounting plugin SignificanceManager
LogPluginManager: Mounting plugin SoundFields
LogPluginManager: Mounting plugin Synthesis
LogPluginManager: Mounting plugin WebMMoviePlayer
LogPluginManager: Mounting plugin WindowsMoviePlayer
LogPluginManager: Mounting plugin ScreenshotTools
LogPluginManager: Mounting plugin Takes
LogPluginManager: Mounting plugin ContentBrowserAssetDataSource
LogPluginManager: Mounting plugin ContentBrowserClassDataSource
LogPluginManager: Mounting plugin ContentBrowserFileDataSource
LogPluginManager: Mounting plugin OnlineSubsystemGooglePlay
LogPluginManager: Mounting plugin OnlineSubsystemIOS
LogPluginManager: Mounting plugin OculusVR
LogPluginManager: Mounting plugin SteamVR
PixWinPlugin: PIX capture plugin failed to initialize! Check that the process is launched from PIX.
LogInit: Using libcurl 7.55.1-DEV
LogInit:  - built for x86_64-pc-win32
LogInit:  - supports SSL with OpenSSL/1.1.1
LogInit:  - supports HTTP deflate (compression) using libz 1.2.8
LogInit:  - other features:
LogInit:      CURL_VERSION_SSL
LogInit:      CURL_VERSION_LIBZ
LogInit:      CURL_VERSION_IPV6
LogInit:      CURL_VERSION_ASYNCHDNS
LogInit:      CURL_VERSION_LARGEFILE
LogInit:      CURL_VERSION_IDN
LogInit:  CurlRequestOptions (configurable via config and command line):
LogInit:  - bVerifyPeer = true  - Libcurl will verify peer certificate
LogInit:  - bUseHttpProxy = false  - Libcurl will NOT use HTTP proxy
LogInit:  - bDontReuseConnections = false  - Libcurl will reuse connections
LogInit:  - MaxHostConnections = 16  - Libcurl will limit the number of connections to a host
LogInit:  - LocalHostAddr = Default
LogInit:  - BufferSize = 65536
LogOnline: OSS: Creating online subsystem instance for: NULL
LogInit: WinSock: version 1.1 (2.2), MaxSocks=32767, MaxUdp=65467
LogOnline: OSS: TryLoadSubsystemAndSetDefault: Loaded subsystem for module [NULL]
LogOculusPluginWrapper: OculusPlugin initialized successfully
LogHMD: Failed initializing OVRPlugin 1.59.0
LogInit: Build: ++UE4+Release-4.27-CL-17735300
LogInit: Engine Version: 4.27.1-17735300+++UE4+Release-4.27
LogInit: Compatible Engine Version: 4.27.0-17155196+++UE4+Release-4.27
LogInit: Net CL: 17155196
LogInit: OS: Windows 10 (Release 2009) (), CPU: Intel(R) Core(TM) i7-6700 CPU @ 3.40GHz, GPU: NVIDIA GeForce GTX 1060 3GB
LogInit: Compiled (64-bit): Oct  6 2021 14:42:51
LogInit: Compiled with Visual C++: 19.24.28315.00
LogInit: Build Configuration: Development
LogInit: Branch Name: ++UE4+Release-4.27
LogInit: Command Line:  /Game/MAP/MAP -game -PIEVIACONSOLE -Multiprocess GameUserSettingsINI=D:/Repository/kure-syageki/kure_yageki/Saved/Config/Windows/PIEGameUserSettings0.ini -MultiprocessSaveConfig -forcepassthrough -messaging -SessionName="Play in Standalone Game" -windowed -WinX=320 -WinY=204 SAVEWINPOS=1 -ResX=1280 -ResY=720
LogInit: Base Directory: D:/Unrealengine/UE_4.27/Engine/Binaries/Win64/
LogInit: Allocator: TBB
LogInit: Installed Engine Build: 1
LogDevObjectVersion: Number of dev versions registered: 29
LogDevObjectVersion:   Dev-Blueprints (B0D832E4-1F89-4F0D-ACCF-7EB736FD4AA2): 10
LogDevObjectVersion:   Dev-Build (E1C64328-A22C-4D53-A36C-8E866417BD8C): 0
LogDevObjectVersion:   Dev-Core (375EC13C-06E4-48FB-B500-84F0262A717E): 4
LogDevObjectVersion:   Dev-Editor (E4B068ED-F494-42E9-A231-DA0B2E46BB41): 40
LogDevObjectVersion:   Dev-Framework (CFFC743F-43B0-4480-9391-14DF171D2073): 37
LogDevObjectVersion:   Dev-Mobile (B02B49B5-BB20-44E9-A304-32B752E40360): 3
LogDevObjectVersion:   Dev-Networking (A4E4105C-59A1-49B5-A7C5-40C4547EDFEE): 0
LogDevObjectVersion:   Dev-Online (39C831C9-5AE6-47DC-9A44-9C173E1C8E7C): 0
LogDevObjectVersion:   Dev-Physics (78F01B33-EBEA-4F98-B9B4-84EACCB95AA2): 14
LogDevObjectVersion:   Dev-Platform (6631380F-2D4D-43E0-8009-CF276956A95A): 0
LogDevObjectVersion:   Dev-Rendering (12F88B9F-8875-4AFC-A67C-D90C383ABD29): 45
LogDevObjectVersion:   Dev-Sequencer (7B5AE74C-D270-4C10-A958-57980B212A5A): 13
LogDevObjectVersion:   Dev-VR (D7296918-1DD6-4BDD-9DE2-64A83CC13884): 3
LogDevObjectVersion:   Dev-LoadTimes (C2A15278-BFE7-4AFE-6C17-90FF531DF755): 1
LogDevObjectVersion:   Private-Geometry (6EACA3D4-40EC-4CC1-B786-8BED09428FC5): 3
LogDevObjectVersion:   Dev-AnimPhys (29E575DD-E0A3-4627-9D10-D276232CDCEA): 17
LogDevObjectVersion:   Dev-Anim (AF43A65D-7FD3-4947-9873-3E8ED9C1BB05): 15
LogDevObjectVersion:   Dev-ReflectionCapture (6B266CEC-1EC7-4B8F-A30B-E4D90942FC07): 1
LogDevObjectVersion:   Dev-Automation (0DF73D61-A23F-47EA-B727-89E90C41499A): 1
LogDevObjectVersion:   FortniteMain (601D1886-AC64-4F84-AA16-D3DE0DEAC7D6): 47
LogDevObjectVersion:   FortniteRelease (E7086368-6B23-4C58-8439-1B7016265E91): 1
LogDevObjectVersion:   Dev-Enterprise (9DFFBCD6-494F-0158-E221-12823C92A888): 10
LogDevObjectVersion:   Dev-Niagara (F2AED0AC-9AFE-416F-8664-AA7FFA26D6FC): 1
LogDevObjectVersion:   Dev-Destruction (174F1F0B-B4C6-45A5-B13F-2EE8D0FB917D): 10
LogDevObjectVersion:   Dev-Physics-Ext (35F94A83-E258-406C-A318-09F59610247C): 41
LogDevObjectVersion:   Dev-PhysicsMaterial-Chaos (B68FC16E-8B1B-42E2-B453-215C058844FE): 1
LogDevObjectVersion:   Dev-CineCamera (B2E18506-4273-CFC2-A54E-F4BB758BBA07): 1
LogDevObjectVersion:   Dev-VirtualProduction (64F58936-FD1B-42BA-BA96-7289D5D0FA4E): 1
LogDevObjectVersion:   Dev-MediaFramework (6F0ED827-A609-4895-9C91-998D90180EA4): 2
LogInit: Presizing for max 25165824 objects, including 0 objects not considered by GC, pre-allocating 0 bytes for permanent pool.
LogConfig: Applying CVar settings from Section [/Script/Engine.StreamingSettings] File [D:/Repository/kure-syageki/kure_yageki/Saved/Config/Windows/Engine.ini]
LogConfig: Setting CVar [[s.MinBulkDataSizeForAsyncLoading:131072]]
LogConfig: Setting CVar [[s.AsyncLoadingThreadEnabled:0]]
LogConfig: Setting CVar [[s.EventDrivenLoaderEnabled:1]]
LogConfig: Setting CVar [[s.WarnIfTimeLimitExceeded:0]]
LogConfig: Setting CVar [[s.TimeLimitExceededMultiplier:1.5]]
LogConfig: Setting CVar [[s.TimeLimitExceededMinTime:0.005]]
LogConfig: Setting CVar [[s.UseBackgroundLevelStreaming:1]]
LogConfig: Setting CVar [[s.PriorityAsyncLoadingExtraTime:15.0]]
LogConfig: Setting CVar [[s.LevelStreamingActorsUpdateTimeLimit:5.0]]
LogConfig: Setting CVar [[s.PriorityLevelStreamingActorsUpdateExtraTime:5.0]]
LogConfig: Setting CVar [[s.LevelStreamingComponentsRegistrationGranularity:10]]
LogConfig: Setting CVar [[s.UnregisterComponentsTimeLimit:1.0]]
LogConfig: Setting CVar [[s.LevelStreamingComponentsUnregistrationGranularity:5]]
LogConfig: Setting CVar [[s.FlushStreamingOnExit:1]]
LogInit: Object subsystem initialized
LogConfig: Setting CVar [[con.DebugEarlyDefault:1]]
LogConfig: Setting CVar [[r.setres:1280x720]]
[2021.12.22-13.51.01:717][  0]LogConfig: Setting CVar [[con.DebugEarlyDefault:1]]
[2021.12.22-13.51.01:717][  0]LogConfig: Setting CVar [[r.setres:1280x720]]
[2021.12.22-13.51.01:717][  0]LogConfig: Applying CVar settings from Section [/Script/Engine.RendererSettings] File [D:/Repository/kure-syageki/kure_yageki/Saved/Config/Windows/Engine.ini]
[2021.12.22-13.51.01:717][  0]LogConfig: Setting CVar [[r.GPUCrashDebugging:0]]
[2021.12.22-13.51.01:717][  0]LogConfig: Applying CVar settings from Section [/Script/Engine.RendererOverrideSettings] File [D:/Repository/kure-syageki/kure_yageki/Saved/Config/Windows/Engine.ini]
[2021.12.22-13.51.01:717][  0]LogConfig: Applying CVar settings from Section [/Script/Engine.StreamingSettings] File [D:/Repository/kure-syageki/kure_yageki/Saved/Config/Windows/Engine.ini]
[2021.12.22-13.51.01:717][  0]LogConfig: Setting CVar [[s.MinBulkDataSizeForAsyncLoading:131072]]
[2021.12.22-13.51.01:717][  0]LogConfig: Setting CVar [[s.AsyncLoadingThreadEnabled:0]]
[2021.12.22-13.51.01:717][  0]LogConfig: Setting CVar [[s.EventDrivenLoaderEnabled:1]]
[2021.12.22-13.51.01:717][  0]LogConfig: Setting CVar [[s.WarnIfTimeLimitExceeded:0]]
[2021.12.22-13.51.01:717][  0]LogConfig: Setting CVar [[s.TimeLimitExceededMultiplier:1.5]]
[2021.12.22-13.51.01:717][  0]LogConfig: Setting CVar [[s.TimeLimitExceededMinTime:0.005]]
[2021.12.22-13.51.01:717][  0]LogConfig: Setting CVar [[s.UseBackgroundLevelStreaming:1]]
[2021.12.22-13.51.01:717][  0]LogConfig: Setting CVar [[s.PriorityAsyncLoadingExtraTime:15.0]]
[2021.12.22-13.51.01:717][  0]LogConfig: Setting CVar [[s.LevelStreamingActorsUpdateTimeLimit:5.0]]
[2021.12.22-13.51.01:717][  0]LogConfig: Setting CVar [[s.PriorityLevelStreamingActorsUpdateExtraTime:5.0]]
[2021.12.22-13.51.01:717][  0]LogConfig: Setting CVar [[s.LevelStreamingComponentsRegistrationGranularity:10]]
[2021.12.22-13.51.01:717][  0]LogConfig: Setting CVar [[s.UnregisterComponentsTimeLimit:1.0]]
[2021.12.22-13.51.01:717][  0]LogConfig: Setting CVar [[s.LevelStreamingComponentsUnregistrationGranularity:5]]
[2021.12.22-13.51.01:718][  0]LogConfig: Setting CVar [[s.FlushStreamingOnExit:1]]
[2021.12.22-13.51.01:718][  0]LogConfig: Applying CVar settings from Section [/Script/Engine.GarbageCollectionSettings] File [D:/Repository/kure-syageki/kure_yageki/Saved/Config/Windows/Engine.ini]
[2021.12.22-13.51.01:718][  0]LogConfig: Setting CVar [[gc.MaxObjectsNotConsideredByGC:1]]
[2021.12.22-13.51.01:718][  0]LogConfig: Setting CVar [[gc.SizeOfPermanentObjectPool:0]]
[2021.12.22-13.51.01:718][  0]LogConfig: Setting CVar [[gc.FlushStreamingOnGC:0]]
[2021.12.22-13.51.01:718][  0]LogConfig: Setting CVar [[gc.NumRetriesBeforeForcingGC:10]]
[2021.12.22-13.51.01:718][  0]LogConfig: Setting CVar [[gc.AllowParallelGC:1]]
[2021.12.22-13.51.01:718][  0]LogConfig: Setting CVar [[gc.TimeBetweenPurgingPendingKillObjects:61.1]]
[2021.12.22-13.51.01:718][  0]LogConfig: Setting CVar [[gc.MaxObjectsInEditor:25165824]]
[2021.12.22-13.51.01:718][  0]LogConfig: Setting CVar [[gc.IncrementalBeginDestroyEnabled:1]]
[2021.12.22-13.51.01:718][  0]LogConfig: Setting CVar [[gc.CreateGCClusters:1]]
[2021.12.22-13.51.01:718][  0]LogConfig: Setting CVar [[gc.MinGCClusterSize:5]]
[2021.12.22-13.51.01:718][  0]LogConfig: Setting CVar [[gc.ActorClusteringEnabled:0]]
[2021.12.22-13.51.01:718][  0]LogConfig: Setting CVar [[gc.BlueprintClusteringEnabled:0]]
[2021.12.22-13.51.01:718][  0]LogConfig: Setting CVar [[gc.UseDisregardForGCOnDedicatedServers:0]]
[2021.12.22-13.51.01:718][  0]LogConfig: Setting CVar [[gc.MultithreadedDestructionEnabled:1]]
[2021.12.22-13.51.01:718][  0]LogConfig: Applying CVar settings from Section [/Script/Engine.NetworkSettings] File [D:/Repository/kure-syageki/kure_yageki/Saved/Config/Windows/Engine.ini]
[2021.12.22-13.51.01:718][  0]LogConfig: Applying CVar settings from Section [/Script/UnrealEd.CookerSettings] File [D:/Repository/kure-syageki/kure_yageki/Saved/Config/Windows/Engine.ini]
[2021.12.22-13.51.01:751][  0]LogConfig: Applying CVar settings from Section [ViewDistanceQuality@3] File [D:/Repository/kure-syageki/kure_yageki/Saved/Config/Windows/Scalability.ini]
[2021.12.22-13.51.01:751][  0]LogConfig: Setting CVar [[r.SkeletalMeshLODBias:0]]
[2021.12.22-13.51.01:751][  0]LogConfig: Setting CVar [[r.ViewDistanceScale:1.0]]
[2021.12.22-13.51.01:751][  0]LogConfig: Applying CVar settings from Section [AntiAliasingQuality@3] File [D:/Repository/kure-syageki/kure_yageki/Saved/Config/Windows/Scalability.ini]
[2021.12.22-13.51.01:751][  0]LogConfig: Setting CVar [[r.PostProcessAAQuality:4]]
[2021.12.22-13.51.01:751][  0]LogConfig: Applying CVar settings from Section [ShadowQuality@3] File [D:/Repository/kure-syageki/kure_yageki/Saved/Config/Windows/Scalability.ini]
[2021.12.22-13.51.01:751][  0]LogConfig: Setting CVar [[r.LightFunctionQuality:1]]
[2021.12.22-13.51.01:751][  0]LogConfig: Setting CVar [[r.ShadowQuality:5]]
[2021.12.22-13.51.01:751][  0]LogConfig: Setting CVar [[r.Shadow.CSM.MaxCascades:10]]
[2021.12.22-13.51.01:751][  0]LogConfig: Setting CVar [[r.Shadow.MaxResolution:2048]]
[2021.12.22-13.51.01:751][  0]LogConfig: Setting CVar [[r.Shadow.MaxCSMResolution:2048]]
[2021.12.22-13.51.01:751][  0]LogConfig: Setting CVar [[r.Shadow.RadiusThreshold:0.01]]
[2021.12.22-13.51.01:751][  0]LogConfig: Setting CVar [[r.Shadow.DistanceScale:1.0]]
[2021.12.22-13.51.01:751][  0]LogConfig: Setting CVar [[r.Shadow.CSM.TransitionScale:1.0]]
[2021.12.22-13.51.01:751][  0]LogConfig: Setting CVar [[r.Shadow.PreShadowResolutionFactor:1.0]]
[2021.12.22-13.51.01:751][  0]LogConfig: Setting CVar [[r.DistanceFieldShadowing:1]]
[2021.12.22-13.51.01:751][  0]LogConfig: Setting CVar [[r.DistanceFieldAO:1]]
[2021.12.22-13.51.01:751][  0]LogConfig: Setting CVar [[r.AOQuality:2]]
[2021.12.22-13.51.01:751][  0]LogConfig: Setting CVar [[r.VolumetricFog:1]]
[2021.12.22-13.51.01:751][  0]LogConfig: Setting CVar [[r.VolumetricFog.GridPixelSize:8]]
[2021.12.22-13.51.01:751][  0]LogConfig: Setting CVar [[r.VolumetricFog.GridSizeZ:128]]
[2021.12.22-13.51.01:751][  0]LogConfig: Setting CVar [[r.VolumetricFog.HistoryMissSupersampleCount:4]]
[2021.12.22-13.51.01:751][  0]LogConfig: Setting CVar [[r.LightMaxDrawDistanceScale:1]]
[2021.12.22-13.51.01:751][  0]LogConfig: Setting CVar [[r.CapsuleShadows:1]]
[2021.12.22-13.51.01:751][  0]LogConfig: Applying CVar settings from Section [PostProcessQuality@3] File [D:/Repository/kure-syageki/kure_yageki/Saved/Config/Windows/Scalability.ini]
[2021.12.22-13.51.01:752][  0]LogConfig: Setting CVar [[r.MotionBlurQuality:4]]
[2021.12.22-13.51.01:752][  0]LogConfig: Setting CVar [[r.AmbientOcclusionMipLevelFactor:0.4]]
[2021.12.22-13.51.01:752][  0]LogConfig: Setting CVar [[r.AmbientOcclusionMaxQuality:100]]
[2021.12.22-13.51.01:752][  0]LogConfig: Setting CVar [[r.AmbientOcclusionLevels:-1]]
[2021.12.22-13.51.01:752][  0]LogConfig: Setting CVar [[r.AmbientOcclusionRadiusScale:1.0]]
[2021.12.22-13.51.01:752][  0]LogConfig: Setting CVar [[r.DepthOfFieldQuality:2]]
[2021.12.22-13.51.01:752][  0]LogConfig: Setting CVar [[r.RenderTargetPoolMin:400]]
[2021.12.22-13.51.01:752][  0]LogConfig: Setting CVar [[r.LensFlareQuality:2]]
[2021.12.22-13.51.01:752][  0]LogConfig: Setting CVar [[r.SceneColorFringeQuality:1]]
[2021.12.22-13.51.01:752][  0]LogConfig: Setting CVar [[r.EyeAdaptationQuality:2]]
[2021.12.22-13.51.01:752][  0]LogConfig: Setting CVar [[r.BloomQuality:5]]
[2021.12.22-13.51.01:752][  0]LogConfig: Setting CVar [[r.FastBlurThreshold:100]]
[2021.12.22-13.51.01:752][  0]LogConfig: Setting CVar [[r.Upscale.Quality:3]]
[2021.12.22-13.51.01:752][  0]LogConfig: Setting CVar [[r.Tonemapper.GrainQuantization:1]]
[2021.12.22-13.51.01:752][  0]LogConfig: Setting CVar [[r.LightShaftQuality:1]]
[2021.12.22-13.51.01:752][  0]LogConfig: Setting CVar [[r.Filter.SizeScale:1]]
[2021.12.22-13.51.01:752][  0]LogConfig: Setting CVar [[r.Tonemapper.Quality:5]]
[2021.12.22-13.51.01:752][  0]LogConfig: Setting CVar [[r.DOF.Gather.AccumulatorQuality:1        ; higher gathering accumulator quality]]
[2021.12.22-13.51.01:752][  0]LogConfig: Setting CVar [[r.DOF.Gather.PostfilterMethod:1          ; Median3x3 postfilering method]]
[2021.12.22-13.51.01:752][  0]LogConfig: Setting CVar [[r.DOF.Gather.EnableBokehSettings:0       ; no bokeh simulation when gathering]]
[2021.12.22-13.51.01:752][  0]LogConfig: Setting CVar [[r.DOF.Gather.RingCount:4                 ; medium number of samples when gathering]]
[2021.12.22-13.51.01:752][  0]LogConfig: Setting CVar [[r.DOF.Scatter.ForegroundCompositing:1    ; additive foreground scattering]]
[2021.12.22-13.51.01:752][  0]LogConfig: Setting CVar [[r.DOF.Scatter.BackgroundCompositing:2    ; additive background scattering]]
[2021.12.22-13.51.01:752][  0]LogConfig: Setting CVar [[r.DOF.Scatter.EnableBokehSettings:1      ; bokeh simulation when scattering]]
[2021.12.22-13.51.01:752][  0]LogConfig: Setting CVar [[r.DOF.Scatter.MaxSpriteRatio:0.1         ; only a maximum of 10% of scattered bokeh]]
[2021.12.22-13.51.01:752][  0]LogConfig: Setting CVar [[r.DOF.Recombine.Quality:1                ; cheap slight out of focus]]
[2021.12.22-13.51.01:752][  0]LogConfig: Setting CVar [[r.DOF.Recombine.EnableBokehSettings:0    ; no bokeh simulation on slight out of focus]]
[2021.12.22-13.51.01:752][  0]LogConfig: Setting CVar [[r.DOF.TemporalAAQuality:1                ; more stable temporal accumulation]]
[2021.12.22-13.51.01:752][  0]LogConfig: Setting CVar [[r.DOF.Kernel.MaxForegroundRadius:0.025]]
[2021.12.22-13.51.01:752][  0]LogConfig: Setting CVar [[r.DOF.Kernel.MaxBackgroundRadius:0.025]]
[2021.12.22-13.51.01:752][  0]LogConfig: Applying CVar settings from Section [TextureQuality@3] File [D:/Repository/kure-syageki/kure_yageki/Saved/Config/Windows/Scalability.ini]
[2021.12.22-13.51.01:752][  0]LogConfig: Setting CVar [[r.Streaming.MipBias:0]]
[2021.12.22-13.51.01:753][  0]LogConfig: Setting CVar [[r.Streaming.AmortizeCPUToGPUCopy:0]]
[2021.12.22-13.51.01:753][  0]LogConfig: Setting CVar [[r.Streaming.MaxNumTexturesToStreamPerFrame:0]]
[2021.12.22-13.51.01:753][  0]LogConfig: Setting CVar [[r.Streaming.Boost:1]]
[2021.12.22-13.51.01:753][  0]LogConfig: Setting CVar [[r.MaxAnisotropy:8]]
[2021.12.22-13.51.01:753][  0]LogConfig: Setting CVar [[r.VT.MaxAnisotropy:8]]
[2021.12.22-13.51.01:753][  0]LogConfig: Setting CVar [[r.Streaming.LimitPoolSizeToVRAM:0]]
[2021.12.22-13.51.01:753][  0]LogConfig: Setting CVar [[r.Streaming.PoolSize:1000]]
[2021.12.22-13.51.01:753][  0]LogConfig: Setting CVar [[r.Streaming.MaxEffectiveScreenSize:0]]
[2021.12.22-13.51.01:753][  0]LogConfig: Applying CVar settings from Section [EffectsQuality@3] File [D:/Repository/kure-syageki/kure_yageki/Saved/Config/Windows/Scalability.ini]
[2021.12.22-13.51.01:753][  0]LogConfig: Setting CVar [[r.TranslucencyLightingVolumeDim:64]]
[2021.12.22-13.51.01:753][  0]LogConfig: Setting CVar [[r.RefractionQuality:2]]
[2021.12.22-13.51.01:753][  0]LogConfig: Setting CVar [[r.SSR.Quality:3]]
[2021.12.22-13.51.01:753][  0]LogConfig: Setting CVar [[r.SSR.HalfResSceneColor:0]]
[2021.12.22-13.51.01:753][  0]LogConfig: Setting CVar [[r.SceneColorFormat:4]]
[2021.12.22-13.51.01:753][  0]LogConfig: Setting CVar [[r.DetailMode:2]]
[2021.12.22-13.51.01:753][  0]LogConfig: Setting CVar [[r.TranslucencyVolumeBlur:1]]
[2021.12.22-13.51.01:753][  0]LogConfig: Setting CVar [[r.MaterialQualityLevel:1 ; High quality]]
[2021.12.22-13.51.01:753][  0]LogConfig: Setting CVar [[r.AnisotropicMaterials:1]]
[2021.12.22-13.51.01:753][  0]LogConfig: Setting CVar [[r.SSS.Scale:1]]
[2021.12.22-13.51.01:753][  0]LogConfig: Setting CVar [[r.SSS.SampleSet:2]]
[2021.12.22-13.51.01:753][  0]LogConfig: Setting CVar [[r.SSS.Quality:1]]
[2021.12.22-13.51.01:753][  0]LogConfig: Setting CVar [[r.SSS.HalfRes:0]]
[2021.12.22-13.51.01:753][  0]LogConfig: Setting CVar [[r.SSGI.Quality:3]]
[2021.12.22-13.51.01:753][  0]LogConfig: Setting CVar [[r.EmitterSpawnRateScale:1.0]]
[2021.12.22-13.51.01:753][  0]LogConfig: Setting CVar [[r.ParticleLightQuality:2]]
[2021.12.22-13.51.01:753][  0]LogConfig: Setting CVar [[r.SkyAtmosphere.AerialPerspectiveLUT.FastApplyOnOpaque:1 ; Always have FastSkyLUT 1 in this case to avoid wrong sky]]
[2021.12.22-13.51.01:753][  0]LogConfig: Setting CVar [[r.SkyAtmosphere.AerialPerspectiveLUT.SampleCountMaxPerSlice:4]]
[2021.12.22-13.51.01:753][  0]LogConfig: Setting CVar [[r.SkyAtmosphere.AerialPerspectiveLUT.DepthResolution:16.0]]
[2021.12.22-13.51.01:753][  0]LogConfig: Setting CVar [[r.SkyAtmosphere.FastSkyLUT:1]]
[2021.12.22-13.51.01:753][  0]LogConfig: Setting CVar [[r.SkyAtmosphere.FastSkyLUT.SampleCountMin:4.0]]
[2021.12.22-13.51.01:753][  0]LogConfig: Setting CVar [[r.SkyAtmosphere.FastSkyLUT.SampleCountMax:128.0]]
[2021.12.22-13.51.01:753][  0]LogConfig: Setting CVar [[r.SkyAtmosphere.SampleCountMin:4.0]]
[2021.12.22-13.51.01:753][  0]LogConfig: Setting CVar [[r.SkyAtmosphere.SampleCountMax:128.0]]
[2021.12.22-13.51.01:753][  0]LogConfig: Setting CVar [[r.SkyAtmosphere.TransmittanceLUT.UseSmallFormat:0]]
[2021.12.22-13.51.01:753][  0]LogConfig: Setting CVar [[r.SkyAtmosphere.TransmittanceLUT.SampleCount:10.0]]
[2021.12.22-13.51.01:753][  0]LogConfig: Setting CVar [[r.SkyAtmosphere.MultiScatteringLUT.SampleCount:15.0]]
[2021.12.22-13.51.01:753][  0]LogConfig: Setting CVar [[r.SkyLight.RealTimeReflectionCapture:1]]
[2021.12.22-13.51.01:753][  0]LogConfig: Applying CVar settings from Section [FoliageQuality@3] File [D:/Repository/kure-syageki/kure_yageki/Saved/Config/Windows/Scalability.ini]
[2021.12.22-13.51.01:754][  0]LogConfig: Setting CVar [[foliage.DensityScale:1.0]]
[2021.12.22-13.51.01:754][  0]LogConfig: Setting CVar [[grass.DensityScale:1.0]]
[2021.12.22-13.51.01:754][  0]LogConfig: Applying CVar settings from Section [ShadingQuality@3] File [D:/Repository/kure-syageki/kure_yageki/Saved/Config/Windows/Scalability.ini]
[2021.12.22-13.51.01:754][  0]LogConfig: Setting CVar [[r.HairStrands.SkyLighting.IntegrationType:2]]
[2021.12.22-13.51.01:754][  0]LogConfig: Setting CVar [[r.HairStrands.SkyAO.SampleCount:4]]
[2021.12.22-13.51.01:754][  0]LogConfig: Setting CVar [[r.HairStrands.Visibility.MSAA.SamplePerPixel:4]]
[2021.12.22-13.51.01:754][  0]LogInit: Selected Device Profile: [Windows]
[2021.12.22-13.51.01:754][  0]LogInit: Applying CVar settings loaded from the selected device profile: [Windows]
[2021.12.22-13.51.01:754][  0]LogHAL: Display: Platform has ~ 16 GB [17127309312 / 17179869184 / 16], which maps to Larger [LargestMinGB=32, LargerMinGB=12, DefaultMinGB=8, SmallerMinGB=6, SmallestMinGB=0)
[2021.12.22-13.51.01:754][  0]LogInit: Going up to parent DeviceProfile []
[2021.12.22-13.51.01:754][  0]LogConfig: Applying CVar settings from Section [ViewDistanceQuality@3] File [D:/Repository/kure-syageki/kure_yageki/Saved/Config/Windows/Scalability.ini]
[2021.12.22-13.51.01:754][  0]LogConfig: Setting CVar [[r.SkeletalMeshLODBias:0]]
[2021.12.22-13.51.01:754][  0]LogConfig: Setting CVar [[r.ViewDistanceScale:1.0]]
[2021.12.22-13.51.01:754][  0]LogConfig: Applying CVar settings from Section [AntiAliasingQuality@3] File [D:/Repository/kure-syageki/kure_yageki/Saved/Config/Windows/Scalability.ini]
[2021.12.22-13.51.01:754][  0]LogConfig: Setting CVar [[r.PostProcessAAQuality:4]]
[2021.12.22-13.51.01:754][  0]LogConfig: Applying CVar settings from Section [ShadowQuality@3] File [D:/Repository/kure-syageki/kure_yageki/Saved/Config/Windows/Scalability.ini]
[2021.12.22-13.51.01:754][  0]LogConfig: Setting CVar [[r.LightFunctionQuality:1]]
[2021.12.22-13.51.01:754][  0]LogConfig: Setting CVar [[r.ShadowQuality:5]]
[2021.12.22-13.51.01:754][  0]LogConfig: Setting CVar [[r.Shadow.CSM.MaxCascades:10]]
[2021.12.22-13.51.01:754][  0]LogConfig: Setting CVar [[r.Shadow.MaxResolution:2048]]
[2021.12.22-13.51.01:754][  0]LogConfig: Setting CVar [[r.Shadow.MaxCSMResolution:2048]]
[2021.12.22-13.51.01:754][  0]LogConfig: Setting CVar [[r.Shadow.RadiusThreshold:0.01]]
[2021.12.22-13.51.01:754][  0]LogConfig: Setting CVar [[r.Shadow.DistanceScale:1.0]]
[2021.12.22-13.51.01:754][  0]LogConfig: Setting CVar [[r.Shadow.CSM.TransitionScale:1.0]]
[2021.12.22-13.51.01:754][  0]LogConfig: Setting CVar [[r.Shadow.PreShadowResolutionFactor:1.0]]
[2021.12.22-13.51.01:754][  0]LogConfig: Setting CVar [[r.DistanceFieldShadowing:1]]
[2021.12.22-13.51.01:754][  0]LogConfig: Setting CVar [[r.DistanceFieldAO:1]]
[2021.12.22-13.51.01:754][  0]LogConfig: Setting CVar [[r.AOQuality:2]]
[2021.12.22-13.51.01:754][  0]LogConfig: Setting CVar [[r.VolumetricFog:1]]
[2021.12.22-13.51.01:754][  0]LogConfig: Setting CVar [[r.VolumetricFog.GridPixelSize:8]]
[2021.12.22-13.51.01:754][  0]LogConfig: Setting CVar [[r.VolumetricFog.GridSizeZ:128]]
[2021.12.22-13.51.01:754][  0]LogConfig: Setting CVar [[r.VolumetricFog.HistoryMissSupersampleCount:4]]
[2021.12.22-13.51.01:755][  0]LogConfig: Setting CVar [[r.LightMaxDrawDistanceScale:1]]
[2021.12.22-13.51.01:755][  0]LogConfig: Setting CVar [[r.CapsuleShadows:1]]
[2021.12.22-13.51.01:755][  0]LogConfig: Applying CVar settings from Section [PostProcessQuality@3] File [D:/Repository/kure-syageki/kure_yageki/Saved/Config/Windows/Scalability.ini]
[2021.12.22-13.51.01:755][  0]LogConfig: Setting CVar [[r.MotionBlurQuality:4]]
[2021.12.22-13.51.01:755][  0]LogConfig: Setting CVar [[r.AmbientOcclusionMipLevelFactor:0.4]]
[2021.12.22-13.51.01:755][  0]LogConfig: Setting CVar [[r.AmbientOcclusionMaxQuality:100]]
[2021.12.22-13.51.01:755][  0]LogConfig: Setting CVar [[r.AmbientOcclusionLevels:-1]]
[2021.12.22-13.51.01:755][  0]LogConfig: Setting CVar [[r.AmbientOcclusionRadiusScale:1.0]]
[2021.12.22-13.51.01:755][  0]LogConfig: Setting CVar [[r.DepthOfFieldQuality:2]]
[2021.12.22-13.51.01:755][  0]LogConfig: Setting CVar [[r.RenderTargetPoolMin:400]]
[2021.12.22-13.51.01:755][  0]LogConfig: Setting CVar [[r.LensFlareQuality:2]]
[2021.12.22-13.51.01:755][  0]LogConfig: Setting CVar [[r.SceneColorFringeQuality:1]]
[2021.12.22-13.51.01:755][  0]LogConfig: Setting CVar [[r.EyeAdaptationQuality:2]]
[2021.12.22-13.51.01:755][  0]LogConfig: Setting CVar [[r.BloomQuality:5]]
[2021.12.22-13.51.01:755][  0]LogConfig: Setting CVar [[r.FastBlurThreshold:100]]
[2021.12.22-13.51.01:755][  0]LogConfig: Setting CVar [[r.Upscale.Quality:3]]
[2021.12.22-13.51.01:755][  0]LogConfig: Setting CVar [[r.Tonemapper.GrainQuantization:1]]
[2021.12.22-13.51.01:755][  0]LogConfig: Setting CVar [[r.LightShaftQuality:1]]
[2021.12.22-13.51.01:755][  0]LogConfig: Setting CVar [[r.Filter.SizeScale:1]]
[2021.12.22-13.51.01:755][  0]LogConfig: Setting CVar [[r.Tonemapper.Quality:5]]
[2021.12.22-13.51.01:755][  0]LogConfig: Setting CVar [[r.DOF.Gather.AccumulatorQuality:1        ; higher gathering accumulator quality]]
[2021.12.22-13.51.01:755][  0]LogConfig: Setting CVar [[r.DOF.Gather.PostfilterMethod:1          ; Median3x3 postfilering method]]
[2021.12.22-13.51.01:755][  0]LogConfig: Setting CVar [[r.DOF.Gather.EnableBokehSettings:0       ; no bokeh simulation when gathering]]
[2021.12.22-13.51.01:755][  0]LogConfig: Setting CVar [[r.DOF.Gather.RingCount:4                 ; medium number of samples when gathering]]
[2021.12.22-13.51.01:755][  0]LogConfig: Setting CVar [[r.DOF.Scatter.ForegroundCompositing:1    ; additive foreground scattering]]
[2021.12.22-13.51.01:755][  0]LogConfig: Setting CVar [[r.DOF.Scatter.BackgroundCompositing:2    ; additive background scattering]]
[2021.12.22-13.51.01:755][  0]LogConfig: Setting CVar [[r.DOF.Scatter.EnableBokehSettings:1      ; bokeh simulation when scattering]]
[2021.12.22-13.51.01:755][  0]LogConfig: Setting CVar [[r.DOF.Scatter.MaxSpriteRatio:0.1         ; only a maximum of 10% of scattered bokeh]]
[2021.12.22-13.51.01:755][  0]LogConfig: Setting CVar [[r.DOF.Recombine.Quality:1                ; cheap slight out of focus]]
[2021.12.22-13.51.01:755][  0]LogConfig: Setting CVar [[r.DOF.Recombine.EnableBokehSettings:0    ; no bokeh simulation on slight out of focus]]
[2021.12.22-13.51.01:755][  0]LogConfig: Setting CVar [[r.DOF.TemporalAAQuality:1                ; more stable temporal accumulation]]
[2021.12.22-13.51.01:755][  0]LogConfig: Setting CVar [[r.DOF.Kernel.MaxForegroundRadius:0.025]]
[2021.12.22-13.51.01:755][  0]LogConfig: Setting CVar [[r.DOF.Kernel.MaxBackgroundRadius:0.025]]
[2021.12.22-13.51.01:755][  0]LogConfig: Applying CVar settings from Section [TextureQuality@3] File [D:/Repository/kure-syageki/kure_yageki/Saved/Config/Windows/Scalability.ini]
[2021.12.22-13.51.01:755][  0]LogConfig: Setting CVar [[r.Streaming.MipBias:0]]
[2021.12.22-13.51.01:755][  0]LogConfig: Setting CVar [[r.Streaming.AmortizeCPUToGPUCopy:0]]
[2021.12.22-13.51.01:755][  0]LogConfig: Setting CVar [[r.Streaming.MaxNumTexturesToStreamPerFrame:0]]
[2021.12.22-13.51.01:755][  0]LogConfig: Setting CVar [[r.Streaming.Boost:1]]
[2021.12.22-13.51.01:755][  0]LogConfig: Setting CVar [[r.MaxAnisotropy:8]]
[2021.12.22-13.51.01:755][  0]LogConfig: Setting CVar [[r.VT.MaxAnisotropy:8]]
[2021.12.22-13.51.01:755][  0]LogConfig: Setting CVar [[r.Streaming.LimitPoolSizeToVRAM:0]]
[2021.12.22-13.51.01:756][  0]LogConfig: Setting CVar [[r.Streaming.PoolSize:1000]]
[2021.12.22-13.51.01:756][  0]LogConfig: Setting CVar [[r.Streaming.MaxEffectiveScreenSize:0]]
[2021.12.22-13.51.01:756][  0]LogConfig: Applying CVar settings from Section [EffectsQuality@3] File [D:/Repository/kure-syageki/kure_yageki/Saved/Config/Windows/Scalability.ini]
[2021.12.22-13.51.01:756][  0]LogConfig: Setting CVar [[r.TranslucencyLightingVolumeDim:64]]
[2021.12.22-13.51.01:756][  0]LogConfig: Setting CVar [[r.RefractionQuality:2]]
[2021.12.22-13.51.01:756][  0]LogConfig: Setting CVar [[r.SSR.Quality:3]]
[2021.12.22-13.51.01:756][  0]LogConfig: Setting CVar [[r.SSR.HalfResSceneColor:0]]
[2021.12.22-13.51.01:756][  0]LogConfig: Setting CVar [[r.SceneColorFormat:4]]
[2021.12.22-13.51.01:756][  0]LogConfig: Setting CVar [[r.DetailMode:2]]
[2021.12.22-13.51.01:756][  0]LogConfig: Setting CVar [[r.TranslucencyVolumeBlur:1]]
[2021.12.22-13.51.01:756][  0]LogConfig: Setting CVar [[r.MaterialQualityLevel:1 ; High quality]]
[2021.12.22-13.51.01:756][  0]LogConfig: Setting CVar [[r.AnisotropicMaterials:1]]
[2021.12.22-13.51.01:757][  0]LogConfig: Setting CVar [[r.SSS.Scale:1]]
[2021.12.22-13.51.01:757][  0]LogConfig: Setting CVar [[r.SSS.SampleSet:2]]
[2021.12.22-13.51.01:757][  0]LogConfig: Setting CVar [[r.SSS.Quality:1]]
[2021.12.22-13.51.01:757][  0]LogConfig: Setting CVar [[r.SSS.HalfRes:0]]
[2021.12.22-13.51.01:757][  0]LogConfig: Setting CVar [[r.SSGI.Quality:3]]
[2021.12.22-13.51.01:757][  0]LogConfig: Setting CVar [[r.EmitterSpawnRateScale:1.0]]
[2021.12.22-13.51.01:757][  0]LogConfig: Setting CVar [[r.ParticleLightQuality:2]]
[2021.12.22-13.51.01:757][  0]LogConfig: Setting CVar [[r.SkyAtmosphere.AerialPerspectiveLUT.FastApplyOnOpaque:1 ; Always have FastSkyLUT 1 in this case to avoid wrong sky]]
[2021.12.22-13.51.01:757][  0]LogConfig: Setting CVar [[r.SkyAtmosphere.AerialPerspectiveLUT.SampleCountMaxPerSlice:4]]
[2021.12.22-13.51.01:757][  0]LogConfig: Setting CVar [[r.SkyAtmosphere.AerialPerspectiveLUT.DepthResolution:16.0]]
[2021.12.22-13.51.01:757][  0]LogConfig: Setting CVar [[r.SkyAtmosphere.FastSkyLUT:1]]
[2021.12.22-13.51.01:757][  0]LogConfig: Setting CVar [[r.SkyAtmosphere.FastSkyLUT.SampleCountMin:4.0]]
[2021.12.22-13.51.01:757][  0]LogConfig: Setting CVar [[r.SkyAtmosphere.FastSkyLUT.SampleCountMax:128.0]]
[2021.12.22-13.51.01:757][  0]LogConfig: Setting CVar [[r.SkyAtmosphere.SampleCountMin:4.0]]
[2021.12.22-13.51.01:757][  0]LogConfig: Setting CVar [[r.SkyAtmosphere.SampleCountMax:128.0]]
[2021.12.22-13.51.01:757][  0]LogConfig: Setting CVar [[r.SkyAtmosphere.TransmittanceLUT.UseSmallFormat:0]]
[2021.12.22-13.51.01:757][  0]LogConfig: Setting CVar [[r.SkyAtmosphere.TransmittanceLUT.SampleCount:10.0]]
[2021.12.22-13.51.01:757][  0]LogConfig: Setting CVar [[r.SkyAtmosphere.MultiScatteringLUT.SampleCount:15.0]]
[2021.12.22-13.51.01:757][  0]LogConfig: Setting CVar [[r.SkyLight.RealTimeReflectionCapture:1]]
[2021.12.22-13.51.01:757][  0]LogConfig: Applying CVar settings from Section [FoliageQuality@3] File [D:/Repository/kure-syageki/kure_yageki/Saved/Config/Windows/Scalability.ini]
[2021.12.22-13.51.01:757][  0]LogConfig: Setting CVar [[foliage.DensityScale:1.0]]
[2021.12.22-13.51.01:757][  0]LogConfig: Setting CVar [[grass.DensityScale:1.0]]
[2021.12.22-13.51.01:757][  0]LogConfig: Applying CVar settings from Section [ShadingQuality@3] File [D:/Repository/kure-syageki/kure_yageki/Saved/Config/Windows/Scalability.ini]
[2021.12.22-13.51.01:757][  0]LogConfig: Setting CVar [[r.HairStrands.SkyLighting.IntegrationType:2]]
[2021.12.22-13.51.01:757][  0]LogConfig: Setting CVar [[r.HairStrands.SkyAO.SampleCount:4]]
[2021.12.22-13.51.01:757][  0]LogConfig: Setting CVar [[r.HairStrands.Visibility.MSAA.SamplePerPixel:4]]
[2021.12.22-13.51.01:757][  0]LogConfig: Applying CVar settings from Section [Startup] File [../../../Engine/Config/ConsoleVariables.ini]
[2021.12.22-13.51.01:758][  0]LogConfig: Setting CVar [[net.UseAdaptiveNetUpdateFrequency:0]]
[2021.12.22-13.51.01:758][  0]LogConfig: Setting CVar [[p.chaos.AllowCreatePhysxBodies:1]]
[2021.12.22-13.51.01:758][  0]LogConfig: Setting CVar [[fx.SkipVectorVMBackendOptimizations:1]]
[2021.12.22-13.51.01:758][  0]LogConfig: Applying CVar settings from Section [ConsoleVariables] File [D:/Repository/kure-syageki/kure_yageki/Saved/Config/Windows/Engine.ini]
[2021.12.22-13.51.01:758][  0]LogConfig: Applying CVar settings from Section [ConsoleVariables] File [D:/Repository/kure-syageki/kure_yageki/Saved/Config/Windows/Editor.ini]
[2021.12.22-13.51.01:758][  0]LogInit: Computer: DESKTOP-5K6PNL6
[2021.12.22-13.51.01:758][  0]LogInit: User: Xyng
[2021.12.22-13.51.01:758][  0]LogInit: CPU Page size=4096, Cores=4
[2021.12.22-13.51.01:758][  0]LogInit: High frequency timer resolution =10.000000 MHz
[2021.12.22-13.51.01:758][  0]LogMemory: Memory total: Physical=16.0GB (16GB approx)
[2021.12.22-13.51.01:758][  0]LogMemory: Platform Memory Stats for Windows
[2021.12.22-13.51.01:758][  0]LogMemory: Process Physical Memory: 141.32 MB used, 141.32 MB peak
[2021.12.22-13.51.01:758][  0]LogMemory: Process Virtual Memory: 112.30 MB used, 112.30 MB peak
[2021.12.22-13.51.01:758][  0]LogMemory: Physical Memory: 11855.63 MB used,  4478.25 MB free, 16333.88 MB total
[2021.12.22-13.51.01:758][  0]LogMemory: Virtual Memory: 134212264.00 MB used,  5462.30 MB free, 134217728.00 MB total
[2021.12.22-13.51.01:767][  0]LogWindows: WindowsPlatformFeatures enabled
[2021.12.22-13.51.01:843][  0]LogInit: Physics initialised using underlying interface: PhysX
[2021.12.22-13.51.01:843][  0]LogInit: Using OS detected language (ja-JP).
[2021.12.22-13.51.01:843][  0]LogInit: Using OS detected locale (ja-JP).
[2021.12.22-13.51.01:847][  0]LogTextLocalizationManager: No specific localization for 'ja-JP' exists, so the 'ja' localization will be used.
[2021.12.22-13.51.02:055][  0]LogWindowsTextInputMethodSystem: Display: IME system deactivated.
[2021.12.22-13.51.02:116][  0]LogSlate: New Slate User Created.  User Index 0, Is Virtual User: 0
[2021.12.22-13.51.02:116][  0]LogSlate: Slate User Registered.  User Index 0, Is Virtual User: 0
[2021.12.22-13.51.02:150][  0]LogD3D11RHI: Loaded GFSDK_Aftermath_Lib.x64.dll
[2021.12.22-13.51.02:155][  0]LogHMD: Failed to initialize OpenVR with code 110
[2021.12.22-13.51.02:155][  0]LogD3D11RHI: D3D11 min allowed feature level: 11_0
[2021.12.22-13.51.02:155][  0]LogD3D11RHI: D3D11 max allowed feature level: 11_0
[2021.12.22-13.51.02:155][  0]LogD3D11RHI: D3D11 adapters:
[2021.12.22-13.51.02:291][  0]LogD3D11RHI:    0. 'NVIDIA GeForce GTX 1060 3GB' (Feature Level 11_0)
[2021.12.22-13.51.02:291][  0]LogD3D11RHI:       2988/0/8166 MB DedicatedVideo/DedicatedSystem/SharedSystem, Outputs:2, VendorId:0x10de
[2021.12.22-13.51.02:295][  0]LogD3D11RHI:    1. 'Microsoft Basic Render Driver' (Feature Level 11_0)
[2021.12.22-13.51.02:295][  0]LogD3D11RHI:       0/0/8166 MB DedicatedVideo/DedicatedSystem/SharedSystem, Outputs:0, VendorId:0x1414
[2021.12.22-13.51.02:295][  0]LogD3D11RHI: Chosen D3D11 Adapter:
[2021.12.22-13.51.02:295][  0]LogD3D11RHI:     Description : NVIDIA GeForce GTX 1060 3GB
[2021.12.22-13.51.02:295][  0]LogD3D11RHI:     VendorId    : 10de
[2021.12.22-13.51.02:295][  0]LogD3D11RHI:     DeviceId    : 1c02
[2021.12.22-13.51.02:295][  0]LogD3D11RHI:     SubSysId    : 37221458
[2021.12.22-13.51.02:295][  0]LogD3D11RHI:     Revision    : 00a1
[2021.12.22-13.51.02:295][  0]LogD3D11RHI:     DedicatedVideoMemory : 3133145088 bytes
[2021.12.22-13.51.02:295][  0]LogD3D11RHI:     DedicatedSystemMemory : 0 bytes
[2021.12.22-13.51.02:295][  0]LogD3D11RHI:     SharedSystemMemory : 8563654656 bytes
[2021.12.22-13.51.02:295][  0]LogD3D11RHI:     AdapterLuid : 0 60491
[2021.12.22-13.51.02:302][  0]LogD3D11RHI: Creating new Direct3DDevice
[2021.12.22-13.51.02:302][  0]LogD3D11RHI:     GPU DeviceId: 0x1c02 (for the marketing name, search the web for "GPU Device Id")
[2021.12.22-13.51.02:302][  0]LogWindows: EnumDisplayDevices:
[2021.12.22-13.51.02:302][  0]LogWindows:    0. 'NVIDIA GeForce GTX 1060 3GB' (P:1 D:1)
[2021.12.22-13.51.02:303][  0]LogWindows:    1. 'NVIDIA GeForce GTX 1060 3GB' (P:0 D:1)
[2021.12.22-13.51.02:303][  0]LogWindows:    2. 'NVIDIA GeForce GTX 1060 3GB' (P:0 D:0)
[2021.12.22-13.51.02:303][  0]LogWindows:    3. 'NVIDIA GeForce GTX 1060 3GB' (P:0 D:0)
[2021.12.22-13.51.02:304][  0]LogWindows: DebugString: FoundDriverCount:4 
[2021.12.22-13.51.02:304][  0]LogD3D11RHI:     Adapter Name: NVIDIA GeForce GTX 1060 3GB
[2021.12.22-13.51.02:304][  0]LogD3D11RHI:   Driver Version: 497.09 (internal:30.0.14.9709, unified:497.09)
[2021.12.22-13.51.02:304][  0]LogD3D11RHI:      Driver Date: 11-26-2021
[2021.12.22-13.51.02:304][  0]LogRHI: Texture pool is 2091 MB (70% of 2988 MB)
[2021.12.22-13.51.02:304][  0]LogD3D11RHI: Creating D3DDevice using adapter:
[2021.12.22-13.51.02:304][  0]LogD3D11RHI:     Description : NVIDIA GeForce GTX 1060 3GB
[2021.12.22-13.51.02:304][  0]LogD3D11RHI:     VendorId    : 10de
[2021.12.22-13.51.02:304][  0]LogD3D11RHI:     DeviceId    : 1c02
[2021.12.22-13.51.02:304][  0]LogD3D11RHI:     SubSysId    : 37221458
[2021.12.22-13.51.02:304][  0]LogD3D11RHI:     Revision    : 00a1
[2021.12.22-13.51.02:304][  0]LogD3D11RHI:     DedicatedVideoMemory : 3133145088 bytes
[2021.12.22-13.51.02:304][  0]LogD3D11RHI:     DedicatedSystemMemory : 0 bytes
[2021.12.22-13.51.02:304][  0]LogD3D11RHI:     SharedSystemMemory : 8563654656 bytes
[2021.12.22-13.51.02:304][  0]LogD3D11RHI:     AdapterLuid : 0 60491
[2021.12.22-13.51.02:387][  0]LogD3D11RHI: RHI has support for 64 bit atomics
[2021.12.22-13.51.02:387][  0]LogD3D11RHI: Async texture creation enabled
[2021.12.22-13.51.02:387][  0]LogD3D11RHI: Array index from any shader is supported
[2021.12.22-13.51.02:415][  0]LogD3D11RHI: GPU Timing Frequency: 1000.000000 (Debug: 2 1)
[2021.12.22-13.51.02:468][  0]LogRHI: GeForceNow SDK initialized: 1
[2021.12.22-13.51.02:892][  0]LogTargetPlatformManager: Display: Loaded TargetPlatform 'WindowsNoEditor'
[2021.12.22-13.51.02:898][  0]LogTargetPlatformManager: Display: Loaded TargetPlatform 'Windows'
[2021.12.22-13.51.02:904][  0]LogTargetPlatformManager: Display: Loaded TargetPlatform 'WindowsClient'
[2021.12.22-13.51.02:909][  0]LogTargetPlatformManager: Display: Loaded TargetPlatform 'WindowsServer'
[2021.12.22-13.51.02:909][  0]LogTargetPlatformManager: Display: Building Assets For Windows
[2021.12.22-13.51.02:918][  0]LogAudioDebug: Display: Lib vorbis DLL was dynamically loaded.
[2021.12.22-13.51.02:958][  0]LogTextureFormatOodle: Display: Oodle Texture 2.9.0 init RDO Off
[2021.12.22-13.51.03:000][  0]LogRendererCore: Ray tracing is disabled. Reason: r.RayTracing=0.
[2021.12.22-13.51.03:000][  0]LogShaderCompilers: Guid format shader working directory is -5 characters bigger than the processId version (../../../../../Repository/kure-syageki/kure_yageki/Intermediate/Shaders/WorkingDirectory/11940/).
[2021.12.22-13.51.03:001][  0]LogShaderCompilers: Cleaned the shader compiler working directory 'C:/Users/tymko/AppData/Local/Temp/UnrealShaderWorkingDir/6237CB7948E0E61DC1BC07BAD0BA32BF/'.
[2021.12.22-13.51.03:001][  0]LogXGEController: Cannot use XGE Controller as Incredibuild is not installed on this machine.
[2021.12.22-13.51.03:001][  0]LogShaderCompilers: Cannot use XGE Shader Compiler as Incredibuild is not installed on this machine.
[2021.12.22-13.51.03:001][  0]LogShaderCompilers: Display: Using Local Shader Compiler.
[2021.12.22-13.51.03:902][  0]LogDerivedDataCache: Display: Max Cache Size: 512 MB
[2021.12.22-13.51.03:981][  0]LogDerivedDataCache: Loaded boot cache 0.08s 94MB C:/Users/tymko/AppData/Local/UnrealEngine/4.27/DerivedDataCache/Boot.ddc.
[2021.12.22-13.51.03:981][  0]LogDerivedDataCache: Display: Loaded Boot cache: C:/Users/tymko/AppData/Local/UnrealEngine/4.27/DerivedDataCache/Boot.ddc
[2021.12.22-13.51.03:981][  0]LogDerivedDataCache: FDerivedDataBackendGraph:  Pak pak cache file ../../../../../Repository/kure-syageki/kure_yageki/DerivedDataCache/DDC.ddp not found, will not use a pak cache.
[2021.12.22-13.51.03:981][  0]LogDerivedDataCache: Unable to find inner node Pak for hierarchical cache Hierarchy.
[2021.12.22-13.51.03:981][  0]LogDerivedDataCache: FDerivedDataBackendGraph:  CompressedPak pak cache file ../../../../../Repository/kure-syageki/kure_yageki/DerivedDataCache/Compressed.ddp not found, will not use a pak cache.
[2021.12.22-13.51.03:981][  0]LogDerivedDataCache: Unable to find inner node CompressedPak for hierarchical cache Hierarchy.
[2021.12.22-13.51.04:000][  0]LogDerivedDataCache: Display: Pak cache opened for reading ../../../Engine/DerivedDataCache/Compressed.ddp.
[2021.12.22-13.51.04:000][  0]LogDerivedDataCache: FDerivedDataBackendGraph:  EnterprisePak pak cache file ../../../Enterprise/DerivedDataCache/Compressed.ddp not found, will not use a pak cache.
[2021.12.22-13.51.04:000][  0]LogDerivedDataCache: Unable to find inner node EnterprisePak for hierarchical cache Hierarchy.
[2021.12.22-13.51.04:008][  0]LogDerivedDataCache: Speed tests for C:/Users/tymko/AppData/Local/UnrealEngine/Common/DerivedDataCache took 0.01 seconds
[2021.12.22-13.51.04:008][  0]LogDerivedDataCache: Display: Performance to C:/Users/tymko/AppData/Local/UnrealEngine/Common/DerivedDataCache: Latency=0.03ms. RandomReadSpeed=1223.11MBs, RandomWriteSpeed=134.46MBs. Assigned SpeedClass 'Local'
[2021.12.22-13.51.04:010][  0]LogDerivedDataCache: Using Local data cache path C:/Users/tymko/AppData/Local/UnrealEngine/Common/DerivedDataCache: Writable
[2021.12.22-13.51.04:010][  0]LogDerivedDataCache: Shared data cache path not found in *engine.ini, will not use an Shared cache.
[2021.12.22-13.51.04:010][  0]LogDerivedDataCache: Unable to find inner node Shared for hierarchical cache Hierarchy.
[2021.12.22-13.51.04:061][  0]LogSlate: Using FreeType 2.10.0
[2021.12.22-13.51.04:062][  0]LogSlate: SlateFontServices - WITH_FREETYPE: 1, WITH_HARFBUZZ: 1
[2021.12.22-13.51.04:177][  0]LogInit: Using OS detected language (ja-JP).
[2021.12.22-13.51.04:177][  0]LogInit: Using OS detected locale (ja-JP).
[2021.12.22-13.51.04:177][  0]LogTextLocalizationManager: No localization for 'ja-JP' exists, so 'en' will be used for the language.
[2021.12.22-13.51.04:177][  0]LogTextLocalizationManager: No localization for 'ja-JP' exists, so 'en' will be used for the locale.
[2021.12.22-13.51.04:177][  0]LogSlate: FontCache flush requested. Reason: Culture for localization was changed
[2021.12.22-13.51.04:177][  0]LogSlate: FontCache flush requested. Reason: Culture for localization was changed
[2021.12.22-13.51.04:180][  0]LogAssetRegistry: FAssetRegistry took 0.0020 seconds to start up
[2021.12.22-13.51.04:391][  0]LogTextLocalizationManager: Compacting localization data took   0.00ms
[2021.12.22-13.51.04:391][  0]LogPackageLocalizationCache: Processed 27 localized package path(s) for 1 prioritized culture(s) in 0.001829 seconds
[2021.12.22-13.51.04:465][  0]LogInit: Selected Device Profile: [Windows]
[2021.12.22-13.51.04:465][  0]LogInit: Active device profile: [00000217A2218D00][0000021799BBD600 49] Windows
[2021.12.22-13.51.04:465][  0]LogInit: Profiles: [00000217A2218D00][0000021799BBD600 49] Windows, [00000217A21DE100][0000021799BC1740 49] WindowsNoEditor, [00000217A2219C00][0000021799BC5880 49] WindowsServer, [00000217A21DEF00][000002179E171A00 49] WindowsClient, [00000217A221A900][000002179E175B80 49] IOS, [00000217A21DD800][000002179E178180 49] iPadAir, [00000217A221BE00][000002179E17C300 49] iPadAir2, [00000217A2179100][000002179E1845C0 49] IPadPro, [00000217A2179200][000002179E180600 49] iPadAir3, [00000217A21DCC00][000002179E188780 49] iPadAir4, [00000217A2179E00][000002179E18C900 49] iPadMini2, [00000217A21DF100][000002179E190A80 49] iPadMini3, [00000217A217B900][000002179E194C00 49] iPadMini4, [00000217A21DD000][000002179E198D80 49] iPadMini5, [00000217A2188900][000002179E1A1040 49] iPhone6, [00000217A2188A00][000002179E19D080 49] iPodTouch6, [00000217A221AE00][000002179E1A9340 49] iPhone7, [00000217A221AF00][000002179E1A5380 49] iPodTouch7, [00000217A217BE00][000002179E1AD500 49] iPhone5S, [00000217A2219000][000002179E1B1680 49] iPhone6Plus, [00000217A2188100][0000021799BC97C0 49] iPhone6S, [00000217A2178300][000002179E1B5900 49] iPhone6SPlus, [00000217A218A800][000002179E1B9A40 49] iPhone7Plus, [00000217A217A400][000002179E4BDBC0 49] iPhoneSE, [00000217A218A600][000002179E4C01C0 49] iPhone8, [00000217A2178400][000002179E4C4340 49] iPhone8Plus, [00000217A218B100][000002179E4C84C0 49] iPhoneX, [00000217A2219500][000002179E4CC640 49] iPhoneXS, [00000217A218AB00][000002179E4D07C0 49] iPhoneXSMax, [00000217A2218700][000002179E4D4940 49] iPhoneXR, [00000217A2188800][000002179E4D8AC0 49] iPhone11, [00000217A2219100][000002179E4DCC40 49] iPhone11Pro, [00000217A2189A00][000002179E4E0DC0 49] iPhone11ProMax, [00000217A221B700][000002179E4E4F40 49] iPhoneSE2, [00000217A218B800][000002179E4E90C0 49] iPhone12Mini, [00000217A221A300][000002179E4ED240 49] iPhone12, [00000217A218B200][000002179E4F13C0 49] iPhone12Pro, [00000217A2219300][000002179E4F5540 49] iPhone12ProMax, [00000217A2189500][000002179E4F96C0 49] iPadPro105, [00000217A2218A00][000002179E4FD840 49] iPadPro129, [00000217A218BD00][000002179E4B9980 49] iPadPro97, [00000217A221AA00][000002179E501AC0 49] iPadPro2_129, [00000217A2188E00][000002179E505C00 49] iPad5, [00000217A2219F00][000002179E5081C0 49] iPad6, [00000217A2189300][000002179E510340 49] iPad7, [00000217A2218200][000002179E5144C0 49] iPad8, [00000217A218BA00][000002179E518640 49] iPadPro11, [00000217A2219400][000002179E51C7C0 49] iPadPro2_11, [00000217A218BE00][000002179E520940 49] iPadPro3_129, [00000217A221A700][000002179E524AC0 49] iPadPro4_129, [00000217A2188200][000002179E528C40 49] AppleTV, [00000217A2218900][000002179E52CDC0 49] AppleTV4K, [00000217A218A300][000002179E530F40 49] TVOS, [00000217A221AD00][000002179E5350C0 49] Mac, [00000217A218B600][000002179E539240 49] MacClient, [00000217A221A100][000002179E53D3C0 49] MacNoEditor, [00000217A218B000][000002179E541540 49] MacServer, [00000217A221A600][000002179E5456C0 49] Linux, [00000217A2189D00][000002179E549840 49] LinuxAArch64, [00000217A2219A00][000002179E54D9C0 49] LinuxNoEditor, [00000217A218BB00][000002179E50DB00 49] LinuxAArch64NoEditor, [00000217A2219200][000002179E5500C0 49] LinuxClient, [00000217A218AD00][000002179E554200 49] LinuxAArch64Client, [00000217A2218100][000002179E558340 49] LinuxServer, [00000217A218BF00][000002179E5604C0 49] LinuxAArch64Server, [00000217A221AC00][000002179E564640 49] Android, [00000217A2189C00][000002179E5687C0 49] Android_Low, [00000217A221B300][000002179E56C940 49] Android_Mid, [00000217A218A200][000002179DF1EAC0 49] Android_High, [00000217A221B400][000002179DF22C40 49] Android_Default, [00000217A2189F00][000002179DF26DC0 49] Android_Adreno4xx, [00000217A221BF00][000002179DF2AF40 49] Android_Adreno5xx_Low, [00000217A2188B00][000002179DF2F0C0 49] Android_Adreno5xx, [00000217A221BD00][000002179DF33240 49] Android_Adreno6xx, [00000217A21DC500][000002179DF373C0 49] Android_Adreno6xx_Vulkan, [00000217A217B600][000002179DF3B540 49] Android_Mali_T6xx, [00000217A21DFF00][000002179DF3F6C0 49] Android_Mali_T7xx, [00000217A217B300][000002179DF43840 49] Android_Mali_T8xx, [00000217A21DED00][000002179DF479C0 49] Android_Mali_G71, [00000217A2178100][000002179DF4BB40 49] Android_Mali_G72, [00000217A21DD400][000002179DF4E140 49] Android_Mali_G72_Vulkan, [00000217A2179300][000002179E55C280 49] Android_Mali_G76, [00000217A21DFB00][000002179DF523C0 49] Android_Mali_G76_Vulkan, [00000217A217AC00][000002179DF56500 49] Android_Mali_G77, [00000217A21DD300][000002179DF5E680 49] Android_Mali_G77_Vulkan, [00000217A2179800][000002179DF62800 49] Android_Mali_G78, [00000217A21DE000][000002179DF66980 49] Android_Mali_G78_Vulkan, [00000217A217BD00][000002179DF6AB00 49] Android_Mali_G710, [00000217A21DC300][000002179DF6EC80 49] Android_Mali_G710_Vulkan, [00000217A2178200][000002179DF72E00 49] Android_Vulkan_SM5, [00000217A21DC800][000002179DF76F80 49] Android_PowerVR_G6xxx, [00000217A217A500][000002179DF7B100 49] Android_PowerVR_GT7xxx, [00000217A21DCE00][000002179DF7F280 49] Android_PowerVR_GE8xxx, [00000217A2179400][000002179DF83400 49] Android_PowerVR_GM9xxx, [00000217A21DCD00][000002179DF87580 49] Android_PowerVR_GM9xxx_Vulkan, [00000217A217A600][000002179DF8B700 49] Android_TegraK1, [00000217A21DDC00][000002179DF8F880 49] Android_Unknown_Vulkan, [00000217A217BC00][000002179DF93A00 49] Lumin, [00000217A21DCA00][000002179DF97B80 49] Lumin_Desktop, [00000217A217BB00][000002179DF9A180 49] HoloLens, 
[2021.12.22-13.51.04:515][  0]LogMeshReduction: Using QuadricMeshReduction for automatic static mesh reduction
[2021.12.22-13.51.04:515][  0]LogMeshReduction: Using SimplygonMeshReduction for automatic skeletal mesh reduction
[2021.12.22-13.51.04:515][  0]LogMeshReduction: Using ProxyLODMeshReduction for automatic mesh merging
[2021.12.22-13.51.04:515][  0]LogMeshReduction: No distributed automatic mesh merging module available
[2021.12.22-13.51.04:515][  0]LogMeshMerging: No distributed automatic mesh merging module available
[2021.12.22-13.51.04:666][  0]LogNetVersion: kure_yageki 1.0.0, NetCL: 17155196, EngineNetVer: 17, GameNetVer: 0 (Checksum: 648674119)
[2021.12.22-13.51.04:966][  0]LogTexture: Default maximum texture size for cubemaps generated from long-lat sources has been changed from 512 to unlimited. In order to preserve old behaiour for '/Engine/MapTemplates/Sky/DaylightAmbientCubemap.DaylightAmbientCubemap', its maximum texture size has been explicitly set to 512.
[2021.12.22-13.51.05:042][  0]LogHMD: PokeAHoleMaterial loaded successfully
[2021.12.22-13.51.05:167][  0]LogMoviePlayer: Initializing movie player
[2021.12.22-13.51.05:298][  0]LogNiagaraDebuggerClient: Niagara Debugger Client Initialized | Session: BDAA76C545A31038C5C1C78ED5B312A8 | Instance: 01B75E8A4DE4311E35B99993B274B622 (DESKTOP-5K6PNL6-11940).
[2021.12.22-13.51.05:321][  0]LogCollectionManager: Loaded 0 collections in 0.001389 seconds
[2021.12.22-13.51.05:325][  0]LogFileCache: Scanning file cache for directory 'D:/Repository/kure-syageki/kure_yageki/Saved/Collections/' took 0.00s
[2021.12.22-13.51.05:325][  0]LogFileCache: Scanning file cache for directory 'D:/Repository/kure-syageki/kure_yageki/Content/Developers/Xyng/Collections/' took 0.00s
[2021.12.22-13.51.05:325][  0]LogFileCache: Scanning file cache for directory 'D:/Repository/kure-syageki/kure_yageki/Content/Collections/' took 0.00s
[2021.12.22-13.51.05:325][  0]LogCollectionManager: Fixed up redirectors for 0 collections in 0.000002 seconds (updated 0 objects)
[2021.12.22-13.51.05:345][  0]LogImageWrapper: Warning: PNG Warning: Duplicate iCCP chunk
[2021.12.22-13.51.05:345][  0]LogImageWrapper: Warning: PNG Warning: Duplicate iCCP chunk
[2021.12.22-13.51.05:345][  0]LogPython: Using Python 3.7.7
[2021.12.22-13.51.05:996][  0]LogTcpMessaging: Initializing TcpMessaging bridge
[2021.12.22-13.51.06:000][  0]LogUdpMessaging: Initializing bridge on interface 0.0.0.0:0 to multicast group 230.0.0.1:6666.
[2021.12.22-13.51.06:135][  0]SourceControl: Source control is disabled
[2021.12.22-13.51.06:135][  0]SourceControl: Source control is disabled
[2021.12.22-13.51.06:138][  0]SourceControl: Source control is disabled
[2021.12.22-13.51.06:148][  0]LogUProjectInfo: Found projects:
[2021.12.22-13.51.06:150][  0]LogVSAccessor: Display: Unable to create Visual Studio setup instance: 80040154
[2021.12.22-13.51.06:151][  0]LogVSAccessor: Display: Unable to create Visual Studio setup instance: 80040154
[2021.12.22-13.51.06:151][  0]LogVSAccessor: Display: Unable to create Visual Studio setup instance: 80040154
[2021.12.22-13.51.06:241][  0]LogOpenImageDenoise: OIDN starting up
[2021.12.22-13.51.06:282][  0]LogAndroidPermission: UAndroidPermissionCallbackProxy::GetInstance
[2021.12.22-13.51.06:304][  0]LogAudioCaptureCore: Display: No Audio Capture implementations found. Audio input will be silent.
[2021.12.22-13.51.06:304][  0]LogAudioCaptureCore: Display: No Audio Capture implementations found. Audio input will be silent.
[2021.12.22-13.51.06:393][  0]LogOcInput: OculusInput pre-init called
[2021.12.22-13.51.06:403][  0]LogUObjectArray: 22167 objects as part of root set at end of initial load.
[2021.12.22-13.51.06:403][  0]LogUObjectAllocator: 5995088 out of 0 bytes used by permanent object pool.
[2021.12.22-13.51.06:403][  0]LogUObjectArray: CloseDisregardForGC: 0/0 objects in disregard for GC pool
[2021.12.22-13.51.06:455][  0]LogEngine: Initializing Engine...
[2021.12.22-13.51.06:459][  0]LogHMD: Failed to enumerate extensions. Please check that you have a valid OpenXR runtime installed.
[2021.12.22-13.51.06:459][  0]LogHMD: Failed to initialize OpenVR with code 110
[2021.12.22-13.51.06:459][  0]LogMagicLeap: Warning: VR disabled because ZI is not enabled.  To enable, in the editor, Edit -> Project Settings -> Plugins -> Magic Leap Plugin -> Enable Zero Iteration
[2021.12.22-13.51.06:461][  0]LogStats: UGameplayTagsManager::InitializeManager -  0.000 s
[2021.12.22-13.51.06:587][  0]LogInit: Initializing FReadOnlyCVARCache
[2021.12.22-13.51.06:587][  0]LogAudio: Display: Initializing Audio Device Manager...
[2021.12.22-13.51.06:593][  0]LogAudio: Display: Loading Default Audio Settings Objects...
[2021.12.22-13.51.06:594][  0]LogAudio: Display: No default SoundConcurrencyObject specified (or failed to load).
[2021.12.22-13.51.06:595][  0]LogAudio: Display: Audio Device Manager Initialized
[2021.12.22-13.51.06:595][  0]LogAudio: Display: Creating Audio Device:                 Id: 1, Scope: Shared, Realtime: True
[2021.12.22-13.51.06:595][  0]LogAudioMixer: Display: Audio Mixer Platform Settings:
[2021.12.22-13.51.06:595][  0]LogAudioMixer: Display: 	Sample Rate:						  48000
[2021.12.22-13.51.06:595][  0]LogAudioMixer: Display: 	Callback Buffer Frame Size Requested: 1024
[2021.12.22-13.51.06:595][  0]LogAudioMixer: Display: 	Callback Buffer Frame Size To Use:	  1024
[2021.12.22-13.51.06:595][  0]LogAudioMixer: Display: 	Number of buffers to queue:			  2
[2021.12.22-13.51.06:595][  0]LogAudioMixer: Display: 	Max Channels (voices):				  32
[2021.12.22-13.51.06:595][  0]LogAudioMixer: Display: 	Number of Async Source Workers:		  0
[2021.12.22-13.51.06:595][  0]LogAudio: Display: AudioDevice MaxSources: 32
[2021.12.22-13.51.06:596][  0]LogAudio: Display: Audio Spatialization Plugin: None (built-in).
[2021.12.22-13.51.06:596][  0]LogAudio: Display: Audio Reverb Plugin: None (built-in).
[2021.12.22-13.51.06:596][  0]LogAudio: Display: Audio Occlusion Plugin: None (built-in).
[2021.12.22-13.51.06:596][  0]LogAudioMixer: Display: Initializing audio mixer.
[2021.12.22-13.51.06:625][  0]LogAudioMixer: Display: 0: FrontLeft
[2021.12.22-13.51.06:625][  0]LogAudioMixer: Display: 1: FrontRight
[2021.12.22-13.51.06:651][  0]LogAudioMixer: Display: Using Audio Device スピーカー (UAB-80)
[2021.12.22-13.51.06:660][  0]LogAudioMixer: Display: Initializing Sound Submixes...
[2021.12.22-13.51.06:662][  0]LogAudioMixer: Display: Creating Master Submix 'MasterSubmixDefault'
[2021.12.22-13.51.06:662][  0]LogAudioMixer: Display: Creating Master Submix 'MasterReverbSubmixDefault'
[2021.12.22-13.51.06:663][  0]LogAudioMixer: Display: Creating Master Submix 'MasterEQSubmixDefault'
[2021.12.22-13.51.06:664][  0]LogAudioMixer: FMixerPlatformXAudio2::StartAudioStream() called
[2021.12.22-13.51.06:664][  0]LogAudioMixer: Display: Output buffers initialized: Frames=1024, Channels=2, Samples=2048
[2021.12.22-13.51.06:665][  0]LogAudioMixer: Display: Starting AudioMixerPlatformInterface::RunInternal()
[2021.12.22-13.51.06:665][  0]LogAudioMixer: Display: FMixerPlatformXAudio2::SubmitBuffer() called for the first time
[2021.12.22-13.51.06:665][  0]LogInit: FAudioDevice initialized.
[2021.12.22-13.51.06:667][  0]LogNetVersion: Set ProjectVersion to 1.0.0.0. Version Checksum will be recalculated on next use.
[2021.12.22-13.51.06:673][  0]LogInit: Texture streaming: Enabled
[2021.12.22-13.51.06:758][  0]LogAudio: Display: Audio Device (ID: 1) registered with world 'Untitled'.
[2021.12.22-13.51.06:758][  0]LogSlate: Updating window title bar state: overlay mode, drag disabled, window buttons hidden, title bar hidden
[2021.12.22-13.51.06:759][  0]LogInit: Display: Game Engine Initialized.
[2021.12.22-13.51.06:759][  0]LogNiagaraEditor: GEditor isn't valid! Particle reset commands will not work for Niagara components!
[2021.12.22-13.51.06:880][  0]LogImageWrapper: Warning: PNG Warning: Duplicate iCCP chunk
[2021.12.22-13.51.06:880][  0]LogImageWrapper: Warning: PNG Warning: Duplicate iCCP chunk
[2021.12.22-13.51.06:903][  0]LogInit: Display: Starting Game.
[2021.12.22-13.51.06:903][  0]LogNet: Browse: /Game/MAP/MAP?Name=Player
[2021.12.22-13.51.06:903][  0]LogLoad: LoadMap: /Game/MAP/MAP?Name=Player
[2021.12.22-13.51.06:903][  0]LogWorld: BeginTearingDown for /Temp/Untitled_0
[2021.12.22-13.51.06:905][  0]LogWorld: UWorld::CleanupWorld for Untitled, bSessionEnded=true, bCleanupResources=true
[2021.12.22-13.51.06:905][  0]LogSlate: InvalidateAllWidgets triggered.  All widgets were invalidated
[2021.12.22-13.51.06:910][  0]LogAudio: Display: Audio Device unregistered from world 'None'.
[2021.12.22-13.51.06:913][  0]LogUObjectHash: Compacting FUObjectHashTables data took   1.48ms
[2021.12.22-13.51.07:663][  0]LogAudio: Display: Audio Device (ID: 1) registered with world 'MAP'.
[2021.12.22-13.51.07:674][  0]LogAIModule: Creating AISystem for world MAP
[2021.12.22-13.51.07:674][  0]LogLoad: Game class is 'FirstPersonGameMode_C'
[2021.12.22-13.51.07:709][  0]LogMaterial: Had to pass SMU back to game thread. Please ensure correct material usage flags.
[2021.12.22-13.51.07:709][  0]LogMaterial: Had to pass SMU back to game thread. Please ensure correct material usage flags.
[2021.12.22-13.51.07:709][  0]LogMaterial: Had to pass SMU back to game thread. Please ensure correct material usage flags.
[2021.12.22-13.51.07:709][  0]LogMaterial: Had to pass SMU back to game thread. Please ensure correct material usage flags.
[2021.12.22-13.51.07:709][  0]LogMaterial: Had to pass SMU back to game thread. Please ensure correct material usage flags.
[2021.12.22-13.51.07:709][  0]LogWorld: Bringing World /Game/MAP/MAP.MAP up for play (max tick rate 0) at 2021.12.22-22.51.07
[2021.12.22-13.51.07:710][  0]LogWorld: Bringing up level for play took: 0.035216
[2021.12.22-13.51.07:711][  0]LogGameMode: FindPlayerStart: PATHS NOT DEFINED or NO PLAYERSTART with positive rating
[2021.12.22-13.51.07:714][  0]LogLoad: Took 0.811130 seconds to LoadMap(/Game/MAP/MAP)
[2021.12.22-13.51.07:980][  0]LogSlate: Took 0.000327 seconds to synchronously load lazily loaded font '../../../Engine/Content/Slate/Fonts/Roboto-Regular.ttf' (155K)
[2021.12.22-13.51.08:059][  0]LogRenderer: Reallocating scene render targets to support 1280x720 Format 10 NumSamples 1 (Frame:1).
[2021.12.22-13.51.08:059][  0]LogInit: Display: Engine is initialized. Leaving FEngineLoop::Init()
[2021.12.22-13.51.08:059][  0]LogLoad: (Engine Initialization) Total time: 8.74 seconds
[2021.12.22-13.51.08:059][  0]LogLoad: (Engine Initialization) Total Blueprint compile time: 0.00 seconds
[2021.12.22-13.51.08:087][  0]LogContentStreaming: Texture pool size now 1000 MB
[2021.12.22-13.51.08:108][  0]LogSlate: InvalidateAllWidgets triggered.  All widgets were invalidated
[2021.12.22-13.51.08:369][  0]LogRenderer: Reallocating scene render targets to support 128x128 Format 10 NumSamples 1 (Frame:1).
[2021.12.22-13.51.08:436][  0]LogRenderer: Reallocating scene render targets to support 1280x720 Format 10 NumSamples 1 (Frame:2).
[2021.12.22-13.51.08:543][  1]LogSlate: Took 0.000267 seconds to synchronously load lazily loaded font '../../../Engine/Content/Slate/Fonts/Roboto-Regular.ttf' (155K)
[2021.12.22-13.51.24:977][ 98]LogWindowsDesktop: Alt-F4 pressed!
[2021.12.22-13.51.24:986][ 98]LogSlate: Window 'kure_yageki (64-bit Development PCD3D_SM5) ' being destroyed
[2021.12.22-13.51.24:989][ 98]LogWindowsTextInputMethodSystem: Display: IME system activated using TSF (Microsoft IME).
[2021.12.22-13.51.24:994][ 98]LogSlate: Updating window title bar state: overlay mode, drag disabled, window buttons hidden, title bar hidden
[2021.12.22-13.51.24:994][ 98]LogEngine: All Windows Closed
[2021.12.22-13.51.24:994][ 98]LogWindows: FPlatformMisc::RequestExit(0)
[2021.12.22-13.51.24:994][ 98]LogWindows: FPlatformMisc::RequestExitWithStatus(0, 0)
[2021.12.22-13.51.24:994][ 98]LogCore: Engine exit requested (reason: Win RequestExit)
[2021.12.22-13.51.24:995][ 99]LogCore: Engine exit requested (reason: EngineExit() was called; note: exit was already requested)
[2021.12.22-13.51.24:995][ 99]LogInit: Display: PreExit Game.
[2021.12.22-13.51.25:011][ 99]LogWorld: BeginTearingDown for /Game/MAP/MAP
[2021.12.22-13.51.25:012][ 99]LogWorld: UWorld::CleanupWorld for MAP, bSessionEnded=true, bCleanupResources=true
[2021.12.22-13.51.25:019][ 99]LogSlate: InvalidateAllWidgets triggered.  All widgets were invalidated
[2021.12.22-13.51.25:470][ 99]LogAudio: Display: Beginning Audio Device Manager Shutdown (Module: AudioMixerXAudio2)...
[2021.12.22-13.51.25:470][ 99]LogAudio: Display: Destroying 1 Remaining Audio Device(s)...
[2021.12.22-13.51.25:470][ 99]LogAudio: Display: Audio Device unregistered from world 'MAP'.
[2021.12.22-13.51.25:471][ 99]LogAudioMixer: FMixerPlatformXAudio2::StopAudioStream() called
[2021.12.22-13.51.25:472][ 99]LogAudioMixer: FMixerPlatformXAudio2::StopAudioStream() called
[2021.12.22-13.51.25:476][ 99]LogAudio: Display: Audio Device Manager Shutdown
[2021.12.22-13.51.25:479][ 99]LogExit: Preparing to exit.
[2021.12.22-13.51.26:020][ 99]LogSlate: Updating window title bar state: overlay mode, drag disabled, window buttons hidden, title bar hidden
[2021.12.22-13.51.26:026][ 99]LogUObjectHash: Compacting FUObjectHashTables data took   1.51ms
[2021.12.22-13.51.26:140][ 99]LogMoviePlayer: Shutting down movie player
[2021.12.22-13.51.26:260][ 99]LogDemo: Cleaned up 0 splitscreen connections with owner deletion
[2021.12.22-13.51.26:263][ 99]LogExit: Game engine shut down
[2021.12.22-13.51.26:324][ 99]LogExit: Object subsystem successfully closed.
[2021.12.22-13.51.26:335][ 99]LogShaderCompilers: Display: === FShaderJobCache stats ===
[2021.12.22-13.51.26:335][ 99]LogShaderCompilers: Display: Total job queries 0, among them cache hits 0 (0.00%)
[2021.12.22-13.51.26:335][ 99]LogShaderCompilers: Display: Tracking 0 distinct input hashes that result in 0 distinct outputs (0.00%)
[2021.12.22-13.51.26:335][ 99]LogShaderCompilers: Display: RAM used: 0.00 MB (0.00 GB) of 819.20 MB (0.80 GB) budget. Usage: 0.00%
[2021.12.22-13.51.26:335][ 99]LogShaderCompilers: Display: ================================================
[2021.12.22-13.51.26:348][ 99]LogShaderCompilers: Display: Shaders left to compile 0
[2021.12.22-13.51.26:361][ 99]LogModuleManager: Shutting down and abandoning module SequenceRecorderSections (564)
[2021.12.22-13.51.26:361][ 99]LogModuleManager: Shutting down and abandoning module SequenceRecorder (562)
[2021.12.22-13.51.26:361][ 99]LogModuleManager: Shutting down and abandoning module AutomationController (560)
[2021.12.22-13.51.26:361][ 99]LogModuleManager: Shutting down and abandoning module AutomationWorker (558)
[2021.12.22-13.51.26:361][ 99]LogModuleManager: Shutting down and abandoning module Voice (556)
[2021.12.22-13.51.26:361][ 99]LogModuleManager: Shutting down and abandoning module AIModule (554)
[2021.12.22-13.51.26:361][ 99]LogModuleManager: Shutting down and abandoning module GameplayDebugger (553)
[2021.12.22-13.51.26:361][ 99]LogModuleManager: Shutting down and abandoning module AITestSuite (551)
[2021.12.22-13.51.26:361][ 99]LogModuleManager: Shutting down and abandoning module NavigationSystem (549)
[2021.12.22-13.51.26:361][ 99]LogModuleManager: Shutting down and abandoning module AnimGraph (546)
[2021.12.22-13.51.26:361][ 99]LogModuleManager: Shutting down and abandoning module SteamVREditor (544)
[2021.12.22-13.51.26:361][ 99]LogModuleManager: Shutting down and abandoning module ToolMenus (543)
[2021.12.22-13.51.26:361][ 99]LogModuleManager: Shutting down and abandoning module OculusMR (540)
[2021.12.22-13.51.26:361][ 99]LogModuleManager: Shutting down and abandoning module TakeRecorderSources (538)
[2021.12.22-13.51.26:361][ 99]LogModuleManager: Shutting down and abandoning module TakeRecorder (537)
[2021.12.22-13.51.26:361][ 99]LogModuleManager: Shutting down and abandoning module TakeTrackRecorders (534)
[2021.12.22-13.51.26:361][ 99]LogModuleManager: Shutting down and abandoning module TakesCore (532)
[2021.12.22-13.51.26:361][ 99]LogModuleManager: Shutting down and abandoning module OpenXRInput (530)
[2021.12.22-13.51.26:361][ 99]LogModuleManager: Shutting down and abandoning module WmfMediaFactory (528)
[2021.12.22-13.51.26:362][ 99]LogModuleManager: Shutting down and abandoning module WebMMediaFactory (526)
[2021.12.22-13.51.26:362][ 99]LogModuleManager: Shutting down and abandoning module WebMMedia (524)
[2021.12.22-13.51.26:362][ 99]LogModuleManager: Shutting down and abandoning module OpenExrWrapper (522)
[2021.12.22-13.51.26:362][ 99]LogModuleManager: Shutting down and abandoning module ImgMediaFactory (520)
[2021.12.22-13.51.26:362][ 99]LogModuleManager: Shutting down and abandoning module AvfMediaFactory (518)
[2021.12.22-13.51.26:362][ 99]LogModuleManager: Shutting down and abandoning module MagicLeapMediaCodecFactory (516)
[2021.12.22-13.51.26:362][ 99]LogModuleManager: Shutting down and abandoning module MagicLeapMediaFactory (514)
[2021.12.22-13.51.26:362][ 99]LogModuleManager: Shutting down and abandoning module PlanarCut (512)
[2021.12.22-13.51.26:362][ 99]LogModuleManager: Shutting down and abandoning module CharacterAI (510)
[2021.12.22-13.51.26:362][ 99]LogModuleManager: Shutting down and abandoning module SessionServices (508)
[2021.12.22-13.51.26:362][ 99]LogModuleManager: Shutting down and abandoning module MovieSceneCapture (506)
[2021.12.22-13.51.26:362][ 99]LogModuleManager: Shutting down and abandoning module LiveCoding (504)
[2021.12.22-13.51.26:362][ 99]LogModuleManager: Shutting down and abandoning module LevelSequence (502)
[2021.12.22-13.51.26:362][ 99]LogModuleManager: Shutting down and abandoning module MovieSceneTracks (500)
[2021.12.22-13.51.26:362][ 99]LogModuleManager: Shutting down and abandoning module MovieScene (498)
[2021.12.22-13.51.26:362][ 99]LogModuleManager: Shutting down and abandoning module StreamingPauseRendering (496)
[2021.12.22-13.51.26:362][ 99]LogModuleManager: Shutting down and abandoning module PortalServices (494)
[2021.12.22-13.51.26:362][ 99]LogModuleManager: Shutting down and abandoning module PortalRpc (492)
[2021.12.22-13.51.26:362][ 99]LogModuleManager: Shutting down and abandoning module MessagingRpc (490)
[2021.12.22-13.51.26:362][ 99]LogModuleManager: Shutting down and abandoning module AudioMixerXAudio2 (488)
[2021.12.22-13.51.26:362][ 99]LogModuleManager: Shutting down and abandoning module AudioMixerCore (487)
[2021.12.22-13.51.26:362][ 99]LogModuleManager: Shutting down and abandoning module ImageWriteQueue (484)
[2021.12.22-13.51.26:362][ 99]LogModuleManager: Shutting down and abandoning module ProfilerService (482)
[2021.12.22-13.51.26:456][ 99]LogModuleManager: Shutting down and abandoning module TaskGraph (480)
[2021.12.22-13.51.26:456][ 99]LogModuleManager: Shutting down and abandoning module OculusInput (478)
[2021.12.22-13.51.26:456][ 99]LogModuleManager: Shutting down and abandoning module TakeMovieScene (476)
[2021.12.22-13.51.26:456][ 99]LogModuleManager: Shutting down and abandoning module Synthesis (474)
[2021.12.22-13.51.26:456][ 99]LogModuleManager: Shutting down and abandoning module ProceduralMeshComponent (472)
[2021.12.22-13.51.26:456][ 99]LogModuleManager: Shutting down and abandoning module MobilePatchingUtils (470)
[2021.12.22-13.51.26:456][ 99]LogModuleManager: Shutting down and abandoning module EditableMesh (468)
[2021.12.22-13.51.26:456][ 99]LogModuleManager: Shutting down and abandoning module GooglePAD (466)
[2021.12.22-13.51.26:456][ 99]LogModuleManager: Shutting down and abandoning module ArchVisCharacter (464)
[2021.12.22-13.51.26:456][ 99]LogModuleManager: Shutting down and abandoning module CustomMeshComponent (462)
[2021.12.22-13.51.26:456][ 99]LogModuleManager: Shutting down and abandoning module CableComponent (460)
[2021.12.22-13.51.26:456][ 99]LogModuleManager: Shutting down and abandoning module AudioCapture (458)
[2021.12.22-13.51.26:456][ 99]LogModuleManager: Shutting down and abandoning module AudioCaptureRtAudio (457)
[2021.12.22-13.51.26:456][ 99]LogModuleManager: Shutting down and abandoning module AssetTags (454)
[2021.12.22-13.51.26:456][ 99]LogModuleManager: Shutting down and abandoning module AppleImageUtilsBlueprintSupport (452)
[2021.12.22-13.51.26:456][ 99]LogModuleManager: Shutting down and abandoning module AppleImageUtils (450)
[2021.12.22-13.51.26:456][ 99]LogModuleManager: Shutting down and abandoning module AndroidPermission (448)
[2021.12.22-13.51.26:456][ 99]LogModuleManager: Shutting down and abandoning module ActorLayerUtilities (446)
[2021.12.22-13.51.26:456][ 99]LogModuleManager: Shutting down and abandoning module MediaCompositing (444)
[2021.12.22-13.51.26:456][ 99]LogModuleManager: Shutting down and abandoning module ImgMedia (442)
[2021.12.22-13.51.26:456][ 99]LogModuleManager: Shutting down and abandoning module TemplateSequence (440)
[2021.12.22-13.51.26:456][ 99]LogModuleManager: Shutting down and abandoning module MagicLeapSharedWorld (438)
[2021.12.22-13.51.26:456][ 99]LogModuleManager: Shutting down and abandoning module MagicLeapLightEstimation (436)
[2021.12.22-13.51.26:456][ 99]LogModuleManager: Shutting down and abandoning module MagicLeapHelperVulkan (434)
[2021.12.22-13.51.26:456][ 99]LogModuleManager: Shutting down and abandoning module MagicLeapHelperOpenGL (432)
[2021.12.22-13.51.26:456][ 99]LogModuleManager: Shutting down and abandoning module MagicLeapAudio (430)
[2021.12.22-13.51.26:456][ 99]LogModuleManager: Shutting down and abandoning module OpenImageDenoise (428)
[2021.12.22-13.51.26:456][ 99]LogOpenImageDenoise: OIDN shutting down
[2021.12.22-13.51.26:456][ 99]LogModuleManager: Shutting down and abandoning module MotoSynth (426)
[2021.12.22-13.51.26:456][ 99]LogModuleManager: Shutting down and abandoning module MeshConversion (424)
[2021.12.22-13.51.26:456][ 99]LogModuleManager: Shutting down and abandoning module DynamicMesh (422)
[2021.12.22-13.51.26:456][ 99]LogModuleManager: Shutting down and abandoning module GeometryAlgorithms (420)
[2021.12.22-13.51.26:456][ 99]LogModuleManager: Shutting down and abandoning module GeometricObjects (418)
[2021.12.22-13.51.26:456][ 99]LogModuleManager: Shutting down and abandoning module GeometryCollectionTracks (416)
[2021.12.22-13.51.26:457][ 99]LogModuleManager: Shutting down and abandoning module GeometryCollectionSequencer (415)
[2021.12.22-13.51.26:457][ 99]LogModuleManager: Shutting down and abandoning module GeometryCacheTracks (412)
[2021.12.22-13.51.26:457][ 99]LogModuleManager: Shutting down and abandoning module GeometryCacheSequencer (411)
[2021.12.22-13.51.26:457][ 99]LogModuleManager: Shutting down and abandoning module GeometryCache (408)
[2021.12.22-13.51.26:457][ 99]LogModuleManager: Shutting down and abandoning module GeometryCacheEd (407)
[2021.12.22-13.51.26:457][ 99]LogModuleManager: Shutting down and abandoning module ChaosNiagara (404)
[2021.12.22-13.51.26:457][ 99]LogModuleManager: Shutting down and abandoning module FieldSystemEngine (403)
[2021.12.22-13.51.26:457][ 99]LogModuleManager: Shutting down and abandoning module BackChannel (400)
[2021.12.22-13.51.26:457][ 99]LogModuleManager: Shutting down and abandoning module AutomationUtils (398)
[2021.12.22-13.51.26:457][ 99]LogModuleManager: Shutting down and abandoning module VisualStudioCodeSourceCodeAccess (396)
[2021.12.22-13.51.26:457][ 99]LogModuleManager: Shutting down and abandoning module VisualStudioSourceCodeAccess (394)
[2021.12.22-13.51.26:457][ 99]LogModuleManager: Shutting down and abandoning module HotReload (393)
[2021.12.22-13.51.26:457][ 99]LogModuleManager: Shutting down and abandoning module UObjectPlugin (390)
[2021.12.22-13.51.26:457][ 99]LogModuleManager: Shutting down and abandoning module SubversionSourceControl (388)
[2021.12.22-13.51.26:457][ 99]LogModuleManager: Shutting down and abandoning module PerforceSourceControl (386)
[2021.12.22-13.51.26:457][ 99]LogModuleManager: Shutting down and abandoning module SourceControl (385)
[2021.12.22-13.51.26:457][ 99]LogModuleManager: Shutting down and abandoning module CLionSourceCodeAccess (382)
[2021.12.22-13.51.26:457][ 99]LogModuleManager: Shutting down and abandoning module OodleNetworkHandlerComponent (380)
[2021.12.22-13.51.26:457][ 99]LogModuleManager: Shutting down and abandoning module LiveLinkSequencer (378)
[2021.12.22-13.51.26:457][ 99]LogModuleManager: Shutting down and abandoning module LiveLinkMovieScene (376)
[2021.12.22-13.51.26:457][ 99]LogModuleManager: Shutting down and abandoning module LiveLinkGraphNode (374)
[2021.12.22-13.51.26:457][ 99]LogModuleManager: Shutting down and abandoning module LiveLinkComponents (372)
[2021.12.22-13.51.26:457][ 99]LogModuleManager: Shutting down and abandoning module LiveLink (370)
[2021.12.22-13.51.27:084][ 99]LogModuleManager: Shutting down and abandoning module SoundFields (368)
[2021.12.22-13.51.27:084][ 99]LogModuleManager: Shutting down and abandoning module SignificanceManager (366)
[2021.12.22-13.51.27:085][ 99]LogModuleManager: Shutting down and abandoning module RuntimePhysXCooking (364)
[2021.12.22-13.51.27:085][ 99]LogModuleManager: Shutting down and abandoning module PhysXVehiclesEditor (362)
[2021.12.22-13.51.27:085][ 99]LogModuleManager: Shutting down and abandoning module PropertyAccessEditor (358)
[2021.12.22-13.51.27:085][ 99]LogModuleManager: Shutting down and abandoning module LocationServicesBPLibrary (356)
[2021.12.22-13.51.27:085][ 99]LogModuleManager: Shutting down and abandoning module AudioSynesthesia (354)
[2021.12.22-13.51.27:085][ 99]LogModuleManager: Shutting down and abandoning module AudioSynesthesiaCore (352)
[2021.12.22-13.51.27:085][ 99]LogModuleManager: Shutting down and abandoning module ApexDestructionEditor (350)
[2021.12.22-13.51.27:085][ 99]LogModuleManager: Shutting down and abandoning module ApexDestruction (348)
[2021.12.22-13.51.27:085][ 99]LogModuleManager: Shutting down and abandoning module UdpMessaging (346)
[2021.12.22-13.51.27:185][ 99]LogModuleManager: Shutting down and abandoning module TcpMessaging (344)
[2021.12.22-13.51.27:286][ 99]LogModuleManager: Shutting down and abandoning module ImgMediaEngine (342)
[2021.12.22-13.51.27:286][ 99]LogModuleManager: Shutting down and abandoning module ActorSequence (340)
[2021.12.22-13.51.27:286][ 99]LogModuleManager: Shutting down and abandoning module MagicLeapARPin (338)
[2021.12.22-13.51.27:286][ 99]LogModuleManager: Shutting down and abandoning module MagicLeapHandMeshing (336)
[2021.12.22-13.51.27:286][ 99]LogModuleManager: Shutting down and abandoning module MagicLeapSecureStorage (334)
[2021.12.22-13.51.27:286][ 99]LogModuleManager: Shutting down and abandoning module MagicLeapPrivileges (332)
[2021.12.22-13.51.27:286][ 99]LogModuleManager: Shutting down and abandoning module MagicLeapPlanes (330)
[2021.12.22-13.51.27:286][ 99]LogMagicLeapPlanes: Planes tracker already destroyed.
[2021.12.22-13.51.27:286][ 99]LogModuleManager: Shutting down and abandoning module MagicLeapImageTracker (328)
[2021.12.22-13.51.27:286][ 99]LogModuleManager: Shutting down and abandoning module MagicLeapIdentity (326)
[2021.12.22-13.51.27:286][ 99]LogModuleManager: Shutting down and abandoning module MagicLeapHandTracking (324)
[2021.12.22-13.51.27:286][ 99]LogModuleManager: Shutting down and abandoning module MagicLeapEyeTracker (322)
[2021.12.22-13.51.27:286][ 99]LogModuleManager: Shutting down and abandoning module MagicLeapController (320)
[2021.12.22-13.51.27:286][ 99]LogModuleManager: Shutting down and abandoning module MagicLeapARPinImpl (318)
[2021.12.22-13.51.27:286][ 99]LogModuleManager: Shutting down and abandoning module MagicLeapAR (316)
[2021.12.22-13.51.27:286][ 99]LogModuleManager: Shutting down and abandoning module PythonScriptPlugin (314)
[2021.12.22-13.51.27:286][ 99]LogModuleManager: Shutting down and abandoning module NiagaraAnimNotifies (312)
[2021.12.22-13.51.27:286][ 99]LogModuleManager: Shutting down and abandoning module Niagara (310)
[2021.12.22-13.51.27:286][ 99]LogModuleManager: Shutting down and abandoning module SignalProcessing (309)
[2021.12.22-13.51.27:286][ 99]LogModuleManager: Shutting down and abandoning module NiagaraEditor (307)
[2021.12.22-13.51.27:287][ 99]LogModuleManager: Shutting down and abandoning module ContentBrowser (306)
[2021.12.22-13.51.27:287][ 99]LogModuleManager: Shutting down and abandoning module CollectionManager (305)
[2021.12.22-13.51.27:288][ 99]LogModuleManager: Shutting down and abandoning module DirectoryWatcher (304)
[2021.12.22-13.51.27:288][ 99]LogModuleManager: Shutting down and abandoning module ContentBrowserData (301)
[2021.12.22-13.51.27:288][ 99]LogModuleManager: Shutting down and abandoning module NiagaraCore (296)
[2021.12.22-13.51.27:288][ 99]LogModuleManager: Shutting down and abandoning module GameplayTagsEditor (294)
[2021.12.22-13.51.27:288][ 99]LogModuleManager: Shutting down and abandoning module FacialAnimation (292)
[2021.12.22-13.51.27:288][ 99]LogModuleManager: Shutting down and abandoning module AssetManagerEditor (290)
[2021.12.22-13.51.27:288][ 99]LogModuleManager: Shutting down and abandoning module TreeMap (289)
[2021.12.22-13.51.27:288][ 99]LogModuleManager: Shutting down and abandoning module PropertyAccessNode (286)
[2021.12.22-13.51.27:288][ 99]LogModuleManager: Shutting down and abandoning module EnvironmentQueryEditor (284)
[2021.12.22-13.51.27:288][ 99]LogModuleManager: Shutting down and abandoning module AnimationSharing (282)
[2021.12.22-13.51.27:288][ 99]LogModuleManager: Shutting down and abandoning module GameplayCameras (280)
[2021.12.22-13.51.27:288][ 99]LogModuleManager: Shutting down and abandoning module LightPropagationVolumeRuntime (278)
[2021.12.22-13.51.27:288][ 99]LogModuleManager: Shutting down and abandoning module Paper2D (276)
[2021.12.22-13.51.27:288][ 99]LogModuleManager: Shutting down and abandoning module WindowsMoviePlayer (274)
[2021.12.22-13.51.27:289][ 99]LogModuleManager: Shutting down and abandoning module WebMMoviePlayer (272)
[2021.12.22-13.51.27:289][ 99]LogModuleManager: Shutting down and abandoning module NetworkReplayStreaming (270)
[2021.12.22-13.51.27:289][ 99]LogModuleManager: Shutting down and abandoning module PacketHandler (268)
[2021.12.22-13.51.27:289][ 99]LogModuleManager: Shutting down and abandoning module ClothingSystemEditor (266)
[2021.12.22-13.51.27:289][ 99]LogModuleManager: Shutting down and abandoning module ClothingSystemRuntimeNv (264)
[2021.12.22-13.51.27:289][ 99]LogModuleManager: Shutting down and abandoning module MediaAssets (262)
[2021.12.22-13.51.27:289][ 99]LogModuleManager: Shutting down and abandoning module Overlay (260)
[2021.12.22-13.51.27:289][ 99]LogModuleManager: Shutting down and abandoning module OverlayEditor (259)
[2021.12.22-13.51.27:289][ 99]LogModuleManager: Shutting down and abandoning module VREditor (256)
[2021.12.22-13.51.27:289][ 99]LogModuleManager: Shutting down and abandoning module StringTableEditor (254)
[2021.12.22-13.51.27:289][ 99]LogModuleManager: Shutting down and abandoning module GameplayTasksEditor (252)
[2021.12.22-13.51.27:289][ 99]LogModuleManager: Shutting down and abandoning module BehaviorTreeEditor (250)
[2021.12.22-13.51.27:289][ 99]LogModuleManager: Shutting down and abandoning module FunctionalTesting (248)
[2021.12.22-13.51.27:289][ 99]LogModuleManager: Shutting down and abandoning module CollisionAnalyzer (246)
[2021.12.22-13.51.27:289][ 99]LogModuleManager: Shutting down and abandoning module WorkspaceMenuStructure (245)
[2021.12.22-13.51.27:289][ 99]LogModuleManager: Shutting down and abandoning module UMG (242)
[2021.12.22-13.51.27:289][ 99]LogModuleManager: Shutting down and abandoning module UMGEditor (241)
[2021.12.22-13.51.27:290][ 99]LogModuleManager: Shutting down and abandoning module Sequencer (240)
[2021.12.22-13.51.27:290][ 99]LogModuleManager: Shutting down and abandoning module MessageLog (237)
[2021.12.22-13.51.27:290][ 99]LogModuleManager: Shutting down and abandoning module SlateReflector (232)
[2021.12.22-13.51.27:290][ 99]LogModuleManager: Shutting down and abandoning module Slate (230)
[2021.12.22-13.51.27:290][ 99]LogModuleManager: Shutting down and abandoning module SlateCore (228)
[2021.12.22-13.51.27:291][ 99]LogModuleManager: Shutting down and abandoning module LandscapeEditorUtilities (226)
[2021.12.22-13.51.27:291][ 99]LogModuleManager: Shutting down and abandoning module UnrealEd (224)
[2021.12.22-13.51.27:291][ 99]LogModuleManager: Shutting down and abandoning module MRMesh (222)
[2021.12.22-13.51.27:291][ 99]LogModuleManager: Shutting down and abandoning module Messaging (220)
[2021.12.22-13.51.27:291][ 99]LogModuleManager: Shutting down and abandoning module SourceCodeAccess (218)
[2021.12.22-13.51.27:291][ 99]LogModuleManager: Shutting down and abandoning module HeadMountedDisplay (216)
[2021.12.22-13.51.27:291][ 99]LogModuleManager: Shutting down and abandoning module XAudio2 (214)
[2021.12.22-13.51.27:291][ 99]LogModuleManager: Shutting down and abandoning module Networking (212)
[2021.12.22-13.51.27:291][ 99]LogModuleManager: Shutting down and abandoning module Core (210)
[2021.12.22-13.51.27:291][ 99]LogModuleManager: Shutting down and abandoning module MaterialEditor (208)
[2021.12.22-13.51.27:291][ 99]LogModuleManager: Shutting down and abandoning module MovieSceneTools (206)
[2021.12.22-13.51.27:291][ 99]LogModuleManager: Shutting down and abandoning module EditorStyle (205)
[2021.12.22-13.51.27:293][ 99]LogModuleManager: Shutting down and abandoning module KismetCompiler (202)
[2021.12.22-13.51.27:293][ 99]LogModuleManager: Shutting down and abandoning module MeshBuilder (200)
[2021.12.22-13.51.27:293][ 99]LogModuleManager: Shutting down and abandoning module MeshUtilities (198)
[2021.12.22-13.51.27:293][ 99]LogModuleManager: Shutting down and abandoning module MeshMergeUtilities (197)
[2021.12.22-13.51.27:293][ 99]LogModuleManager: Shutting down and abandoning module MeshReductionInterface (196)
[2021.12.22-13.51.27:293][ 99]LogModuleManager: Shutting down and abandoning module MeshBoneReduction (195)
[2021.12.22-13.51.27:293][ 99]LogModuleManager: Shutting down and abandoning module ProxyLODMeshReduction (193)
[2021.12.22-13.51.27:293][ 99]LogModuleManager: Shutting down and abandoning module SkeletalMeshReduction (191)
[2021.12.22-13.51.27:293][ 99]LogModuleManager: Shutting down and abandoning module QuadricMeshReduction (189)
[2021.12.22-13.51.27:293][ 99]LogModuleManager: Shutting down and abandoning module MaterialBaking (185)
[2021.12.22-13.51.27:293][ 99]LogModuleManager: Shutting down and abandoning module NullInstallBundleManager (180)
[2021.12.22-13.51.27:293][ 99]LogModuleManager: Shutting down and abandoning module PIEPreviewDeviceProfileSelector (178)
[2021.12.22-13.51.27:293][ 99]LogModuleManager: Shutting down and abandoning module DerivedDataCache (176)
[2021.12.22-13.51.27:293][ 99]LogModuleManager: Shutting down and abandoning module TargetPlatform (174)
[2021.12.22-13.51.27:293][ 99]LogModuleManager: Shutting down and abandoning module VulkanShaderFormat (173)
[2021.12.22-13.51.27:293][ 99]LogModuleManager: Shutting down and abandoning module ShaderFormatVectorVM (171)
[2021.12.22-13.51.27:294][ 99]LogModuleManager: Shutting down and abandoning module ShaderFormatOpenGL (169)
[2021.12.22-13.51.27:294][ 99]LogModuleManager: Shutting down and abandoning module ShaderFormatD3D (167)
[2021.12.22-13.51.27:294][ 99]LogModuleManager: Shutting down and abandoning module MetalShaderFormat (165)
[2021.12.22-13.51.27:294][ 99]LogModuleManager: Shutting down and abandoning module TextureFormatOodle (163)
[2021.12.22-13.51.27:294][ 99]LogModuleManager: Shutting down and abandoning module TextureFormatUncompressed (161)
[2021.12.22-13.51.27:294][ 99]LogModuleManager: Shutting down and abandoning module TextureFormatPVR (159)
[2021.12.22-13.51.27:294][ 99]LogModuleManager: Shutting down and abandoning module TextureFormatETC2 (157)
[2021.12.22-13.51.27:294][ 99]LogModuleManager: Shutting down and abandoning module TextureFormatDXT (155)
[2021.12.22-13.51.27:294][ 99]LogModuleManager: Shutting down and abandoning module TextureFormatIntelISPCTexComp (153)
[2021.12.22-13.51.27:294][ 99]LogModuleManager: Shutting down and abandoning module TextureFormatASTC (151)
[2021.12.22-13.51.27:294][ 99]LogModuleManager: Shutting down and abandoning module ImageWrapper (150)
[2021.12.22-13.51.27:294][ 99]LogModuleManager: Shutting down and abandoning module AudioFormatOpus (147)
[2021.12.22-13.51.27:294][ 99]LogModuleManager: Shutting down and abandoning module AudioFormatOgg (145)
[2021.12.22-13.51.27:294][ 99]LogModuleManager: Shutting down and abandoning module AudioFormatADPCM (143)
[2021.12.22-13.51.27:294][ 99]LogModuleManager: Shutting down and abandoning module WindowsServerTargetPlatform (141)
[2021.12.22-13.51.27:294][ 99]LogModuleManager: Shutting down and abandoning module WindowsClientTargetPlatform (139)
[2021.12.22-13.51.27:294][ 99]LogModuleManager: Shutting down and abandoning module WindowsTargetPlatform (137)
[2021.12.22-13.51.27:294][ 99]LogModuleManager: Shutting down and abandoning module WindowsNoEditorTargetPlatform (135)
[2021.12.22-13.51.27:294][ 99]LogModuleManager: Shutting down and abandoning module D3D11RHI (132)
[2021.12.22-13.51.27:294][ 99]LogModuleManager: Shutting down and abandoning module InputCore (130)
[2021.12.22-13.51.27:294][ 99]LogModuleManager: Shutting down and abandoning module Settings (128)
[2021.12.22-13.51.27:294][ 99]LogModuleManager: Shutting down and abandoning module PhysXCooking (126)
[2021.12.22-13.51.27:294][ 99]LogModuleManager: Shutting down and abandoning module Chaos (124)
[2021.12.22-13.51.27:295][ 99]LogModuleManager: Shutting down and abandoning module WindowsPlatformFeatures (122)
[2021.12.22-13.51.27:295][ 99]LogModuleManager: Shutting down and abandoning module GameplayMediaEncoder (121)
[2021.12.22-13.51.27:295][ 99]LogModuleManager: Shutting down and abandoning module AVEncoder (120)
[2021.12.22-13.51.27:295][ 99]LogModuleManager: Shutting down and abandoning module SteamVRInputDevice (116)
[2021.12.22-13.51.27:295][ 99]LogModuleManager: Shutting down and abandoning module SteamVRInput (114)
[2021.12.22-13.51.27:295][ 99]LogModuleManager: Shutting down and abandoning module SteamVR (112)
[2021.12.22-13.51.27:295][ 99]LogHMD: Freeing OpenVRDLLHandle.
[2021.12.22-13.51.27:295][ 99]LogModuleManager: Shutting down and abandoning module OculusHMD (110)
[2021.12.22-13.51.27:295][ 99]LogModuleManager: Shutting down and abandoning module OpenXRHandTracking (108)
[2021.12.22-13.51.27:295][ 99]LogSlate: Slate User Destroyed.  User Index 0, Is Virtual User: 0
[2021.12.22-13.51.27:295][ 99]LogModuleManager: Shutting down and abandoning module OpenXREyeTracker (106)
[2021.12.22-13.51.27:295][ 99]LogModuleManager: Shutting down and abandoning module OpenXRAR (104)
[2021.12.22-13.51.27:295][ 99]LogModuleManager: Shutting down and abandoning module AugmentedReality (103)
[2021.12.22-13.51.27:295][ 99]LogModuleManager: Shutting down and abandoning module OpenXRHMD (100)
[2021.12.22-13.51.27:295][ 99]LogModuleManager: Shutting down and abandoning module ExampleDeviceProfileSelector (98)
[2021.12.22-13.51.27:295][ 99]LogModuleManager: Shutting down and abandoning module ChunkDownloader (96)
[2021.12.22-13.51.27:295][ 99]LogModuleManager: Shutting down and abandoning module OnlineBlueprintSupport (94)
[2021.12.22-13.51.27:295][ 99]LogModuleManager: Shutting down and abandoning module LauncherChunkInstaller (90)
[2021.12.22-13.51.27:295][ 99]LogModuleManager: Shutting down and abandoning module OnlineSubsystem (88)
[2021.12.22-13.51.27:296][ 99]LogModuleManager: Shutting down and abandoning module XMPP (83)
[2021.12.22-13.51.27:296][ 99]LogModuleManager: Shutting down and abandoning module WebSockets (82)
[2021.12.22-13.51.27:310][ 99]LogModuleManager: Shutting down and abandoning module HTTP (79)
[2021.12.22-13.51.27:310][ 99]LogHttp: Display: cleaning up 0 outstanding Http requests.
[2021.12.22-13.51.27:328][ 99]LogModuleManager: Shutting down and abandoning module SSL (78)
[2021.12.22-13.51.27:329][ 99]LogModuleManager: Shutting down and abandoning module WmfMedia (74)
[2021.12.22-13.51.27:332][ 99]LogModuleManager: Shutting down and abandoning module Media (73)
[2021.12.22-13.51.27:333][ 99]LogModuleManager: Shutting down and abandoning module MediaInfo (72)
[2021.12.22-13.51.27:333][ 99]LogModuleManager: Shutting down and abandoning module VariantManagerContent (68)
[2021.12.22-13.51.27:333][ 99]LogModuleManager: Shutting down and abandoning module ExrReaderGpu (66)
[2021.12.22-13.51.27:333][ 99]LogModuleManager: Shutting down and abandoning module DatasmithContent (64)
[2021.12.22-13.51.27:333][ 99]LogModuleManager: Shutting down and abandoning module MLSDK (62)
[2021.12.22-13.51.27:333][ 99]LogModuleManager: Shutting down and abandoning module MagicLeap (60)
[2021.12.22-13.51.27:333][ 99]LogModuleManager: Shutting down and abandoning module NiagaraVertexFactories (58)
[2021.12.22-13.51.27:333][ 99]LogModuleManager: Shutting down and abandoning module NiagaraShader (56)
[2021.12.22-13.51.27:333][ 99]LogModuleManager: Shutting down and abandoning module ChaosCloth (54)
[2021.12.22-13.51.27:334][ 99]LogModuleManager: Shutting down and abandoning module PixWinPlugin (52)
[2021.12.22-13.51.27:334][ 99]LogModuleManager: Shutting down and abandoning module AISupportModule (50)
[2021.12.22-13.51.27:334][ 99]LogModuleManager: Shutting down and abandoning module DesktopPlatform (48)
[2021.12.22-13.51.27:334][ 99]LogModuleManager: Shutting down and abandoning module PlatformCryptoOpenSSL (46)
[2021.12.22-13.51.27:334][ 99]LogModuleManager: Shutting down and abandoning module PlatformCryptoTypes (44)
[2021.12.22-13.51.27:334][ 99]LogModuleManager: Shutting down and abandoning module PlatformCrypto (42)
[2021.12.22-13.51.27:334][ 99]LogModuleManager: Shutting down and abandoning module PythonScriptPluginPreload (40)
[2021.12.22-13.51.27:334][ 99]LogModuleManager: Shutting down and abandoning module OodleDataCompressionFormat (38)
[2021.12.22-13.51.27:334][ 99]LogModuleManager: Shutting down and abandoning module XGEController (36)
[2021.12.22-13.51.27:334][ 99]LogModuleManager: Shutting down and abandoning module AnimationModifiers (34)
[2021.12.22-13.51.27:334][ 99]LogModuleManager: Shutting down and abandoning module AudioEditor (32)
[2021.12.22-13.51.27:334][ 99]LogModuleManager: Shutting down and abandoning module PropertyEditor (31)
[2021.12.22-13.51.27:334][ 99]LogModuleManager: Shutting down and abandoning module TextureCompressor (28)
[2021.12.22-13.51.27:334][ 99]LogModuleManager: Shutting down and abandoning module RenderCore (26)
[2021.12.22-13.51.27:335][ 99]LogModuleManager: Shutting down and abandoning module Landscape (24)
[2021.12.22-13.51.27:335][ 99]LogModuleManager: Shutting down and abandoning module SlateRHIRenderer (22)
[2021.12.22-13.51.27:335][ 99]LogModuleManager: Shutting down and abandoning module AnimGraphRuntime (20)
[2021.12.22-13.51.27:335][ 99]LogModuleManager: Shutting down and abandoning module Renderer (18)
[2021.12.22-13.51.27:335][ 99]LogModuleManager: Shutting down and abandoning module Engine (16)
[2021.12.22-13.51.27:336][ 99]LogModuleManager: Shutting down and abandoning module CoreUObject (14)
[2021.12.22-13.51.27:336][ 99]LogModuleManager: Shutting down and abandoning module NetworkFile (12)
[2021.12.22-13.51.27:336][ 99]LogModuleManager: Shutting down and abandoning module CookedIterativeFile (10)
[2021.12.22-13.51.27:336][ 99]LogModuleManager: Shutting down and abandoning module StreamingFile (8)
[2021.12.22-13.51.27:336][ 99]LogModuleManager: Shutting down and abandoning module SandboxFile (6)
[2021.12.22-13.51.27:336][ 99]LogModuleManager: Shutting down and abandoning module PakFile (4)
[2021.12.22-13.51.27:336][ 99]LogModuleManager: Shutting down and abandoning module RSA (3)
[2021.12.22-13.51.27:493][ 99]LogContentStreaming: Display: There are 1 unreleased StreamingManagers
[2021.12.22-13.51.27:494][ 99]LogD3D11RHI: Shutdown
[2021.12.22-13.51.27:494][ 99]LogD3D11RHI: CleanupD3DDevice
[2021.12.22-13.51.27:514][ 99]LogExit: Exiting.
[2021.12.22-13.51.27:528][ 99]Log file closed, 12/22/21 22:51:27
