Log file open, 12/21/21 18:11:36
LogWindows: Failed to load 'aqProf.dll' (GetLastError=126)
LogWindows: File 'aqProf.dll' does not exist
LogWindows: Failed to load 'VtuneApi.dll' (GetLastError=126)
LogWindows: File 'VtuneApi.dll' does not exist
LogWindows: Failed to load 'VtuneApi32e.dll' (GetLastError=126)
LogWindows: File 'VtuneApi32e.dll' does not exist
LogConsoleResponse: Display: Failed to find resolution value strings in scalability ini. Falling back to default.
LogConsoleResponse: Display: Failed to find resolution value strings in scalability ini. Falling back to default.
LogInit: Display: Running engine for game: kure_yageki
LogPlatformFile: Not using cached read wrapper
LogTaskGraph: Started task graph with 5 named threads and 35 total threads with 3 sets of task threads.
LogStats: Stats thread started at 0.255474
LogICUInternationalization: ICU TimeZone Detection - Raw Offset: +9:00, Platform Override: ''
LogInit: Display: Loading text-based GConfig....
LogPluginManager: Mounting plugin MeshPainting
LogPluginManager: Mounting plugin XGEController
LogPluginManager: Mounting plugin Paper2D
LogPluginManager: Mounting plugin LiveLink
LogPluginManager: Mounting plugin LightPropagationVolume
LogPluginManager: Mounting plugin GameplayCameras
LogPluginManager: Mounting plugin AnimationSharing
LogPluginManager: Mounting plugin CodeLiteSourceCodeAccess
LogPluginManager: Mounting plugin CLionSourceCodeAccess
LogPluginManager: Mounting plugin KDevelopSourceCodeAccess
LogPluginManager: Mounting plugin NullSourceCodeAccess
LogPluginManager: Mounting plugin PlasticSourceControl
LogPluginManager: Mounting plugin PluginUtils
LogPluginManager: Mounting plugin PerforceSourceControl
LogPluginManager: Mounting plugin PropertyAccessNode
LogPluginManager: Mounting plugin SubversionSourceControl
LogPluginManager: Mounting plugin TextureFormatOodle
LogPluginManager: Mounting plugin CameraShakePreviewer
LogPluginManager: Mounting plugin RiderSourceCodeAccess
LogPluginManager: Mounting plugin PixWinPlugin
LogPluginManager: Mounting plugin UObjectPlugin
LogPluginManager: Mounting plugin VisualStudioCodeSourceCodeAccess
LogPluginManager: Mounting plugin VisualStudioSourceCodeAccess
LogPluginManager: Mounting plugin XCodeSourceCodeAccess
LogPluginManager: Mounting plugin DatasmithContent
LogPluginManager: Mounting plugin VariantManagerContent
LogPluginManager: Mounting plugin OodleData
LogPluginManager: Mounting plugin OodleNetwork
LogPluginManager: Mounting plugin GitSourceControl
LogPluginManager: Mounting plugin LuminPlatformFeatures
LogPluginManager: Mounting plugin MagicLeap
LogPluginManager: Mounting plugin MagicLeapLightEstimation
LogPluginManager: Mounting plugin MagicLeapMedia
LogPluginManager: Mounting plugin Niagara
LogPluginManager: Mounting plugin MagicLeapPassableWorld
LogPluginManager: Mounting plugin MLSDK
LogPluginManager: Mounting plugin AssetManagerEditor
LogPluginManager: Mounting plugin CryptoKeys
LogPluginManager: Mounting plugin CurveEditorTools
LogPluginManager: Mounting plugin AndroidMedia
LogPluginManager: Mounting plugin DataValidation
LogPluginManager: Mounting plugin FacialAnimation
LogPluginManager: Mounting plugin AvfMedia
LogPluginManager: Mounting plugin GameplayTagsEditor
LogPluginManager: Mounting plugin GeometryMode
LogPluginManager: Mounting plugin MaterialAnalyzer
LogPluginManager: Mounting plugin MacGraphicsSwitching
LogPluginManager: Mounting plugin MobileLauncherProfileWizard
LogPluginManager: Mounting plugin ImgMedia
LogPluginManager: Mounting plugin PluginBrowser
LogPluginManager: Mounting plugin MediaCompositing
LogPluginManager: Mounting plugin SpeedTreeImporter
LogPluginManager: Mounting plugin MediaPlayerEditor
LogPluginManager: Mounting plugin WebMMedia
LogPluginManager: Mounting plugin WmfMedia
LogPluginManager: Mounting plugin UdpMessaging
LogPluginManager: Mounting plugin AlembicImporter
LogPluginManager: Mounting plugin AutomationUtils
LogPluginManager: Mounting plugin BackChannel
LogPluginManager: Mounting plugin ChaosCloth
LogPluginManager: Mounting plugin ChaosClothEditor
LogPluginManager: Mounting plugin TcpMessaging
LogPluginManager: Mounting plugin ChaosEditor
LogPluginManager: Mounting plugin ChaosNiagara
LogPluginManager: Mounting plugin ChaosSolverPlugin
LogPluginManager: Mounting plugin CharacterAI
LogPluginManager: Mounting plugin ActorSequence
LogPluginManager: Mounting plugin LevelSequenceEditor
LogPluginManager: Mounting plugin MatineeToLevelSequence
LogPluginManager: Mounting plugin LauncherChunkInstaller
LogPluginManager: Mounting plugin TemplateSequence
LogPluginManager: Mounting plugin OnlineSubsystem
LogPluginManager: Mounting plugin OnlineSubsystemNull
LogPluginManager: Mounting plugin OnlineSubsystemUtils
LogPluginManager: Mounting plugin GeometryCache
LogPluginManager: Mounting plugin GeometryCollectionPlugin
LogPluginManager: Mounting plugin GeometryProcessing
LogPluginManager: Mounting plugin ActorLayerUtilities
LogPluginManager: Mounting plugin MotoSynth
LogPluginManager: Mounting plugin OpenImageDenoise
LogPluginManager: Mounting plugin AndroidDeviceProfileSelector
LogPluginManager: Mounting plugin AndroidMoviePlayer
LogPluginManager: Mounting plugin AndroidPermission
LogPluginManager: Mounting plugin PlanarCut
LogPluginManager: Mounting plugin PlatformCrypto
LogPluginManager: Mounting plugin ApexDestruction
LogPluginManager: Mounting plugin ProxyLODPlugin
LogPluginManager: Mounting plugin AppleImageUtils
LogPluginManager: Mounting plugin PythonScriptPlugin
LogPluginManager: Mounting plugin AppleMoviePlayer
LogPluginManager: Mounting plugin ArchVisCharacter
LogPluginManager: Mounting plugin AssetTags
LogPluginManager: Mounting plugin AudioCapture
LogPluginManager: Mounting plugin AudioSynesthesia
LogPluginManager: Mounting plugin ChunkDownloader
LogPluginManager: Mounting plugin CustomMeshComponent
LogPluginManager: Mounting plugin EditableMesh
LogPluginManager: Mounting plugin CableComponent
LogPluginManager: Mounting plugin SkeletalReduction
LogPluginManager: Mounting plugin GoogleCloudMessaging
LogPluginManager: Mounting plugin GooglePAD
LogPluginManager: Mounting plugin IOSDeviceProfileSelector
LogPluginManager: Mounting plugin LinuxDeviceProfileSelector
LogPluginManager: Mounting plugin LocationServicesBPLibrary
LogPluginManager: Mounting plugin MobilePatchingUtils
LogPluginManager: Mounting plugin OpenXR
LogPluginManager: Mounting plugin OpenXREyeTracker
LogPluginManager: Mounting plugin ScreenshotTools
LogPluginManager: Mounting plugin OpenXRHandTracking
LogPluginManager: Mounting plugin PhysXVehicles
LogPluginManager: Mounting plugin PostSplashScreen
LogPluginManager: Mounting plugin ProceduralMeshComponent
LogPluginManager: Mounting plugin PropertyAccessEditor
LogPluginManager: Mounting plugin RuntimePhysXCooking
LogPluginManager: Mounting plugin SignificanceManager
LogPluginManager: Mounting plugin SoundFields
LogPluginManager: Mounting plugin Synthesis
LogPluginManager: Mounting plugin ExampleDeviceProfileSelector
LogPluginManager: Mounting plugin WebMMoviePlayer
LogPluginManager: Mounting plugin Takes
LogPluginManager: Mounting plugin WindowsMoviePlayer
LogPluginManager: Mounting plugin AISupport
LogPluginManager: Mounting plugin EnvironmentQueryEditor
LogPluginManager: Mounting plugin ContentBrowserClassDataSource
LogPluginManager: Mounting plugin ContentBrowserAssetDataSource
LogPluginManager: Mounting plugin ContentBrowserFileDataSource
LogPluginManager: Mounting plugin OnlineSubsystemGooglePlay
LogPluginManager: Mounting plugin OnlineSubsystemIOS
LogPluginManager: Mounting plugin OculusVR
LogPluginManager: Mounting plugin SteamVR
PixWinPlugin: PIX capture plugin failed to initialize! Check that the process is launched from PIX.
LogInit: Using libcurl 7.55.1-DEV
LogInit:  - built for x86_64-pc-win32
LogInit:  - supports SSL with OpenSSL/1.1.1
LogInit:  - supports HTTP deflate (compression) using libz 1.2.8
LogInit:  - other features:
LogInit:      CURL_VERSION_SSL
LogInit:      CURL_VERSION_LIBZ
LogInit:      CURL_VERSION_IPV6
LogInit:      CURL_VERSION_ASYNCHDNS
LogInit:      CURL_VERSION_LARGEFILE
LogInit:      CURL_VERSION_IDN
LogInit:  CurlRequestOptions (configurable via config and command line):
LogInit:  - bVerifyPeer = true  - Libcurl will verify peer certificate
LogInit:  - bUseHttpProxy = false  - Libcurl will NOT use HTTP proxy
LogInit:  - bDontReuseConnections = false  - Libcurl will reuse connections
LogInit:  - MaxHostConnections = 16  - Libcurl will limit the number of connections to a host
LogInit:  - LocalHostAddr = Default
LogInit:  - BufferSize = 65536
LogOnline: OSS: Creating online subsystem instance for: NULL
LogInit: WinSock: version 1.1 (2.2), MaxSocks=32767, MaxUdp=65467
LogOnline: OSS: TryLoadSubsystemAndSetDefault: Loaded subsystem for module [NULL]
LogOculusPluginWrapper: OculusPlugin initialized successfully
LogHMD: Failed initializing OVRPlugin 1.59.0
LogInit: Build: ++UE4+Release-4.27-CL-18319896
LogInit: Engine Version: 4.27.2-18319896+++UE4+Release-4.27
LogInit: Compatible Engine Version: 4.27.0-17155196+++UE4+Release-4.27
LogInit: Net CL: 17155196
LogInit: OS: Windows 10 (Release 2009) (), CPU: AMD Ryzen 5 3600 6-Core Processor              , GPU: NVIDIA GeForce RTX 3060
LogInit: Compiled (64-bit): Nov 30 2021 07:12:08
LogInit: Compiled with Visual C++: 19.24.28315.00
LogInit: Build Configuration: Development
LogInit: Branch Name: ++UE4+Release-4.27
LogInit: Command Line: 
LogInit: Base Directory: C:/Users/Shigu/OneDrive/デスクトップ/unrial/UE_4.27/Engine/Binaries/Win64/
LogInit: Allocator: TBB
LogInit: Installed Engine Build: 1
LogDevObjectVersion: Number of dev versions registered: 29
LogDevObjectVersion:   Dev-Blueprints (B0D832E4-1F89-4F0D-ACCF-7EB736FD4AA2): 10
LogDevObjectVersion:   Dev-Build (E1C64328-A22C-4D53-A36C-8E866417BD8C): 0
LogDevObjectVersion:   Dev-Core (375EC13C-06E4-48FB-B500-84F0262A717E): 4
LogDevObjectVersion:   Dev-Editor (E4B068ED-F494-42E9-A231-DA0B2E46BB41): 40
LogDevObjectVersion:   Dev-Framework (CFFC743F-43B0-4480-9391-14DF171D2073): 37
LogDevObjectVersion:   Dev-Mobile (B02B49B5-BB20-44E9-A304-32B752E40360): 3
LogDevObjectVersion:   Dev-Networking (A4E4105C-59A1-49B5-A7C5-40C4547EDFEE): 0
LogDevObjectVersion:   Dev-Online (39C831C9-5AE6-47DC-9A44-9C173E1C8E7C): 0
LogDevObjectVersion:   Dev-Physics (78F01B33-EBEA-4F98-B9B4-84EACCB95AA2): 14
LogDevObjectVersion:   Dev-Platform (6631380F-2D4D-43E0-8009-CF276956A95A): 0
LogDevObjectVersion:   Dev-Rendering (12F88B9F-8875-4AFC-A67C-D90C383ABD29): 45
LogDevObjectVersion:   Dev-Sequencer (7B5AE74C-D270-4C10-A958-57980B212A5A): 13
LogDevObjectVersion:   Dev-VR (D7296918-1DD6-4BDD-9DE2-64A83CC13884): 3
LogDevObjectVersion:   Dev-LoadTimes (C2A15278-BFE7-4AFE-6C17-90FF531DF755): 1
LogDevObjectVersion:   Private-Geometry (6EACA3D4-40EC-4CC1-B786-8BED09428FC5): 3
LogDevObjectVersion:   Dev-AnimPhys (29E575DD-E0A3-4627-9D10-D276232CDCEA): 17
LogDevObjectVersion:   Dev-Anim (AF43A65D-7FD3-4947-9873-3E8ED9C1BB05): 15
LogDevObjectVersion:   Dev-ReflectionCapture (6B266CEC-1EC7-4B8F-A30B-E4D90942FC07): 1
LogDevObjectVersion:   Dev-Automation (0DF73D61-A23F-47EA-B727-89E90C41499A): 1
LogDevObjectVersion:   FortniteMain (601D1886-AC64-4F84-AA16-D3DE0DEAC7D6): 47
LogDevObjectVersion:   FortniteRelease (E7086368-6B23-4C58-8439-1B7016265E91): 1
LogDevObjectVersion:   Dev-Enterprise (9DFFBCD6-494F-0158-E221-12823C92A888): 10
LogDevObjectVersion:   Dev-Niagara (F2AED0AC-9AFE-416F-8664-AA7FFA26D6FC): 1
LogDevObjectVersion:   Dev-Destruction (174F1F0B-B4C6-45A5-B13F-2EE8D0FB917D): 10
LogDevObjectVersion:   Dev-Physics-Ext (35F94A83-E258-406C-A318-09F59610247C): 41
LogDevObjectVersion:   Dev-PhysicsMaterial-Chaos (B68FC16E-8B1B-42E2-B453-215C058844FE): 1
LogDevObjectVersion:   Dev-CineCamera (B2E18506-4273-CFC2-A54E-F4BB758BBA07): 1
LogDevObjectVersion:   Dev-VirtualProduction (64F58936-FD1B-42BA-BA96-7289D5D0FA4E): 1
LogDevObjectVersion:   Dev-MediaFramework (6F0ED827-A609-4895-9C91-998D90180EA4): 2
LogInit: Presizing for max 25165824 objects, including 0 objects not considered by GC, pre-allocating 0 bytes for permanent pool.
LogConfig: Applying CVar settings from Section [/Script/Engine.StreamingSettings] File [C:/Users/Shigu/OneDrive/デスクトップ/unrial/kure-syageki/kure_yageki/Saved/Config/Windows/Engine.ini]
LogConfig: Setting CVar [[s.MinBulkDataSizeForAsyncLoading:131072]]
LogConfig: Setting CVar [[s.AsyncLoadingThreadEnabled:0]]
LogConfig: Setting CVar [[s.EventDrivenLoaderEnabled:1]]
LogConfig: Setting CVar [[s.WarnIfTimeLimitExceeded:0]]
LogConfig: Setting CVar [[s.TimeLimitExceededMultiplier:1.5]]
LogConfig: Setting CVar [[s.TimeLimitExceededMinTime:0.005]]
LogConfig: Setting CVar [[s.UseBackgroundLevelStreaming:1]]
LogConfig: Setting CVar [[s.PriorityAsyncLoadingExtraTime:15.0]]
LogConfig: Setting CVar [[s.LevelStreamingActorsUpdateTimeLimit:5.0]]
LogConfig: Setting CVar [[s.PriorityLevelStreamingActorsUpdateExtraTime:5.0]]
LogConfig: Setting CVar [[s.LevelStreamingComponentsRegistrationGranularity:10]]
LogConfig: Setting CVar [[s.UnregisterComponentsTimeLimit:1.0]]
LogConfig: Setting CVar [[s.LevelStreamingComponentsUnregistrationGranularity:5]]
LogConfig: Setting CVar [[s.FlushStreamingOnExit:1]]
LogInit: Object subsystem initialized
LogConfig: Setting CVar [[con.DebugEarlyDefault:1]]
LogConfig: Setting CVar [[r.setres:1280x720]]
[2021.12.21-09.11.37:557][  0]LogConfig: Setting CVar [[r.VSync:0]]
[2021.12.21-09.11.37:557][  0]LogConfig: Setting CVar [[r.RHICmdBypass:0]]
[2021.12.21-09.11.37:557][  0]LogConfig: Applying CVar settings from Section [/Script/Engine.RendererSettings] File [C:/Users/Shigu/OneDrive/デスクトップ/unrial/kure-syageki/kure_yageki/Saved/Config/Windows/Engine.ini]
[2021.12.21-09.11.37:557][  0]LogConfig: Setting CVar [[r.GPUCrashDebugging:0]]
[2021.12.21-09.11.37:557][  0]LogConfig: Applying CVar settings from Section [/Script/Engine.RendererOverrideSettings] File [C:/Users/Shigu/OneDrive/デスクトップ/unrial/kure-syageki/kure_yageki/Saved/Config/Windows/Engine.ini]
[2021.12.21-09.11.37:557][  0]LogConfig: Applying CVar settings from Section [/Script/Engine.StreamingSettings] File [C:/Users/Shigu/OneDrive/デスクトップ/unrial/kure-syageki/kure_yageki/Saved/Config/Windows/Engine.ini]
[2021.12.21-09.11.37:557][  0]LogConfig: Setting CVar [[s.MinBulkDataSizeForAsyncLoading:131072]]
[2021.12.21-09.11.37:557][  0]LogConfig: Setting CVar [[s.AsyncLoadingThreadEnabled:0]]
[2021.12.21-09.11.37:557][  0]LogConfig: Setting CVar [[s.EventDrivenLoaderEnabled:1]]
[2021.12.21-09.11.37:557][  0]LogConfig: Setting CVar [[s.WarnIfTimeLimitExceeded:0]]
[2021.12.21-09.11.37:557][  0]LogConfig: Setting CVar [[s.TimeLimitExceededMultiplier:1.5]]
[2021.12.21-09.11.37:557][  0]LogConfig: Setting CVar [[s.TimeLimitExceededMinTime:0.005]]
[2021.12.21-09.11.37:557][  0]LogConfig: Setting CVar [[s.UseBackgroundLevelStreaming:1]]
[2021.12.21-09.11.37:557][  0]LogConfig: Setting CVar [[s.PriorityAsyncLoadingExtraTime:15.0]]
[2021.12.21-09.11.37:557][  0]LogConfig: Setting CVar [[s.LevelStreamingActorsUpdateTimeLimit:5.0]]
[2021.12.21-09.11.37:557][  0]LogConfig: Setting CVar [[s.PriorityLevelStreamingActorsUpdateExtraTime:5.0]]
[2021.12.21-09.11.37:557][  0]LogConfig: Setting CVar [[s.LevelStreamingComponentsRegistrationGranularity:10]]
[2021.12.21-09.11.37:557][  0]LogConfig: Setting CVar [[s.UnregisterComponentsTimeLimit:1.0]]
[2021.12.21-09.11.37:557][  0]LogConfig: Setting CVar [[s.LevelStreamingComponentsUnregistrationGranularity:5]]
[2021.12.21-09.11.37:557][  0]LogConfig: Setting CVar [[s.FlushStreamingOnExit:1]]
[2021.12.21-09.11.37:557][  0]LogConfig: Applying CVar settings from Section [/Script/Engine.GarbageCollectionSettings] File [C:/Users/Shigu/OneDrive/デスクトップ/unrial/kure-syageki/kure_yageki/Saved/Config/Windows/Engine.ini]
[2021.12.21-09.11.37:557][  0]LogConfig: Setting CVar [[gc.MaxObjectsNotConsideredByGC:1]]
[2021.12.21-09.11.37:557][  0]LogConfig: Setting CVar [[gc.SizeOfPermanentObjectPool:0]]
[2021.12.21-09.11.37:557][  0]LogConfig: Setting CVar [[gc.FlushStreamingOnGC:0]]
[2021.12.21-09.11.37:557][  0]LogConfig: Setting CVar [[gc.NumRetriesBeforeForcingGC:10]]
[2021.12.21-09.11.37:557][  0]LogConfig: Setting CVar [[gc.AllowParallelGC:1]]
[2021.12.21-09.11.37:557][  0]LogConfig: Setting CVar [[gc.TimeBetweenPurgingPendingKillObjects:61.1]]
[2021.12.21-09.11.37:557][  0]LogConfig: Setting CVar [[gc.MaxObjectsInEditor:25165824]]
[2021.12.21-09.11.37:557][  0]LogConfig: Setting CVar [[gc.IncrementalBeginDestroyEnabled:1]]
[2021.12.21-09.11.37:557][  0]LogConfig: Setting CVar [[gc.CreateGCClusters:1]]
[2021.12.21-09.11.37:557][  0]LogConfig: Setting CVar [[gc.MinGCClusterSize:5]]
[2021.12.21-09.11.37:557][  0]LogConfig: Setting CVar [[gc.ActorClusteringEnabled:0]]
[2021.12.21-09.11.37:557][  0]LogConfig: Setting CVar [[gc.BlueprintClusteringEnabled:0]]
[2021.12.21-09.11.37:557][  0]LogConfig: Setting CVar [[gc.UseDisregardForGCOnDedicatedServers:0]]
[2021.12.21-09.11.37:557][  0]LogConfig: Setting CVar [[gc.MultithreadedDestructionEnabled:1]]
[2021.12.21-09.11.37:557][  0]LogConfig: Applying CVar settings from Section [/Script/Engine.NetworkSettings] File [C:/Users/Shigu/OneDrive/デスクトップ/unrial/kure-syageki/kure_yageki/Saved/Config/Windows/Engine.ini]
[2021.12.21-09.11.37:558][  0]LogConfig: Applying CVar settings from Section [/Script/UnrealEd.CookerSettings] File [C:/Users/Shigu/OneDrive/デスクトップ/unrial/kure-syageki/kure_yageki/Saved/Config/Windows/Engine.ini]
[2021.12.21-09.11.37:579][  0]LogConfig: Applying CVar settings from Section [ViewDistanceQuality@3] File [C:/Users/Shigu/OneDrive/デスクトップ/unrial/kure-syageki/kure_yageki/Saved/Config/Windows/Scalability.ini]
[2021.12.21-09.11.37:579][  0]LogConfig: Setting CVar [[r.SkeletalMeshLODBias:0]]
[2021.12.21-09.11.37:579][  0]LogConfig: Setting CVar [[r.ViewDistanceScale:1.0]]
[2021.12.21-09.11.37:579][  0]LogConfig: Applying CVar settings from Section [AntiAliasingQuality@3] File [C:/Users/Shigu/OneDrive/デスクトップ/unrial/kure-syageki/kure_yageki/Saved/Config/Windows/Scalability.ini]
[2021.12.21-09.11.37:579][  0]LogConfig: Setting CVar [[r.PostProcessAAQuality:4]]
[2021.12.21-09.11.37:579][  0]LogConfig: Applying CVar settings from Section [ShadowQuality@3] File [C:/Users/Shigu/OneDrive/デスクトップ/unrial/kure-syageki/kure_yageki/Saved/Config/Windows/Scalability.ini]
[2021.12.21-09.11.37:579][  0]LogConfig: Setting CVar [[r.LightFunctionQuality:1]]
[2021.12.21-09.11.37:579][  0]LogConfig: Setting CVar [[r.ShadowQuality:5]]
[2021.12.21-09.11.37:579][  0]LogConfig: Setting CVar [[r.Shadow.CSM.MaxCascades:10]]
[2021.12.21-09.11.37:579][  0]LogConfig: Setting CVar [[r.Shadow.MaxResolution:2048]]
[2021.12.21-09.11.37:579][  0]LogConfig: Setting CVar [[r.Shadow.MaxCSMResolution:2048]]
[2021.12.21-09.11.37:579][  0]LogConfig: Setting CVar [[r.Shadow.RadiusThreshold:0.01]]
[2021.12.21-09.11.37:579][  0]LogConfig: Setting CVar [[r.Shadow.DistanceScale:1.0]]
[2021.12.21-09.11.37:579][  0]LogConfig: Setting CVar [[r.Shadow.CSM.TransitionScale:1.0]]
[2021.12.21-09.11.37:579][  0]LogConfig: Setting CVar [[r.Shadow.PreShadowResolutionFactor:1.0]]
[2021.12.21-09.11.37:579][  0]LogConfig: Setting CVar [[r.DistanceFieldShadowing:1]]
[2021.12.21-09.11.37:579][  0]LogConfig: Setting CVar [[r.DistanceFieldAO:1]]
[2021.12.21-09.11.37:579][  0]LogConfig: Setting CVar [[r.AOQuality:2]]
[2021.12.21-09.11.37:579][  0]LogConfig: Setting CVar [[r.VolumetricFog:1]]
[2021.12.21-09.11.37:579][  0]LogConfig: Setting CVar [[r.VolumetricFog.GridPixelSize:8]]
[2021.12.21-09.11.37:579][  0]LogConfig: Setting CVar [[r.VolumetricFog.GridSizeZ:128]]
[2021.12.21-09.11.37:579][  0]LogConfig: Setting CVar [[r.VolumetricFog.HistoryMissSupersampleCount:4]]
[2021.12.21-09.11.37:579][  0]LogConfig: Setting CVar [[r.LightMaxDrawDistanceScale:1]]
[2021.12.21-09.11.37:579][  0]LogConfig: Setting CVar [[r.CapsuleShadows:1]]
[2021.12.21-09.11.37:579][  0]LogConfig: Applying CVar settings from Section [PostProcessQuality@3] File [C:/Users/Shigu/OneDrive/デスクトップ/unrial/kure-syageki/kure_yageki/Saved/Config/Windows/Scalability.ini]
[2021.12.21-09.11.37:579][  0]LogConfig: Setting CVar [[r.MotionBlurQuality:4]]
[2021.12.21-09.11.37:579][  0]LogConfig: Setting CVar [[r.AmbientOcclusionMipLevelFactor:0.4]]
[2021.12.21-09.11.37:579][  0]LogConfig: Setting CVar [[r.AmbientOcclusionMaxQuality:100]]
[2021.12.21-09.11.37:579][  0]LogConfig: Setting CVar [[r.AmbientOcclusionLevels:-1]]
[2021.12.21-09.11.37:579][  0]LogConfig: Setting CVar [[r.AmbientOcclusionRadiusScale:1.0]]
[2021.12.21-09.11.37:579][  0]LogConfig: Setting CVar [[r.DepthOfFieldQuality:2]]
[2021.12.21-09.11.37:579][  0]LogConfig: Setting CVar [[r.RenderTargetPoolMin:400]]
[2021.12.21-09.11.37:580][  0]LogConfig: Setting CVar [[r.LensFlareQuality:2]]
[2021.12.21-09.11.37:580][  0]LogConfig: Setting CVar [[r.SceneColorFringeQuality:1]]
[2021.12.21-09.11.37:580][  0]LogConfig: Setting CVar [[r.EyeAdaptationQuality:2]]
[2021.12.21-09.11.37:580][  0]LogConfig: Setting CVar [[r.BloomQuality:5]]
[2021.12.21-09.11.37:580][  0]LogConfig: Setting CVar [[r.FastBlurThreshold:100]]
[2021.12.21-09.11.37:580][  0]LogConfig: Setting CVar [[r.Upscale.Quality:3]]
[2021.12.21-09.11.37:580][  0]LogConfig: Setting CVar [[r.Tonemapper.GrainQuantization:1]]
[2021.12.21-09.11.37:580][  0]LogConfig: Setting CVar [[r.LightShaftQuality:1]]
[2021.12.21-09.11.37:580][  0]LogConfig: Setting CVar [[r.Filter.SizeScale:1]]
[2021.12.21-09.11.37:580][  0]LogConfig: Setting CVar [[r.Tonemapper.Quality:5]]
[2021.12.21-09.11.37:580][  0]LogConfig: Setting CVar [[r.DOF.Gather.AccumulatorQuality:1        ; higher gathering accumulator quality]]
[2021.12.21-09.11.37:580][  0]LogConfig: Setting CVar [[r.DOF.Gather.PostfilterMethod:1          ; Median3x3 postfilering method]]
[2021.12.21-09.11.37:580][  0]LogConfig: Setting CVar [[r.DOF.Gather.EnableBokehSettings:0       ; no bokeh simulation when gathering]]
[2021.12.21-09.11.37:580][  0]LogConfig: Setting CVar [[r.DOF.Gather.RingCount:4                 ; medium number of samples when gathering]]
[2021.12.21-09.11.37:580][  0]LogConfig: Setting CVar [[r.DOF.Scatter.ForegroundCompositing:1    ; additive foreground scattering]]
[2021.12.21-09.11.37:580][  0]LogConfig: Setting CVar [[r.DOF.Scatter.BackgroundCompositing:2    ; additive background scattering]]
[2021.12.21-09.11.37:580][  0]LogConfig: Setting CVar [[r.DOF.Scatter.EnableBokehSettings:1      ; bokeh simulation when scattering]]
[2021.12.21-09.11.37:580][  0]LogConfig: Setting CVar [[r.DOF.Scatter.MaxSpriteRatio:0.1         ; only a maximum of 10% of scattered bokeh]]
[2021.12.21-09.11.37:580][  0]LogConfig: Setting CVar [[r.DOF.Recombine.Quality:1                ; cheap slight out of focus]]
[2021.12.21-09.11.37:580][  0]LogConfig: Setting CVar [[r.DOF.Recombine.EnableBokehSettings:0    ; no bokeh simulation on slight out of focus]]
[2021.12.21-09.11.37:580][  0]LogConfig: Setting CVar [[r.DOF.TemporalAAQuality:1                ; more stable temporal accumulation]]
[2021.12.21-09.11.37:580][  0]LogConfig: Setting CVar [[r.DOF.Kernel.MaxForegroundRadius:0.025]]
[2021.12.21-09.11.37:580][  0]LogConfig: Setting CVar [[r.DOF.Kernel.MaxBackgroundRadius:0.025]]
[2021.12.21-09.11.37:580][  0]LogConfig: Applying CVar settings from Section [TextureQuality@3] File [C:/Users/Shigu/OneDrive/デスクトップ/unrial/kure-syageki/kure_yageki/Saved/Config/Windows/Scalability.ini]
[2021.12.21-09.11.37:580][  0]LogConfig: Setting CVar [[r.Streaming.MipBias:0]]
[2021.12.21-09.11.37:580][  0]LogConfig: Setting CVar [[r.Streaming.AmortizeCPUToGPUCopy:0]]
[2021.12.21-09.11.37:580][  0]LogConfig: Setting CVar [[r.Streaming.MaxNumTexturesToStreamPerFrame:0]]
[2021.12.21-09.11.37:580][  0]LogConfig: Setting CVar [[r.Streaming.Boost:1]]
[2021.12.21-09.11.37:580][  0]LogConfig: Setting CVar [[r.MaxAnisotropy:8]]
[2021.12.21-09.11.37:580][  0]LogConfig: Setting CVar [[r.VT.MaxAnisotropy:8]]
[2021.12.21-09.11.37:580][  0]LogConfig: Setting CVar [[r.Streaming.LimitPoolSizeToVRAM:0]]
[2021.12.21-09.11.37:580][  0]LogConfig: Setting CVar [[r.Streaming.PoolSize:1000]]
[2021.12.21-09.11.37:580][  0]LogConfig: Setting CVar [[r.Streaming.MaxEffectiveScreenSize:0]]
[2021.12.21-09.11.37:580][  0]LogConfig: Applying CVar settings from Section [EffectsQuality@3] File [C:/Users/Shigu/OneDrive/デスクトップ/unrial/kure-syageki/kure_yageki/Saved/Config/Windows/Scalability.ini]
[2021.12.21-09.11.37:580][  0]LogConfig: Setting CVar [[r.TranslucencyLightingVolumeDim:64]]
[2021.12.21-09.11.37:580][  0]LogConfig: Setting CVar [[r.RefractionQuality:2]]
[2021.12.21-09.11.37:580][  0]LogConfig: Setting CVar [[r.SSR.Quality:3]]
[2021.12.21-09.11.37:580][  0]LogConfig: Setting CVar [[r.SSR.HalfResSceneColor:0]]
[2021.12.21-09.11.37:580][  0]LogConfig: Setting CVar [[r.SceneColorFormat:4]]
[2021.12.21-09.11.37:580][  0]LogConfig: Setting CVar [[r.DetailMode:2]]
[2021.12.21-09.11.37:580][  0]LogConfig: Setting CVar [[r.TranslucencyVolumeBlur:1]]
[2021.12.21-09.11.37:580][  0]LogConfig: Setting CVar [[r.MaterialQualityLevel:1 ; High quality]]
[2021.12.21-09.11.37:580][  0]LogConfig: Setting CVar [[r.AnisotropicMaterials:1]]
[2021.12.21-09.11.37:580][  0]LogConfig: Setting CVar [[r.SSS.Scale:1]]
[2021.12.21-09.11.37:580][  0]LogConfig: Setting CVar [[r.SSS.SampleSet:2]]
[2021.12.21-09.11.37:580][  0]LogConfig: Setting CVar [[r.SSS.Quality:1]]
[2021.12.21-09.11.37:580][  0]LogConfig: Setting CVar [[r.SSS.HalfRes:0]]
[2021.12.21-09.11.37:580][  0]LogConfig: Setting CVar [[r.SSGI.Quality:3]]
[2021.12.21-09.11.37:580][  0]LogConfig: Setting CVar [[r.EmitterSpawnRateScale:1.0]]
[2021.12.21-09.11.37:580][  0]LogConfig: Setting CVar [[r.ParticleLightQuality:2]]
[2021.12.21-09.11.37:580][  0]LogConfig: Setting CVar [[r.SkyAtmosphere.AerialPerspectiveLUT.FastApplyOnOpaque:1 ; Always have FastSkyLUT 1 in this case to avoid wrong sky]]
[2021.12.21-09.11.37:580][  0]LogConfig: Setting CVar [[r.SkyAtmosphere.AerialPerspectiveLUT.SampleCountMaxPerSlice:4]]
[2021.12.21-09.11.37:580][  0]LogConfig: Setting CVar [[r.SkyAtmosphere.AerialPerspectiveLUT.DepthResolution:16.0]]
[2021.12.21-09.11.37:580][  0]LogConfig: Setting CVar [[r.SkyAtmosphere.FastSkyLUT:1]]
[2021.12.21-09.11.37:580][  0]LogConfig: Setting CVar [[r.SkyAtmosphere.FastSkyLUT.SampleCountMin:4.0]]
[2021.12.21-09.11.37:580][  0]LogConfig: Setting CVar [[r.SkyAtmosphere.FastSkyLUT.SampleCountMax:128.0]]
[2021.12.21-09.11.37:580][  0]LogConfig: Setting CVar [[r.SkyAtmosphere.SampleCountMin:4.0]]
[2021.12.21-09.11.37:580][  0]LogConfig: Setting CVar [[r.SkyAtmosphere.SampleCountMax:128.0]]
[2021.12.21-09.11.37:580][  0]LogConfig: Setting CVar [[r.SkyAtmosphere.TransmittanceLUT.UseSmallFormat:0]]
[2021.12.21-09.11.37:580][  0]LogConfig: Setting CVar [[r.SkyAtmosphere.TransmittanceLUT.SampleCount:10.0]]
[2021.12.21-09.11.37:580][  0]LogConfig: Setting CVar [[r.SkyAtmosphere.MultiScatteringLUT.SampleCount:15.0]]
[2021.12.21-09.11.37:580][  0]LogConfig: Setting CVar [[r.SkyLight.RealTimeReflectionCapture:1]]
[2021.12.21-09.11.37:580][  0]LogConfig: Applying CVar settings from Section [FoliageQuality@3] File [C:/Users/Shigu/OneDrive/デスクトップ/unrial/kure-syageki/kure_yageki/Saved/Config/Windows/Scalability.ini]
[2021.12.21-09.11.37:580][  0]LogConfig: Setting CVar [[foliage.DensityScale:1.0]]
[2021.12.21-09.11.37:580][  0]LogConfig: Setting CVar [[grass.DensityScale:1.0]]
[2021.12.21-09.11.37:580][  0]LogConfig: Applying CVar settings from Section [ShadingQuality@3] File [C:/Users/Shigu/OneDrive/デスクトップ/unrial/kure-syageki/kure_yageki/Saved/Config/Windows/Scalability.ini]
[2021.12.21-09.11.37:580][  0]LogConfig: Setting CVar [[r.HairStrands.SkyLighting.IntegrationType:2]]
[2021.12.21-09.11.37:580][  0]LogConfig: Setting CVar [[r.HairStrands.SkyAO.SampleCount:4]]
[2021.12.21-09.11.37:580][  0]LogConfig: Setting CVar [[r.HairStrands.Visibility.MSAA.SamplePerPixel:4]]
[2021.12.21-09.11.37:580][  0]LogInit: Selected Device Profile: [Windows]
[2021.12.21-09.11.37:580][  0]LogInit: Applying CVar settings loaded from the selected device profile: [Windows]
[2021.12.21-09.11.37:580][  0]LogHAL: Display: Platform has ~ 16 GB [17106665472 / 17179869184 / 16], which maps to Larger [LargestMinGB=32, LargerMinGB=12, DefaultMinGB=8, SmallerMinGB=6, SmallestMinGB=0)
[2021.12.21-09.11.37:580][  0]LogInit: Going up to parent DeviceProfile []
[2021.12.21-09.11.37:580][  0]LogConfig: Applying CVar settings from Section [ViewDistanceQuality@3] File [C:/Users/Shigu/OneDrive/デスクトップ/unrial/kure-syageki/kure_yageki/Saved/Config/Windows/Scalability.ini]
[2021.12.21-09.11.37:580][  0]LogConfig: Setting CVar [[r.SkeletalMeshLODBias:0]]
[2021.12.21-09.11.37:580][  0]LogConfig: Setting CVar [[r.ViewDistanceScale:1.0]]
[2021.12.21-09.11.37:580][  0]LogConfig: Applying CVar settings from Section [AntiAliasingQuality@3] File [C:/Users/Shigu/OneDrive/デスクトップ/unrial/kure-syageki/kure_yageki/Saved/Config/Windows/Scalability.ini]
[2021.12.21-09.11.37:580][  0]LogConfig: Setting CVar [[r.PostProcessAAQuality:4]]
[2021.12.21-09.11.37:580][  0]LogConfig: Applying CVar settings from Section [ShadowQuality@3] File [C:/Users/Shigu/OneDrive/デスクトップ/unrial/kure-syageki/kure_yageki/Saved/Config/Windows/Scalability.ini]
[2021.12.21-09.11.37:580][  0]LogConfig: Setting CVar [[r.LightFunctionQuality:1]]
[2021.12.21-09.11.37:580][  0]LogConfig: Setting CVar [[r.ShadowQuality:5]]
[2021.12.21-09.11.37:580][  0]LogConfig: Setting CVar [[r.Shadow.CSM.MaxCascades:10]]
[2021.12.21-09.11.37:580][  0]LogConfig: Setting CVar [[r.Shadow.MaxResolution:2048]]
[2021.12.21-09.11.37:580][  0]LogConfig: Setting CVar [[r.Shadow.MaxCSMResolution:2048]]
[2021.12.21-09.11.37:580][  0]LogConfig: Setting CVar [[r.Shadow.RadiusThreshold:0.01]]
[2021.12.21-09.11.37:581][  0]LogConfig: Setting CVar [[r.Shadow.DistanceScale:1.0]]
[2021.12.21-09.11.37:581][  0]LogConfig: Setting CVar [[r.Shadow.CSM.TransitionScale:1.0]]
[2021.12.21-09.11.37:581][  0]LogConfig: Setting CVar [[r.Shadow.PreShadowResolutionFactor:1.0]]
[2021.12.21-09.11.37:581][  0]LogConfig: Setting CVar [[r.DistanceFieldShadowing:1]]
[2021.12.21-09.11.37:581][  0]LogConfig: Setting CVar [[r.DistanceFieldAO:1]]
[2021.12.21-09.11.37:581][  0]LogConfig: Setting CVar [[r.AOQuality:2]]
[2021.12.21-09.11.37:581][  0]LogConfig: Setting CVar [[r.VolumetricFog:1]]
[2021.12.21-09.11.37:581][  0]LogConfig: Setting CVar [[r.VolumetricFog.GridPixelSize:8]]
[2021.12.21-09.11.37:581][  0]LogConfig: Setting CVar [[r.VolumetricFog.GridSizeZ:128]]
[2021.12.21-09.11.37:581][  0]LogConfig: Setting CVar [[r.VolumetricFog.HistoryMissSupersampleCount:4]]
[2021.12.21-09.11.37:581][  0]LogConfig: Setting CVar [[r.LightMaxDrawDistanceScale:1]]
[2021.12.21-09.11.37:581][  0]LogConfig: Setting CVar [[r.CapsuleShadows:1]]
[2021.12.21-09.11.37:581][  0]LogConfig: Applying CVar settings from Section [PostProcessQuality@3] File [C:/Users/Shigu/OneDrive/デスクトップ/unrial/kure-syageki/kure_yageki/Saved/Config/Windows/Scalability.ini]
[2021.12.21-09.11.37:581][  0]LogConfig: Setting CVar [[r.MotionBlurQuality:4]]
[2021.12.21-09.11.37:581][  0]LogConfig: Setting CVar [[r.AmbientOcclusionMipLevelFactor:0.4]]
[2021.12.21-09.11.37:581][  0]LogConfig: Setting CVar [[r.AmbientOcclusionMaxQuality:100]]
[2021.12.21-09.11.37:581][  0]LogConfig: Setting CVar [[r.AmbientOcclusionLevels:-1]]
[2021.12.21-09.11.37:581][  0]LogConfig: Setting CVar [[r.AmbientOcclusionRadiusScale:1.0]]
[2021.12.21-09.11.37:581][  0]LogConfig: Setting CVar [[r.DepthOfFieldQuality:2]]
[2021.12.21-09.11.37:581][  0]LogConfig: Setting CVar [[r.RenderTargetPoolMin:400]]
[2021.12.21-09.11.37:581][  0]LogConfig: Setting CVar [[r.LensFlareQuality:2]]
[2021.12.21-09.11.37:581][  0]LogConfig: Setting CVar [[r.SceneColorFringeQuality:1]]
[2021.12.21-09.11.37:581][  0]LogConfig: Setting CVar [[r.EyeAdaptationQuality:2]]
[2021.12.21-09.11.37:581][  0]LogConfig: Setting CVar [[r.BloomQuality:5]]
[2021.12.21-09.11.37:581][  0]LogConfig: Setting CVar [[r.FastBlurThreshold:100]]
[2021.12.21-09.11.37:581][  0]LogConfig: Setting CVar [[r.Upscale.Quality:3]]
[2021.12.21-09.11.37:581][  0]LogConfig: Setting CVar [[r.Tonemapper.GrainQuantization:1]]
[2021.12.21-09.11.37:581][  0]LogConfig: Setting CVar [[r.LightShaftQuality:1]]
[2021.12.21-09.11.37:581][  0]LogConfig: Setting CVar [[r.Filter.SizeScale:1]]
[2021.12.21-09.11.37:581][  0]LogConfig: Setting CVar [[r.Tonemapper.Quality:5]]
[2021.12.21-09.11.37:581][  0]LogConfig: Setting CVar [[r.DOF.Gather.AccumulatorQuality:1        ; higher gathering accumulator quality]]
[2021.12.21-09.11.37:581][  0]LogConfig: Setting CVar [[r.DOF.Gather.PostfilterMethod:1          ; Median3x3 postfilering method]]
[2021.12.21-09.11.37:581][  0]LogConfig: Setting CVar [[r.DOF.Gather.EnableBokehSettings:0       ; no bokeh simulation when gathering]]
[2021.12.21-09.11.37:581][  0]LogConfig: Setting CVar [[r.DOF.Gather.RingCount:4                 ; medium number of samples when gathering]]
[2021.12.21-09.11.37:581][  0]LogConfig: Setting CVar [[r.DOF.Scatter.ForegroundCompositing:1    ; additive foreground scattering]]
[2021.12.21-09.11.37:581][  0]LogConfig: Setting CVar [[r.DOF.Scatter.BackgroundCompositing:2    ; additive background scattering]]
[2021.12.21-09.11.37:581][  0]LogConfig: Setting CVar [[r.DOF.Scatter.EnableBokehSettings:1      ; bokeh simulation when scattering]]
[2021.12.21-09.11.37:581][  0]LogConfig: Setting CVar [[r.DOF.Scatter.MaxSpriteRatio:0.1         ; only a maximum of 10% of scattered bokeh]]
[2021.12.21-09.11.37:581][  0]LogConfig: Setting CVar [[r.DOF.Recombine.Quality:1                ; cheap slight out of focus]]
[2021.12.21-09.11.37:581][  0]LogConfig: Setting CVar [[r.DOF.Recombine.EnableBokehSettings:0    ; no bokeh simulation on slight out of focus]]
[2021.12.21-09.11.37:581][  0]LogConfig: Setting CVar [[r.DOF.TemporalAAQuality:1                ; more stable temporal accumulation]]
[2021.12.21-09.11.37:581][  0]LogConfig: Setting CVar [[r.DOF.Kernel.MaxForegroundRadius:0.025]]
[2021.12.21-09.11.37:581][  0]LogConfig: Setting CVar [[r.DOF.Kernel.MaxBackgroundRadius:0.025]]
[2021.12.21-09.11.37:581][  0]LogConfig: Applying CVar settings from Section [TextureQuality@3] File [C:/Users/Shigu/OneDrive/デスクトップ/unrial/kure-syageki/kure_yageki/Saved/Config/Windows/Scalability.ini]
[2021.12.21-09.11.37:581][  0]LogConfig: Setting CVar [[r.Streaming.MipBias:0]]
[2021.12.21-09.11.37:581][  0]LogConfig: Setting CVar [[r.Streaming.AmortizeCPUToGPUCopy:0]]
[2021.12.21-09.11.37:581][  0]LogConfig: Setting CVar [[r.Streaming.MaxNumTexturesToStreamPerFrame:0]]
[2021.12.21-09.11.37:581][  0]LogConfig: Setting CVar [[r.Streaming.Boost:1]]
[2021.12.21-09.11.37:581][  0]LogConfig: Setting CVar [[r.MaxAnisotropy:8]]
[2021.12.21-09.11.37:581][  0]LogConfig: Setting CVar [[r.VT.MaxAnisotropy:8]]
[2021.12.21-09.11.37:581][  0]LogConfig: Setting CVar [[r.Streaming.LimitPoolSizeToVRAM:0]]
[2021.12.21-09.11.37:581][  0]LogConfig: Setting CVar [[r.Streaming.PoolSize:1000]]
[2021.12.21-09.11.37:581][  0]LogConfig: Setting CVar [[r.Streaming.MaxEffectiveScreenSize:0]]
[2021.12.21-09.11.37:581][  0]LogConfig: Applying CVar settings from Section [EffectsQuality@3] File [C:/Users/Shigu/OneDrive/デスクトップ/unrial/kure-syageki/kure_yageki/Saved/Config/Windows/Scalability.ini]
[2021.12.21-09.11.37:581][  0]LogConfig: Setting CVar [[r.TranslucencyLightingVolumeDim:64]]
[2021.12.21-09.11.37:581][  0]LogConfig: Setting CVar [[r.RefractionQuality:2]]
[2021.12.21-09.11.37:581][  0]LogConfig: Setting CVar [[r.SSR.Quality:3]]
[2021.12.21-09.11.37:581][  0]LogConfig: Setting CVar [[r.SSR.HalfResSceneColor:0]]
[2021.12.21-09.11.37:581][  0]LogConfig: Setting CVar [[r.SceneColorFormat:4]]
[2021.12.21-09.11.37:581][  0]LogConfig: Setting CVar [[r.DetailMode:2]]
[2021.12.21-09.11.37:581][  0]LogConfig: Setting CVar [[r.TranslucencyVolumeBlur:1]]
[2021.12.21-09.11.37:581][  0]LogConfig: Setting CVar [[r.MaterialQualityLevel:1 ; High quality]]
[2021.12.21-09.11.37:581][  0]LogConfig: Setting CVar [[r.AnisotropicMaterials:1]]
[2021.12.21-09.11.37:581][  0]LogConfig: Setting CVar [[r.SSS.Scale:1]]
[2021.12.21-09.11.37:581][  0]LogConfig: Setting CVar [[r.SSS.SampleSet:2]]
[2021.12.21-09.11.37:581][  0]LogConfig: Setting CVar [[r.SSS.Quality:1]]
[2021.12.21-09.11.37:581][  0]LogConfig: Setting CVar [[r.SSS.HalfRes:0]]
[2021.12.21-09.11.37:581][  0]LogConfig: Setting CVar [[r.SSGI.Quality:3]]
[2021.12.21-09.11.37:581][  0]LogConfig: Setting CVar [[r.EmitterSpawnRateScale:1.0]]
[2021.12.21-09.11.37:581][  0]LogConfig: Setting CVar [[r.ParticleLightQuality:2]]
[2021.12.21-09.11.37:581][  0]LogConfig: Setting CVar [[r.SkyAtmosphere.AerialPerspectiveLUT.FastApplyOnOpaque:1 ; Always have FastSkyLUT 1 in this case to avoid wrong sky]]
[2021.12.21-09.11.37:581][  0]LogConfig: Setting CVar [[r.SkyAtmosphere.AerialPerspectiveLUT.SampleCountMaxPerSlice:4]]
[2021.12.21-09.11.37:581][  0]LogConfig: Setting CVar [[r.SkyAtmosphere.AerialPerspectiveLUT.DepthResolution:16.0]]
[2021.12.21-09.11.37:581][  0]LogConfig: Setting CVar [[r.SkyAtmosphere.FastSkyLUT:1]]
[2021.12.21-09.11.37:581][  0]LogConfig: Setting CVar [[r.SkyAtmosphere.FastSkyLUT.SampleCountMin:4.0]]
[2021.12.21-09.11.37:581][  0]LogConfig: Setting CVar [[r.SkyAtmosphere.FastSkyLUT.SampleCountMax:128.0]]
[2021.12.21-09.11.37:581][  0]LogConfig: Setting CVar [[r.SkyAtmosphere.SampleCountMin:4.0]]
[2021.12.21-09.11.37:581][  0]LogConfig: Setting CVar [[r.SkyAtmosphere.SampleCountMax:128.0]]
[2021.12.21-09.11.37:581][  0]LogConfig: Setting CVar [[r.SkyAtmosphere.TransmittanceLUT.UseSmallFormat:0]]
[2021.12.21-09.11.37:581][  0]LogConfig: Setting CVar [[r.SkyAtmosphere.TransmittanceLUT.SampleCount:10.0]]
[2021.12.21-09.11.37:581][  0]LogConfig: Setting CVar [[r.SkyAtmosphere.MultiScatteringLUT.SampleCount:15.0]]
[2021.12.21-09.11.37:581][  0]LogConfig: Setting CVar [[r.SkyLight.RealTimeReflectionCapture:1]]
[2021.12.21-09.11.37:581][  0]LogConfig: Applying CVar settings from Section [FoliageQuality@3] File [C:/Users/Shigu/OneDrive/デスクトップ/unrial/kure-syageki/kure_yageki/Saved/Config/Windows/Scalability.ini]
[2021.12.21-09.11.37:581][  0]LogConfig: Setting CVar [[foliage.DensityScale:1.0]]
[2021.12.21-09.11.37:581][  0]LogConfig: Setting CVar [[grass.DensityScale:1.0]]
[2021.12.21-09.11.37:581][  0]LogConfig: Applying CVar settings from Section [ShadingQuality@3] File [C:/Users/Shigu/OneDrive/デスクトップ/unrial/kure-syageki/kure_yageki/Saved/Config/Windows/Scalability.ini]
[2021.12.21-09.11.37:581][  0]LogConfig: Setting CVar [[r.HairStrands.SkyLighting.IntegrationType:2]]
[2021.12.21-09.11.37:581][  0]LogConfig: Setting CVar [[r.HairStrands.SkyAO.SampleCount:4]]
[2021.12.21-09.11.37:581][  0]LogConfig: Setting CVar [[r.HairStrands.Visibility.MSAA.SamplePerPixel:4]]
[2021.12.21-09.11.37:581][  0]LogConfig: Applying CVar settings from Section [Startup] File [../../../Engine/Config/ConsoleVariables.ini]
[2021.12.21-09.11.37:582][  0]LogConfig: Setting CVar [[net.UseAdaptiveNetUpdateFrequency:0]]
[2021.12.21-09.11.37:582][  0]LogConfig: Setting CVar [[p.chaos.AllowCreatePhysxBodies:1]]
[2021.12.21-09.11.37:582][  0]LogConfig: Setting CVar [[fx.SkipVectorVMBackendOptimizations:1]]
[2021.12.21-09.11.37:582][  0]LogConfig: Applying CVar settings from Section [ConsoleVariables] File [C:/Users/Shigu/OneDrive/デスクトップ/unrial/kure-syageki/kure_yageki/Saved/Config/Windows/Engine.ini]
[2021.12.21-09.11.37:582][  0]LogConfig: Applying CVar settings from Section [ConsoleVariables] File [C:/Users/Shigu/OneDrive/デスクトップ/unrial/kure-syageki/kure_yageki/Saved/Config/Windows/Editor.ini]
[2021.12.21-09.11.37:582][  0]LogInit: Computer: DESKTOP-QSLVALO
[2021.12.21-09.11.37:582][  0]LogInit: User: Shigu
[2021.12.21-09.11.37:582][  0]LogInit: CPU Page size=4096, Cores=6
[2021.12.21-09.11.37:582][  0]LogInit: High frequency timer resolution =10.000000 MHz
[2021.12.21-09.11.37:582][  0]LogMemory: Memory total: Physical=15.9GB (16GB approx)
[2021.12.21-09.11.37:582][  0]LogMemory: Platform Memory Stats for Windows
[2021.12.21-09.11.37:582][  0]LogMemory: Process Physical Memory: 146.43 MB used, 146.43 MB peak
[2021.12.21-09.11.37:582][  0]LogMemory: Process Virtual Memory: 131.73 MB used, 131.73 MB peak
[2021.12.21-09.11.37:582][  0]LogMemory: Physical Memory: 10771.10 MB used,  5543.09 MB free, 16314.19 MB total
[2021.12.21-09.11.37:582][  0]LogMemory: Virtual Memory: 134209920.00 MB used,  7803.98 MB free, 134217728.00 MB total
[2021.12.21-09.11.37:589][  0]LogWindows: WindowsPlatformFeatures enabled
[2021.12.21-09.11.37:631][  0]LogInit: Physics initialised using underlying interface: PhysX
[2021.12.21-09.11.37:632][  0]LogInit: Using OS detected language (ja-JP).
[2021.12.21-09.11.37:632][  0]LogInit: Using OS detected locale (ja-JP).
[2021.12.21-09.11.37:636][  0]LogTextLocalizationManager: No specific localization for 'ja-JP' exists, so the 'ja' localization will be used.
[2021.12.21-09.11.37:736][  0]LogInit: Setting process to per monitor DPI aware
[2021.12.21-09.11.37:751][  0]LogWindowsTextInputMethodSystem: Display: IME system deactivated.
[2021.12.21-09.11.37:767][  0]LogSlate: New Slate User Created.  User Index 0, Is Virtual User: 0
[2021.12.21-09.11.37:767][  0]LogSlate: Slate User Registered.  User Index 0, Is Virtual User: 0
[2021.12.21-09.11.37:922][  0]LogD3D11RHI: Loaded GFSDK_Aftermath_Lib.x64.dll
[2021.12.21-09.11.37:925][  0]LogHMD: Failed to initialize OpenVR with code 110
[2021.12.21-09.11.37:925][  0]LogD3D11RHI: D3D11 min allowed feature level: 11_0
[2021.12.21-09.11.37:925][  0]LogD3D11RHI: D3D11 max allowed feature level: 11_0
[2021.12.21-09.11.37:925][  0]LogD3D11RHI: D3D11 adapters:
[2021.12.21-09.11.38:048][  0]LogD3D11RHI:    0. 'NVIDIA GeForce RTX 3060' (Feature Level 11_0)
[2021.12.21-09.11.38:048][  0]LogD3D11RHI:       12143/0/8157 MB DedicatedVideo/DedicatedSystem/SharedSystem, Outputs:2, VendorId:0x10de
[2021.12.21-09.11.38:050][  0]LogD3D11RHI:    1. 'Microsoft Basic Render Driver' (Feature Level 11_0)
[2021.12.21-09.11.38:050][  0]LogD3D11RHI:       0/0/8157 MB DedicatedVideo/DedicatedSystem/SharedSystem, Outputs:0, VendorId:0x1414
[2021.12.21-09.11.38:050][  0]LogD3D11RHI: Chosen D3D11 Adapter:
[2021.12.21-09.11.38:050][  0]LogD3D11RHI:     Description : NVIDIA GeForce RTX 3060
[2021.12.21-09.11.38:050][  0]LogD3D11RHI:     VendorId    : 10de
[2021.12.21-09.11.38:050][  0]LogD3D11RHI:     DeviceId    : 2503
[2021.12.21-09.11.38:050][  0]LogD3D11RHI:     SubSysId    : 250310de
[2021.12.21-09.11.38:050][  0]LogD3D11RHI:     Revision    : 00a1
[2021.12.21-09.11.38:050][  0]LogD3D11RHI:     DedicatedVideoMemory : 12732858368 bytes
[2021.12.21-09.11.38:050][  0]LogD3D11RHI:     DedicatedSystemMemory : 0 bytes
[2021.12.21-09.11.38:050][  0]LogD3D11RHI:     SharedSystemMemory : 8553332736 bytes
[2021.12.21-09.11.38:050][  0]LogD3D11RHI:     AdapterLuid : 0 51977
[2021.12.21-09.11.38:058][  0]LogD3D11RHI: Creating new Direct3DDevice
[2021.12.21-09.11.38:058][  0]LogD3D11RHI:     GPU DeviceId: 0x2503 (for the marketing name, search the web for "GPU Device Id")
[2021.12.21-09.11.38:058][  0]LogWindows: EnumDisplayDevices:
[2021.12.21-09.11.38:058][  0]LogWindows:    0. 'NVIDIA GeForce RTX 3060' (P:0 D:1)
[2021.12.21-09.11.38:058][  0]LogWindows:    1. 'NVIDIA GeForce RTX 3060' (P:1 D:1)
[2021.12.21-09.11.38:059][  0]LogWindows:    2. 'NVIDIA GeForce RTX 3060' (P:0 D:0)
[2021.12.21-09.11.38:059][  0]LogWindows:    3. 'NVIDIA GeForce RTX 3060' (P:0 D:0)
[2021.12.21-09.11.38:059][  0]LogWindows: DebugString: FoundDriverCount:4 
[2021.12.21-09.11.38:059][  0]LogD3D11RHI:     Adapter Name: NVIDIA GeForce RTX 3060
[2021.12.21-09.11.38:059][  0]LogD3D11RHI:   Driver Version: 461.72 (internal:27.21.14.6172, unified:461.72)
[2021.12.21-09.11.38:059][  0]LogD3D11RHI:      Driver Date: 2-23-2021
[2021.12.21-09.11.38:059][  0]LogRHI: Texture pool is 8500 MB (70% of 12143 MB)
[2021.12.21-09.11.38:059][  0]LogD3D11RHI: Creating D3DDevice using adapter:
[2021.12.21-09.11.38:059][  0]LogD3D11RHI:     Description : NVIDIA GeForce RTX 3060
[2021.12.21-09.11.38:059][  0]LogD3D11RHI:     VendorId    : 10de
[2021.12.21-09.11.38:059][  0]LogD3D11RHI:     DeviceId    : 2503
[2021.12.21-09.11.38:059][  0]LogD3D11RHI:     SubSysId    : 250310de
[2021.12.21-09.11.38:059][  0]LogD3D11RHI:     Revision    : 00a1
[2021.12.21-09.11.38:059][  0]LogD3D11RHI:     DedicatedVideoMemory : 12732858368 bytes
[2021.12.21-09.11.38:059][  0]LogD3D11RHI:     DedicatedSystemMemory : 0 bytes
[2021.12.21-09.11.38:059][  0]LogD3D11RHI:     SharedSystemMemory : 8553332736 bytes
[2021.12.21-09.11.38:059][  0]LogD3D11RHI:     AdapterLuid : 0 51977
[2021.12.21-09.11.38:155][  0]LogD3D11RHI: RHI has support for 64 bit atomics
[2021.12.21-09.11.38:156][  0]LogD3D11RHI: Async texture creation enabled
[2021.12.21-09.11.38:156][  0]LogD3D11RHI: Array index from any shader is supported
[2021.12.21-09.11.38:179][  0]LogD3D11RHI: GPU Timing Frequency: 1000.000000 (Debug: 2 1)
[2021.12.21-09.11.38:219][  0]LogRHI: GeForceNow SDK initialized: 1
[2021.12.21-09.11.38:535][  0]LogTargetPlatformManager: Display: Loaded TargetPlatform 'AllDesktop'
[2021.12.21-09.11.38:558][  0]LogTargetPlatformManager: Display: Loaded TargetPlatform 'Android'
[2021.12.21-09.11.38:558][  0]LogTargetPlatformManager: Display: Loaded TargetPlatform 'Android_ASTC'
[2021.12.21-09.11.38:558][  0]LogTargetPlatformManager: Display: Loaded TargetPlatform 'Android_DXT'
[2021.12.21-09.11.38:558][  0]LogTargetPlatformManager: Display: Loaded TargetPlatform 'Android_ETC2'
[2021.12.21-09.11.38:558][  0]LogTargetPlatformManager: Display: Loaded TargetPlatform 'AndroidClient'
[2021.12.21-09.11.38:558][  0]LogTargetPlatformManager: Display: Loaded TargetPlatform 'Android_ASTCClient'
[2021.12.21-09.11.38:558][  0]LogTargetPlatformManager: Display: Loaded TargetPlatform 'Android_DXTClient'
[2021.12.21-09.11.38:558][  0]LogTargetPlatformManager: Display: Loaded TargetPlatform 'Android_ETC2Client'
[2021.12.21-09.11.38:558][  0]LogTargetPlatformManager: Display: Loaded TargetPlatform 'Android_Multi'
[2021.12.21-09.11.38:558][  0]LogTargetPlatformManager: Display: Loaded TargetPlatform 'Android_MultiClient'
[2021.12.21-09.11.38:576][  0]LogTargetPlatformManager: Display: Loaded TargetPlatform 'IOSClient'
[2021.12.21-09.11.38:577][  0]LogTargetPlatformManager: Display: Loaded TargetPlatform 'IOS'
[2021.12.21-09.11.38:587][  0]LogTargetPlatformManager: Display: Loaded TargetPlatform 'Linux'
[2021.12.21-09.11.38:593][  0]LogTargetPlatformManager: Display: Loaded TargetPlatform 'LinuxNoEditor'
[2021.12.21-09.11.38:598][  0]LogTargetPlatformManager: Display: Loaded TargetPlatform 'LinuxClient'
[2021.12.21-09.11.38:602][  0]LogTargetPlatformManager: Display: Loaded TargetPlatform 'LinuxServer'
[2021.12.21-09.11.38:611][  0]LogTargetPlatformManager: Display: Loaded TargetPlatform 'LinuxAArch64NoEditor'
[2021.12.21-09.11.38:616][  0]LogTargetPlatformManager: Display: Loaded TargetPlatform 'LinuxAArch64Client'
[2021.12.21-09.11.38:621][  0]LogTargetPlatformManager: Display: Loaded TargetPlatform 'LinuxAArch64Server'
[2021.12.21-09.11.38:645][  0]LogTargetPlatformManager: Display: Loaded TargetPlatform 'Lumin'
[2021.12.21-09.11.38:645][  0]LogTargetPlatformManager: Display: Loaded TargetPlatform 'LuminClient'
[2021.12.21-09.11.38:653][  0]LogTargetPlatformManager: Display: Loaded TargetPlatform 'MacNoEditor'
[2021.12.21-09.11.38:658][  0]LogTargetPlatformManager: Display: Loaded TargetPlatform 'Mac'
[2021.12.21-09.11.38:663][  0]LogTargetPlatformManager: Display: Loaded TargetPlatform 'MacClient'
[2021.12.21-09.11.38:667][  0]LogTargetPlatformManager: Display: Loaded TargetPlatform 'MacServer'
[2021.12.21-09.11.38:677][  0]LogTargetPlatformManager: Display: Loaded TargetPlatform 'TVOSClient'
[2021.12.21-09.11.38:677][  0]LogTargetPlatformManager: Display: Loaded TargetPlatform 'TVOS'
[2021.12.21-09.11.38:687][  0]LogTargetPlatformManager: Display: Loaded TargetPlatform 'WindowsNoEditor'
[2021.12.21-09.11.38:692][  0]LogTargetPlatformManager: Display: Loaded TargetPlatform 'Windows'
[2021.12.21-09.11.38:697][  0]LogTargetPlatformManager: Display: Loaded TargetPlatform 'WindowsClient'
[2021.12.21-09.11.38:701][  0]LogTargetPlatformManager: Display: Loaded TargetPlatform 'WindowsServer'
[2021.12.21-09.11.38:701][  0]LogTargetPlatformManager: Display: Building Assets For Windows
[2021.12.21-09.11.38:708][  0]LogAudioDebug: Display: Lib vorbis DLL was dynamically loaded.
[2021.12.21-09.11.38:741][  0]LogTextureFormatOodle: Display: Oodle Texture 2.9.0 init RDO Off
[2021.12.21-09.11.38:770][  0]LogRendererCore: Ray tracing is disabled. Reason: r.RayTracing=0.
[2021.12.21-09.11.38:770][  0]LogShaderCompilers: Guid format shader working directory is 9 characters bigger than the processId version (../../../../kure-syageki/kure_yageki/Intermediate/Shaders/WorkingDirectory/27416/).
[2021.12.21-09.11.38:770][  0]LogShaderCompilers: Cleaned the shader compiler working directory 'C:/Users/Shigu/AppData/Local/Temp/UnrealShaderWorkingDir/39A8FCA64FCE9F7D9EBB99B0E38A89E8/'.
[2021.12.21-09.11.38:770][  0]LogXGEController: Cannot use XGE Controller as Incredibuild is not installed on this machine.
[2021.12.21-09.11.38:770][  0]LogShaderCompilers: Cannot use XGE Shader Compiler as Incredibuild is not installed on this machine.
[2021.12.21-09.11.38:770][  0]LogShaderCompilers: Display: Using Local Shader Compiler.
[2021.12.21-09.11.39:459][  0]LogDerivedDataCache: Display: Max Cache Size: 512 MB
[2021.12.21-09.11.39:529][  0]LogDerivedDataCache: Loaded boot cache 0.07s 94MB C:/Users/Shigu/AppData/Local/UnrealEngine/4.27/DerivedDataCache/Boot.ddc.
[2021.12.21-09.11.39:529][  0]LogDerivedDataCache: Display: Loaded Boot cache: C:/Users/Shigu/AppData/Local/UnrealEngine/4.27/DerivedDataCache/Boot.ddc
[2021.12.21-09.11.39:529][  0]LogDerivedDataCache: FDerivedDataBackendGraph:  Pak pak cache file ../../../../kure-syageki/kure_yageki/DerivedDataCache/DDC.ddp not found, will not use a pak cache.
[2021.12.21-09.11.39:529][  0]LogDerivedDataCache: Unable to find inner node Pak for hierarchical cache Hierarchy.
[2021.12.21-09.11.39:529][  0]LogDerivedDataCache: FDerivedDataBackendGraph:  CompressedPak pak cache file ../../../../kure-syageki/kure_yageki/DerivedDataCache/Compressed.ddp not found, will not use a pak cache.
[2021.12.21-09.11.39:529][  0]LogDerivedDataCache: Unable to find inner node CompressedPak for hierarchical cache Hierarchy.
[2021.12.21-09.11.39:548][  0]LogDerivedDataCache: Display: Pak cache opened for reading ../../../Engine/DerivedDataCache/Compressed.ddp.
[2021.12.21-09.11.39:548][  0]LogDerivedDataCache: FDerivedDataBackendGraph:  EnterprisePak pak cache file ../../../Enterprise/DerivedDataCache/Compressed.ddp not found, will not use a pak cache.
[2021.12.21-09.11.39:548][  0]LogDerivedDataCache: Unable to find inner node EnterprisePak for hierarchical cache Hierarchy.
[2021.12.21-09.11.39:559][  0]LogDerivedDataCache: Speed tests for C:/Users/Shigu/AppData/Local/UnrealEngine/Common/DerivedDataCache took 0.01 seconds
[2021.12.21-09.11.39:559][  0]LogDerivedDataCache: Display: Performance to C:/Users/Shigu/AppData/Local/UnrealEngine/Common/DerivedDataCache: Latency=0.03ms. RandomReadSpeed=1001.82MBs, RandomWriteSpeed=100.84MBs. Assigned SpeedClass 'Local'
[2021.12.21-09.11.39:559][  0]LogDerivedDataCache: Using Local data cache path C:/Users/Shigu/AppData/Local/UnrealEngine/Common/DerivedDataCache: Writable
[2021.12.21-09.11.39:559][  0]LogDerivedDataCache: Shared data cache path not found in *engine.ini, will not use an Shared cache.
[2021.12.21-09.11.39:559][  0]LogDerivedDataCache: Unable to find inner node Shared for hierarchical cache Hierarchy.
[2021.12.21-09.11.39:605][  0]LogSlate: Using FreeType 2.10.0
[2021.12.21-09.11.39:605][  0]LogSlate: SlateFontServices - WITH_FREETYPE: 1, WITH_HARFBUZZ: 1
[2021.12.21-09.11.39:629][  0]LogAssetRegistry: FAssetRegistry took 0.0032 seconds to start up
[2021.12.21-09.11.39:853][  0]LogInit: Selected Device Profile: [Windows]
[2021.12.21-09.11.39:853][  0]LogInit: Active device profile: [000002ACF7458F00][000002ACF6737240 49] Windows
[2021.12.21-09.11.39:853][  0]LogInit: Profiles: [000002ACF7458F00][000002ACF6737240 49] Windows, [000002ACF740EA00][000002ACF390D3C0 49] WindowsNoEditor, [000002ACF7459F00][000002ACF33B9540 49] WindowsServer, [000002ACF740DB00][000002ACF33BD6C0 49] WindowsClient, [000002ACF7459200][000002ACF33C1840 49] IOS, [000002ACF740D800][000002ACF33C99C0 49] iPadAir, [000002ACF745B300][000002ACF6ACDB40 49] iPadAir2, [000002ACF73B1300][000002ACF6AEC280 49] IPadPro, [000002ACF73B1400][000002ACF6AE82C0 49] iPadAir3, [000002ACF740CB00][000002ACF6AF0440 49] iPadAir4, [000002ACF73B2100][000002ACF6864580 49] iPadMini2, [000002ACF740FA00][000002ACF6AF46C0 49] iPadMini3, [000002ACF73B2C00][000002ACF6AF8800 49] iPadMini4, [000002ACF740EC00][000002ACF6AFC940 49] iPadMini5, [000002ACF73B8E00][000002ACF3290C00 49] iPhone6, [000002ACF73B8F00][000002ACF324EC40 49] iPodTouch6, [000002ACF745B700][000002ACF3298F00 49] iPhone7, [000002ACF745A800][000002ACF3294F40 49] iPodTouch7, [000002ACF73B1100][000002ACF329D0C0 49] iPhone5S, [000002ACF7459100][000002ACF32A5240 49] iPhone6Plus, [000002ACF73B2A00][000002ACD23673C0 49] iPhone6S, [000002ACF7459A00][000002ACF32A9540 49] iPhone6SPlus, [000002ACF73B8100][000002ACF32AD6C0 49] iPhone7Plus, [000002ACF73B1D00][000002ACF32B1840 49] iPhoneSE, [000002ACF73B8C00][000002ACF32B59C0 49] iPhone8, [000002ACF73B0400][000002ACF697FB40 49] iPhone8Plus, [000002ACF73BAA00][000002ACF33A4140 49] iPhoneX, [000002ACF73B3C00][000002ACF33A82C0 49] iPhoneXS, [000002ACF73BA900][000002ACF6DA0440 49] iPhoneXSMax, [000002ACF73B0B00][000002ACF32A05C0 49] iPhoneXR, [000002ACF745B800][000002ACD236A740 49] iPhone11, [000002ACF73B3D00][000002ACF324A880 49] iPhone11Pro, [000002ACF7459B00][000002ACF6DA49C0 49] iPhone11ProMax, [000002ACF73B1500][000002ACF6860B00 49] iPhoneSE2, [000002ACF7459E00][000002ACF342CC80 49] iPhone12Mini, [000002ACF73B3100][000002ACF3252E00 49] iPhone12, [000002ACF745B400][000002ACF698EF80 49] iPhone12Pro, [000002ACF73B0D00][000002ACF6993100 49] iPhone12ProMax, [000002ACF745BC00][000002ACF6997280 49] iPadPro105, [000002ACF73B3700][000002ACF699B400 49] iPadPro129, [000002ACF745AA00][000002ACF38C3580 49] iPadPro97, [000002ACF73B0900][000002ACF38C7700 49] iPadPro2_129, [000002ACF7458800][000002ACF38CB880 49] iPad5, [000002ACF73B1000][000002ACF38CFA00 49] iPad6, [000002ACF7458400][000002ACF38D3B80 49] iPad7, [000002ACF73B2B00][000002ACF38D6180 49] iPad8, [000002ACF745B500][000002ACF38DA300 49] iPadPro11, [000002ACF73B1800][000002ACF38DE480 49] iPadPro2_11, [000002ACF7458900][000002ACF38E2600 49] iPadPro3_129, [000002ACF73B2800][000002ACF66F6780 49] iPadPro4_129, [000002ACF745AE00][000002ACF66FA900 49] AppleTV, [000002ACF73B3E00][000002ACF343CA40 49] AppleTV4K, [000002ACF7458500][000002ACF66FEB80 49] TVOS, [000002ACF73B1700][000002ACF6702CC0 49] Mac, [000002ACF745A300][000002ACF670AE40 49] MacClient, [000002ACF73B0800][000002ACF670EFC0 49] MacNoEditor, [000002ACF7459000][000002ACF6713140 49] MacServer, [000002ACF73B0500][000002ACF67172C0 49] Linux, [000002ACF745AB00][000002ACF671B440 49] LinuxAArch64, [000002ACF73B1600][000002ACF6BCF5C0 49] LinuxNoEditor, [000002ACF745A100][000002ACF6BD3740 49] LinuxAArch64NoEditor, [000002ACF73B3900][000002ACF6BD78C0 49] LinuxClient, [000002ACF745A600][000002ACF6BDBA40 49] LinuxAArch64Client, [000002ACF73B2300][000002ACF6BDFBC0 49] LinuxServer, [000002ACF7458700][000002ACF6BE21C0 49] LinuxAArch64Server, [000002ACF73B1A00][000002ACF6BE6340 49] Android, [000002ACF745A200][000002ACF6BEA4C0 49] Android_Low, [000002ACF73B1C00][000002ACF6BEE640 49] Android_Mid, [000002ACF7459300][000002ACF6BF27C0 49] Android_High, [000002ACF73B0E00][000002ACF6BF6940 49] Android_Default, [000002ACF745B600][000002ACF6BFAAC0 49] Android_Adreno4xx, [000002ACF73B0F00][000002ACF6706C00 49] Android_Adreno5xx_Low, [000002ACF745BB00][000002ACF6BFED40 49] Android_Adreno5xx, [000002ACF73B3A00][000002ACF6C02E80 49] Android_Adreno6xx, [000002ACF7458B00][000002ACF6C06FC0 49] Android_Adreno6xx_Vulkan, [000002ACF73B1900][000002ACF6C0F140 49] Android_Mali_T6xx, [000002ACF7458A00][000002ACF6C132C0 49] Android_Mali_T7xx, [000002ACF740DA00][000002ACF6C17440 49] Android_Mali_T8xx, [000002ACF73B8500][000002ACF6C1B5C0 49] Android_Mali_G71, [000002ACF740C600][000002ACF6C1F740 49] Android_Mali_G72, [000002ACF73B8300][000002ACF6C238C0 49] Android_Mali_G72_Vulkan, [000002ACF740F900][000002ACF6C27A40 49] Android_Mali_G76, [000002ACF73B9000][000002ACF6C2BBC0 49] Android_Mali_G76_Vulkan, [000002ACF740E600][000002ACF6C2E1C0 49] Android_Mali_G77, [000002ACF73BAF00][000002ACF6C32340 49] Android_Mali_G77_Vulkan, [000002ACF740CE00][000002ACF6C364C0 49] Android_Mali_G78, [000002ACF73BB100][000002ACF6C3A640 49] Android_Mali_G78_Vulkan, [000002ACF740C800][000002ACF6C3E7C0 49] Android_Mali_G710, [000002ACF73BAC00][000002ACF6C42940 49] Android_Mali_G710_Vulkan, [000002ACF740FC00][000002ACF6C46AC0 49] Android_Vulkan_SM5, [000002ACF73BB500][000002ACF6C4AC40 49] Android_PowerVR_G6xxx, [000002ACF740DF00][000002ACF6C0AD80 49] Android_PowerVR_GT7xxx, [000002ACF73B9D00][000002ACF6792EC0 49] Android_PowerVR_GE8xxx, [000002ACF740F300][000002ACF6797000 49] Android_PowerVR_GM9xxx, [000002ACF73B8800][000002ACF679B140 49] Android_PowerVR_GM9xxx_Vulkan, [000002ACF740F700][000002ACF67A32C0 49] Android_TegraK1, [000002ACF73B9200][000002ACF67A7440 49] Android_Unknown_Vulkan, [000002ACF740E900][000002ACF67AB5C0 49] Lumin, [000002ACF73BB700][000002ACF67AF740 49] Lumin_Desktop, [000002ACF740EE00][000002ACF67B38C0 49] HoloLens, 
[2021.12.21-09.11.39:968][  0]LogMeshReduction: Using QuadricMeshReduction for automatic static mesh reduction
[2021.12.21-09.11.39:968][  0]LogMeshReduction: Using SimplygonMeshReduction for automatic skeletal mesh reduction
[2021.12.21-09.11.39:968][  0]LogMeshReduction: Using ProxyLODMeshReduction for automatic mesh merging
[2021.12.21-09.11.39:968][  0]LogMeshReduction: No distributed automatic mesh merging module available
[2021.12.21-09.11.39:968][  0]LogMeshMerging: No distributed automatic mesh merging module available
[2021.12.21-09.11.39:985][  0]LogNetVersion: kure_yageki 1.0.0, NetCL: 17155196, EngineNetVer: 17, GameNetVer: 0 (Checksum: 648674119)
[2021.12.21-09.11.40:342][  0]LogTexture: Default maximum texture size for cubemaps generated from long-lat sources has been changed from 512 to unlimited. In order to preserve old behaiour for '/Engine/MapTemplates/Sky/DaylightAmbientCubemap.DaylightAmbientCubemap', its maximum texture size has been explicitly set to 512.
[2021.12.21-09.11.40:394][  0]LogHMD: PokeAHoleMaterial loaded successfully
[2021.12.21-09.11.40:399][  0]LogUObjectArray: 17178 objects as part of root set at end of initial load.
[2021.12.21-09.11.40:399][  0]LogUObjectAllocator: 4302048 out of 0 bytes used by permanent object pool.
[2021.12.21-09.11.40:399][  0]LogUObjectArray: CloseDisregardForGC: 0/0 objects in disregard for GC pool
[2021.12.21-09.11.40:638][  0]LogNiagaraDebuggerClient: Niagara Debugger Client Initialized | Session: 60B6712546EB2E999BB9BDB346BF90BA | Instance: C763C5C34E8CD854D3B516B5A6A05B9D (DESKTOP-QSLVALO-27416).
[2021.12.21-09.11.40:780][  0]LogUdpMessaging: Initializing bridge on interface 0.0.0.0:0 to multicast group 230.0.0.1:6666.
[2021.12.21-09.11.40:787][  0]LogTcpMessaging: Initializing TcpMessaging bridge
[2021.12.21-09.11.40:822][  0]LogPython: Using Python 3.7.7
[2021.12.21-09.11.41:490][  0]SourceControl: ソースコントロールは無効です
[2021.12.21-09.11.41:490][  0]SourceControl: ソースコントロールは無効です
[2021.12.21-09.11.41:496][  0]SourceControl: ソースコントロールは無効です
[2021.12.21-09.11.41:499][  0]SourceControl: ソースコントロールは無効です
[2021.12.21-09.11.41:508][  0]LogUProjectInfo: Found projects:
[2021.12.21-09.11.41:540][  0]SourceControl: ソースコントロールは無効です
[2021.12.21-09.11.41:771][  0]LogOpenImageDenoise: OIDN starting up
[2021.12.21-09.11.41:774][  0]LogAndroidPermission: UAndroidPermissionCallbackProxy::GetInstance
[2021.12.21-09.11.41:799][  0]LogAudioCaptureCore: Display: No Audio Capture implementations found. Audio input will be silent.
[2021.12.21-09.11.41:799][  0]LogAudioCaptureCore: Display: No Audio Capture implementations found. Audio input will be silent.
[2021.12.21-09.11.41:928][  0]LogCollectionManager: Loaded 0 collections in 0.002708 seconds
[2021.12.21-09.11.41:954][  0]LogFileCache: Scanning file cache for directory 'C:/Users/Shigu/OneDrive/デスクトップ/unrial/kure-syageki/kure_yageki/Saved/Collections/' took 0.00s
[2021.12.21-09.11.41:954][  0]LogFileCache: Scanning file cache for directory 'C:/Users/Shigu/OneDrive/デスクトップ/unrial/kure-syageki/kure_yageki/Content/Developers/Shigu/Collections/' took 0.00s
[2021.12.21-09.11.41:954][  0]LogFileCache: Scanning file cache for directory 'C:/Users/Shigu/OneDrive/デスクトップ/unrial/kure-syageki/kure_yageki/Content/Collections/' took 0.00s
[2021.12.21-09.11.41:954][  0]LogOcInput: OculusInput pre-init called
[2021.12.21-09.11.42:215][  0]LogEngine: Initializing Engine...
[2021.12.21-09.11.42:218][  0]LogHMD: Failed to enumerate extensions. Please check that you have a valid OpenXR runtime installed.
[2021.12.21-09.11.42:218][  0]LogHMD: Failed to initialize OpenVR with code 110
[2021.12.21-09.11.42:218][  0]LogMagicLeap: Warning: VR disabled because ZI is not enabled.  To enable, in the editor, Edit -> Project Settings -> Plugins -> Magic Leap Plugin -> Enable Zero Iteration
[2021.12.21-09.11.42:219][  0]LogStats: UGameplayTagsManager::InitializeManager -  0.000 s
[2021.12.21-09.11.42:331][  0]LogInit: Initializing FReadOnlyCVARCache
[2021.12.21-09.11.42:344][  0]LogAIModule: Creating AISystem for world Untitled
[2021.12.21-09.11.42:344][  0]LogAudio: Display: Initializing Audio Device Manager...
[2021.12.21-09.11.42:348][  0]LogAudio: Display: Loading Default Audio Settings Objects...
[2021.12.21-09.11.42:349][  0]LogAudio: Display: No default SoundConcurrencyObject specified (or failed to load).
[2021.12.21-09.11.42:349][  0]LogAudio: Display: Audio Device Manager Initialized
[2021.12.21-09.11.42:349][  0]LogAudio: Display: Creating Audio Device:                 Id: 1, Scope: Shared, Realtime: True
[2021.12.21-09.11.42:349][  0]LogAudioMixer: Display: Audio Mixer Platform Settings:
[2021.12.21-09.11.42:349][  0]LogAudioMixer: Display: 	Sample Rate:						  48000
[2021.12.21-09.11.42:349][  0]LogAudioMixer: Display: 	Callback Buffer Frame Size Requested: 1024
[2021.12.21-09.11.42:349][  0]LogAudioMixer: Display: 	Callback Buffer Frame Size To Use:	  1024
[2021.12.21-09.11.42:349][  0]LogAudioMixer: Display: 	Number of buffers to queue:			  2
[2021.12.21-09.11.42:349][  0]LogAudioMixer: Display: 	Max Channels (voices):				  32
[2021.12.21-09.11.42:349][  0]LogAudioMixer: Display: 	Number of Async Source Workers:		  0
[2021.12.21-09.11.42:349][  0]LogAudio: Display: AudioDevice MaxSources: 32
[2021.12.21-09.11.42:349][  0]LogAudio: Display: Audio Spatialization Plugin: None (built-in).
[2021.12.21-09.11.42:349][  0]LogAudio: Display: Audio Reverb Plugin: None (built-in).
[2021.12.21-09.11.42:349][  0]LogAudio: Display: Audio Occlusion Plugin: None (built-in).
[2021.12.21-09.11.42:349][  0]LogAudioMixer: Display: Initializing audio mixer.
[2021.12.21-09.11.42:361][  0]LogAudioMixer: Display: 0: FrontLeft
[2021.12.21-09.11.42:361][  0]LogAudioMixer: Display: 1: FrontRight
[2021.12.21-09.11.42:384][  0]LogAudioMixer: Display: Using Audio Device スピーカー (Realtek(R) Audio)
[2021.12.21-09.11.42:384][  0]LogAudioMixer: Display: Initializing Sound Submixes...
[2021.12.21-09.11.42:387][  0]LogAudioMixer: Display: Creating Master Submix 'MasterSubmixDefault'
[2021.12.21-09.11.42:387][  0]LogAudioMixer: Display: Creating Master Submix 'MasterReverbSubmixDefault'
[2021.12.21-09.11.42:388][  0]LogAudioMixer: Display: Creating Master Submix 'MasterEQSubmixDefault'
[2021.12.21-09.11.42:388][  0]LogAudioMixer: FMixerPlatformXAudio2::StartAudioStream() called
[2021.12.21-09.11.42:388][  0]LogAudioMixer: Display: Output buffers initialized: Frames=1024, Channels=2, Samples=2048
[2021.12.21-09.11.42:389][  0]LogAudioMixer: Display: Starting AudioMixerPlatformInterface::RunInternal()
[2021.12.21-09.11.42:389][  0]LogAudioMixer: Display: FMixerPlatformXAudio2::SubmitBuffer() called for the first time
[2021.12.21-09.11.42:389][  0]LogInit: FAudioDevice initialized.
[2021.12.21-09.11.42:389][  0]LogAudio: Display: Audio Device (ID: 1) registered with world 'Untitled'.
[2021.12.21-09.11.42:389][  0]LogNetVersion: Set ProjectVersion to 1.0.0.0. Version Checksum will be recalculated on next use.
[2021.12.21-09.11.42:443][  0]LogDerivedDataCache: Saved boot cache 0.05s 94MB C:/Users/Shigu/AppData/Local/UnrealEngine/4.27/DerivedDataCache/Boot.ddc.
[2021.12.21-09.11.42:443][  0]LogInit: Texture streaming: Enabled
[2021.12.21-09.11.42:456][  0]LogAnalytics: Display: [UEEditor.Rocket.Release] APIServer = https://datarouter.ol.epicgames.com/. AppVersion = 4.27.2-18319896+++UE4+Release-4.27
[2021.12.21-09.11.42:460][  0]LogEngineSessionManager: EngineSessionManager initialized
[2021.12.21-09.11.42:460][  0]LogEditorSessionSummary: Verbose: Initializing EditorSessionSummaryWriter for editor session tracking
[2021.12.21-09.11.42:465][  0]LogEditorSessionSummary: EditorSessionSummaryWriter initialized
[2021.12.21-09.11.42:526][  0]LogInit: Transaction tracking system initialized
[2021.12.21-09.11.42:549][  0]BlueprintLog: New page: エディタの読み込み
[2021.12.21-09.11.42:615][  0]LocalizationService: ローカライズのサービスが無効になりました
[2021.12.21-09.11.42:642][  0]TimingProfiler: Initialize
[2021.12.21-09.11.42:642][  0]TimingProfiler: OnSessionChanged
[2021.12.21-09.11.42:642][  0]LoadingProfiler: Initialize
[2021.12.21-09.11.42:642][  0]LoadingProfiler: OnSessionChanged
[2021.12.21-09.11.42:642][  0]NetworkingProfiler: Initialize
[2021.12.21-09.11.42:642][  0]NetworkingProfiler: OnSessionChanged
[2021.12.21-09.11.42:642][  0]MemoryProfiler: Initialize
[2021.12.21-09.11.42:642][  0]MemoryProfiler: OnSessionChanged
[2021.12.21-09.11.42:834][  0]LogCook: Display: CookSettings for Memory: MemoryMaxUsedVirtual 0MiB, MemoryMaxUsedPhysical 16384MiB, MemoryMinFreeVirtual 0MiB, MemoryMinFreePhysical 1024MiB
[2021.12.21-09.11.42:834][  0]LogCook: Display: Mobile HDR setting 1
[2021.12.21-09.11.43:021][  0]LogFileCache: Scanning file cache for directory 'C:/Users/Shigu/OneDrive/デスクトップ/unrial/kure-syageki/kure_yageki/Content/' took 0.00s
[2021.12.21-09.11.43:196][  0]LogInit: Display: Engine is initialized. Leaving FEngineLoop::Init()
[2021.12.21-09.11.43:201][  0]SourceControl: ソースコントロールは無効です
[2021.12.21-09.11.43:201][  0]LogUnrealEdMisc: Loading editor; pre map load, took 6.919
[2021.12.21-09.11.43:201][  0]Cmd: MAP LOAD FILE="../../../Engine/Content/Maps/Templates/Template_Default.umap" TEMPLATE=1 SHOWPROGRESS=1 FEATURELEVEL=3
[2021.12.21-09.11.43:201][  0]LightingResults: New page: ライティングのビルド
[2021.12.21-09.11.43:202][  0]LogWorld: UWorld::CleanupWorld for Untitled, bSessionEnded=true, bCleanupResources=true
[2021.12.21-09.11.43:202][  0]LogSlate: InvalidateAllWidgets triggered.  All widgets were invalidated
[2021.12.21-09.11.43:202][  0]MapCheck: New page: マップをチェック
[2021.12.21-09.11.43:202][  0]LightingResults: New page: <何も選択されていません>
[2021.12.21-09.11.43:207][  0]LogAudio: Display: Audio Device unregistered from world 'None'.
[2021.12.21-09.11.43:210][  0]LogUObjectHash: Compacting FUObjectHashTables data took   0.86ms
[2021.12.21-09.11.43:251][  0]LogTexture: Display: テクスチャをビルドしています:DeprecatedTextureEB9CBE3C423008B5E8E130901E171C89 (BGRA8、128X128)
[2021.12.21-09.11.43:254][  0]LogAudio: Display: Audio Device (ID: 1) registered with world 'Untitled_1'.
[2021.12.21-09.11.43:255][  0]LogAIModule: Creating AISystem for world Untitled_1
[2021.12.21-09.11.43:258][  0]LogEditorServer: Finished looking for orphan Actors (0.000 secs)
[2021.12.21-09.11.43:266][  0]LogUObjectHash: Compacting FUObjectHashTables data took   0.87ms
[2021.12.21-09.11.43:266][  0]Cmd: MAP CHECKDEP NOCLEARLOG
[2021.12.21-09.11.43:266][  0]MapCheck: マップチェックが完了: 0 エラー、 0 警告、完了に 0.167ミリ秒かかりました。
[2021.12.21-09.11.43:267][  0]LogFileHelpers: Loading map 'Template_Default' took 0.066
[2021.12.21-09.11.43:268][  0]LogUnrealEdMisc: Total Editor Startup Time, took 6.987
[2021.12.21-09.11.43:334][  0]LogWindowsTextInputMethodSystem: Display: IME system activated using TSF (Microsoft IME).
[2021.12.21-09.11.43:373][  0]LogSlate: Updating window title bar state: overlay mode, drag disabled, window buttons hidden, title bar hidden
[2021.12.21-09.11.43:378][  0]LogSlate: Updating window title bar state: overlay mode, drag disabled, window buttons hidden, title bar hidden
[2021.12.21-09.11.43:383][  0]LogSlate: Updating window title bar state: overlay mode, drag disabled, window buttons hidden, title bar hidden
[2021.12.21-09.11.43:389][  0]LogSlate: Updating window title bar state: overlay mode, drag disabled, window buttons hidden, title bar hidden
[2021.12.21-09.11.43:403][  0]LogNativeClassHierarchy: Verbose: Native class hierarchy populated in 0.0092 seconds. Added 3831 classes and 933 folders.
[2021.12.21-09.11.43:405][  0]LogNativeClassHierarchy: Verbose: Native class hierarchy updated for 'WidgetCarousel' in 0.0002 seconds. Added 0 classes and 0 folders.
[2021.12.21-09.11.43:407][  0]LogPakFile: PakFile PrimaryIndexSize=187
[2021.12.21-09.11.43:407][  0]LogPakFile: PakFile PathHashIndexSize=101
[2021.12.21-09.11.43:407][  0]LogPakFile: PakFile FullDirectoryIndexSize=148
[2021.12.21-09.11.43:407][  0]LogShaderLibrary: Display: ShaderCodeLibraryPakFileMountedCallback: PakFile 'C:/Users/Shigu/OneDrive/デスクトップ/unrial/UE_4.27/FeaturePacks/FP_FirstPerson.upack' (chunk index -1, root 'root:/') mounted
[2021.12.21-09.11.43:407][  0]LogShaderLibrary: Display: ShaderCodeLibraryPakFileMountedCallback: pending pak file info (ChunkID:-1 Root:root:/ File:C:/Users/Shigu/OneDrive/デスクトップ/unrial/UE_4.27/FeaturePacks/FP_FirstPerson.upack)
[2021.12.21-09.11.43:407][  0]LogPakFile: OnPakFileMounted2Time == 0.000048
[2021.12.21-09.11.43:407][  0]LogPakFile: PakFile PrimaryIndexSize=189
[2021.12.21-09.11.43:407][  0]LogPakFile: PakFile PathHashIndexSize=101
[2021.12.21-09.11.43:407][  0]LogPakFile: PakFile FullDirectoryIndexSize=152
[2021.12.21-09.11.43:407][  0]LogShaderLibrary: Display: ShaderCodeLibraryPakFileMountedCallback: PakFile 'C:/Users/Shigu/OneDrive/デスクトップ/unrial/UE_4.27/FeaturePacks/FP_FirstPersonBP.upack' (chunk index -1, root 'root:/') mounted
[2021.12.21-09.11.43:407][  0]LogShaderLibrary: Display: ShaderCodeLibraryPakFileMountedCallback: pending pak file info (ChunkID:-1 Root:root:/ File:C:/Users/Shigu/OneDrive/デスクトップ/unrial/UE_4.27/FeaturePacks/FP_FirstPersonBP.upack)
[2021.12.21-09.11.43:407][  0]LogPakFile: OnPakFileMounted2Time == 0.000033
[2021.12.21-09.11.43:408][  0]LogPakFile: PakFile PrimaryIndexSize=191
[2021.12.21-09.11.43:408][  0]LogPakFile: PakFile PathHashIndexSize=101
[2021.12.21-09.11.43:408][  0]LogPakFile: PakFile FullDirectoryIndexSize=160
[2021.12.21-09.11.43:408][  0]LogShaderLibrary: Display: ShaderCodeLibraryPakFileMountedCallback: PakFile 'C:/Users/Shigu/OneDrive/デスクトップ/unrial/UE_4.27/FeaturePacks/MobileStarterContent.upack' (chunk index -1, root 'root:/') mounted
[2021.12.21-09.11.43:408][  0]LogShaderLibrary: Display: ShaderCodeLibraryPakFileMountedCallback: pending pak file info (ChunkID:-1 Root:root:/ File:C:/Users/Shigu/OneDrive/デスクトップ/unrial/UE_4.27/FeaturePacks/MobileStarterContent.upack)
[2021.12.21-09.11.43:408][  0]LogPakFile: OnPakFileMounted2Time == 0.000036
[2021.12.21-09.11.43:408][  0]LogPakFile: PakFile PrimaryIndexSize=185
[2021.12.21-09.11.43:408][  0]LogPakFile: PakFile PathHashIndexSize=101
[2021.12.21-09.11.43:408][  0]LogPakFile: PakFile FullDirectoryIndexSize=148
[2021.12.21-09.11.43:408][  0]LogShaderLibrary: Display: ShaderCodeLibraryPakFileMountedCallback: PakFile 'C:/Users/Shigu/OneDrive/デスクトップ/unrial/UE_4.27/FeaturePacks/StarterContent.upack' (chunk index -1, root 'root:/') mounted
[2021.12.21-09.11.43:408][  0]LogShaderLibrary: Display: ShaderCodeLibraryPakFileMountedCallback: pending pak file info (ChunkID:-1 Root:root:/ File:C:/Users/Shigu/OneDrive/デスクトップ/unrial/UE_4.27/FeaturePacks/StarterContent.upack)
[2021.12.21-09.11.43:408][  0]LogPakFile: OnPakFileMounted2Time == 0.000031
[2021.12.21-09.11.43:409][  0]LogPakFile: PakFile PrimaryIndexSize=190
[2021.12.21-09.11.43:409][  0]LogPakFile: PakFile PathHashIndexSize=101
[2021.12.21-09.11.43:409][  0]LogPakFile: PakFile FullDirectoryIndexSize=154
[2021.12.21-09.11.43:409][  0]LogShaderLibrary: Display: ShaderCodeLibraryPakFileMountedCallback: PakFile 'C:/Users/Shigu/OneDrive/デスクトップ/unrial/UE_4.27/FeaturePacks/TP_2DSideScroller.upack' (chunk index -1, root 'root:/') mounted
[2021.12.21-09.11.43:409][  0]LogShaderLibrary: Display: ShaderCodeLibraryPakFileMountedCallback: pending pak file info (ChunkID:-1 Root:root:/ File:C:/Users/Shigu/OneDrive/デスクトップ/unrial/UE_4.27/FeaturePacks/TP_2DSideScroller.upack)
[2021.12.21-09.11.43:409][  0]LogPakFile: OnPakFileMounted2Time == 0.000029
[2021.12.21-09.11.43:409][  0]LogPakFile: PakFile PrimaryIndexSize=192
[2021.12.21-09.11.43:409][  0]LogPakFile: PakFile PathHashIndexSize=101
[2021.12.21-09.11.43:409][  0]LogPakFile: PakFile FullDirectoryIndexSize=158
[2021.12.21-09.11.43:409][  0]LogShaderLibrary: Display: ShaderCodeLibraryPakFileMountedCallback: PakFile 'C:/Users/Shigu/OneDrive/デスクトップ/unrial/UE_4.27/FeaturePacks/TP_2DSideScrollerBP.upack' (chunk index -1, root 'root:/') mounted
[2021.12.21-09.11.43:409][  0]LogShaderLibrary: Display: ShaderCodeLibraryPakFileMountedCallback: pending pak file info (ChunkID:-1 Root:root:/ File:C:/Users/Shigu/OneDrive/デスクトップ/unrial/UE_4.27/FeaturePacks/TP_2DSideScrollerBP.upack)
[2021.12.21-09.11.43:409][  0]LogPakFile: OnPakFileMounted2Time == 0.000031
[2021.12.21-09.11.43:410][  0]LogPakFile: PakFile PrimaryIndexSize=182
[2021.12.21-09.11.43:410][  0]LogPakFile: PakFile PathHashIndexSize=101
[2021.12.21-09.11.43:410][  0]LogPakFile: PakFile FullDirectoryIndexSize=138
[2021.12.21-09.11.43:410][  0]LogShaderLibrary: Display: ShaderCodeLibraryPakFileMountedCallback: PakFile 'C:/Users/Shigu/OneDrive/デスクトップ/unrial/UE_4.27/FeaturePacks/TP_Flying.upack' (chunk index -1, root 'root:/') mounted
[2021.12.21-09.11.43:410][  0]LogShaderLibrary: Display: ShaderCodeLibraryPakFileMountedCallback: pending pak file info (ChunkID:-1 Root:root:/ File:C:/Users/Shigu/OneDrive/デスクトップ/unrial/UE_4.27/FeaturePacks/TP_Flying.upack)
[2021.12.21-09.11.43:410][  0]LogPakFile: OnPakFileMounted2Time == 0.000030
[2021.12.21-09.11.43:410][  0]LogPakFile: PakFile PrimaryIndexSize=184
[2021.12.21-09.11.43:410][  0]LogPakFile: PakFile PathHashIndexSize=101
[2021.12.21-09.11.43:410][  0]LogPakFile: PakFile FullDirectoryIndexSize=142
[2021.12.21-09.11.43:411][  0]LogShaderLibrary: Display: ShaderCodeLibraryPakFileMountedCallback: PakFile 'C:/Users/Shigu/OneDrive/デスクトップ/unrial/UE_4.27/FeaturePacks/TP_FlyingBP.upack' (chunk index -1, root 'root:/') mounted
[2021.12.21-09.11.43:411][  0]LogShaderLibrary: Display: ShaderCodeLibraryPakFileMountedCallback: pending pak file info (ChunkID:-1 Root:root:/ File:C:/Users/Shigu/OneDrive/デスクトップ/unrial/UE_4.27/FeaturePacks/TP_FlyingBP.upack)
[2021.12.21-09.11.43:411][  0]LogPakFile: OnPakFileMounted2Time == 0.000031
[2021.12.21-09.11.43:411][  0]LogPakFile: PakFile PrimaryIndexSize=188
[2021.12.21-09.11.43:411][  0]LogPakFile: PakFile PathHashIndexSize=101
[2021.12.21-09.11.43:411][  0]LogPakFile: PakFile FullDirectoryIndexSize=150
[2021.12.21-09.11.43:411][  0]LogShaderLibrary: Display: ShaderCodeLibraryPakFileMountedCallback: PakFile 'C:/Users/Shigu/OneDrive/デスクトップ/unrial/UE_4.27/FeaturePacks/TP_HandheldARBP.upack' (chunk index -1, root 'root:/') mounted
[2021.12.21-09.11.43:411][  0]LogShaderLibrary: Display: ShaderCodeLibraryPakFileMountedCallback: pending pak file info (ChunkID:-1 Root:root:/ File:C:/Users/Shigu/OneDrive/デスクトップ/unrial/UE_4.27/FeaturePacks/TP_HandheldARBP.upack)
[2021.12.21-09.11.43:411][  0]LogPakFile: OnPakFileMounted2Time == 0.000029
[2021.12.21-09.11.43:412][  0]LogPakFile: PakFile PrimaryIndexSize=182
[2021.12.21-09.11.43:412][  0]LogPakFile: PakFile PathHashIndexSize=101
[2021.12.21-09.11.43:412][  0]LogPakFile: PakFile FullDirectoryIndexSize=138
[2021.12.21-09.11.43:412][  0]LogShaderLibrary: Display: ShaderCodeLibraryPakFileMountedCallback: PakFile 'C:/Users/Shigu/OneDrive/デスクトップ/unrial/UE_4.27/FeaturePacks/TP_Puzzle.upack' (chunk index -1, root 'root:/') mounted
[2021.12.21-09.11.43:412][  0]LogShaderLibrary: Display: ShaderCodeLibraryPakFileMountedCallback: pending pak file info (ChunkID:-1 Root:root:/ File:C:/Users/Shigu/OneDrive/デスクトップ/unrial/UE_4.27/FeaturePacks/TP_Puzzle.upack)
[2021.12.21-09.11.43:412][  0]LogPakFile: OnPakFileMounted2Time == 0.000029
[2021.12.21-09.11.43:412][  0]LogPakFile: PakFile PrimaryIndexSize=184
[2021.12.21-09.11.43:412][  0]LogPakFile: PakFile PathHashIndexSize=101
[2021.12.21-09.11.43:412][  0]LogPakFile: PakFile FullDirectoryIndexSize=142
[2021.12.21-09.11.43:412][  0]LogShaderLibrary: Display: ShaderCodeLibraryPakFileMountedCallback: PakFile 'C:/Users/Shigu/OneDrive/デスクトップ/unrial/UE_4.27/FeaturePacks/TP_PuzzleBP.upack' (chunk index -1, root 'root:/') mounted
[2021.12.21-09.11.43:412][  0]LogShaderLibrary: Display: ShaderCodeLibraryPakFileMountedCallback: pending pak file info (ChunkID:-1 Root:root:/ File:C:/Users/Shigu/OneDrive/デスクトップ/unrial/UE_4.27/FeaturePacks/TP_PuzzleBP.upack)
[2021.12.21-09.11.43:412][  0]LogPakFile: OnPakFileMounted2Time == 0.000029
[2021.12.21-09.11.43:413][  0]LogPakFile: PakFile PrimaryIndexSize=183
[2021.12.21-09.11.43:413][  0]LogPakFile: PakFile PathHashIndexSize=101
[2021.12.21-09.11.43:413][  0]LogPakFile: PakFile FullDirectoryIndexSize=140
[2021.12.21-09.11.43:413][  0]LogShaderLibrary: Display: ShaderCodeLibraryPakFileMountedCallback: PakFile 'C:/Users/Shigu/OneDrive/デスクトップ/unrial/UE_4.27/FeaturePacks/TP_Rolling.upack' (chunk index -1, root 'root:/') mounted
[2021.12.21-09.11.43:413][  0]LogShaderLibrary: Display: ShaderCodeLibraryPakFileMountedCallback: pending pak file info (ChunkID:-1 Root:root:/ File:C:/Users/Shigu/OneDrive/デスクトップ/unrial/UE_4.27/FeaturePacks/TP_Rolling.upack)
[2021.12.21-09.11.43:413][  0]LogPakFile: OnPakFileMounted2Time == 0.000029
[2021.12.21-09.11.43:413][  0]LogPakFile: PakFile PrimaryIndexSize=185
[2021.12.21-09.11.43:413][  0]LogPakFile: PakFile PathHashIndexSize=101
[2021.12.21-09.11.43:413][  0]LogPakFile: PakFile FullDirectoryIndexSize=144
[2021.12.21-09.11.43:413][  0]LogShaderLibrary: Display: ShaderCodeLibraryPakFileMountedCallback: PakFile 'C:/Users/Shigu/OneDrive/デスクトップ/unrial/UE_4.27/FeaturePacks/TP_RollingBP.upack' (chunk index -1, root 'root:/') mounted
[2021.12.21-09.11.43:413][  0]LogShaderLibrary: Display: ShaderCodeLibraryPakFileMountedCallback: pending pak file info (ChunkID:-1 Root:root:/ File:C:/Users/Shigu/OneDrive/デスクトップ/unrial/UE_4.27/FeaturePacks/TP_RollingBP.upack)
[2021.12.21-09.11.43:413][  0]LogPakFile: OnPakFileMounted2Time == 0.000029
[2021.12.21-09.11.43:414][  0]LogPakFile: PakFile PrimaryIndexSize=188
[2021.12.21-09.11.43:414][  0]LogPakFile: PakFile PathHashIndexSize=101
[2021.12.21-09.11.43:414][  0]LogPakFile: PakFile FullDirectoryIndexSize=150
[2021.12.21-09.11.43:414][  0]LogShaderLibrary: Display: ShaderCodeLibraryPakFileMountedCallback: PakFile 'C:/Users/Shigu/OneDrive/デスクトップ/unrial/UE_4.27/FeaturePacks/TP_SideScroller.upack' (chunk index -1, root 'root:/') mounted
[2021.12.21-09.11.43:414][  0]LogShaderLibrary: Display: ShaderCodeLibraryPakFileMountedCallback: pending pak file info (ChunkID:-1 Root:root:/ File:C:/Users/Shigu/OneDrive/デスクトップ/unrial/UE_4.27/FeaturePacks/TP_SideScroller.upack)
[2021.12.21-09.11.43:414][  0]LogPakFile: OnPakFileMounted2Time == 0.000030
[2021.12.21-09.11.43:414][  0]LogPakFile: PakFile PrimaryIndexSize=190
[2021.12.21-09.11.43:414][  0]LogPakFile: PakFile PathHashIndexSize=101
[2021.12.21-09.11.43:414][  0]LogPakFile: PakFile FullDirectoryIndexSize=154
[2021.12.21-09.11.43:414][  0]LogShaderLibrary: Display: ShaderCodeLibraryPakFileMountedCallback: PakFile 'C:/Users/Shigu/OneDrive/デスクトップ/unrial/UE_4.27/FeaturePacks/TP_SideScrollerBP.upack' (chunk index -1, root 'root:/') mounted
[2021.12.21-09.11.43:414][  0]LogShaderLibrary: Display: ShaderCodeLibraryPakFileMountedCallback: pending pak file info (ChunkID:-1 Root:root:/ File:C:/Users/Shigu/OneDrive/デスクトップ/unrial/UE_4.27/FeaturePacks/TP_SideScrollerBP.upack)
[2021.12.21-09.11.43:414][  0]LogPakFile: OnPakFileMounted2Time == 0.000030
[2021.12.21-09.11.43:415][  0]LogPakFile: PakFile PrimaryIndexSize=187
[2021.12.21-09.11.43:415][  0]LogPakFile: PakFile PathHashIndexSize=101
[2021.12.21-09.11.43:415][  0]LogPakFile: PakFile FullDirectoryIndexSize=148
[2021.12.21-09.11.43:415][  0]LogShaderLibrary: Display: ShaderCodeLibraryPakFileMountedCallback: PakFile 'C:/Users/Shigu/OneDrive/デスクトップ/unrial/UE_4.27/FeaturePacks/TP_ThirdPerson.upack' (chunk index -1, root 'root:/') mounted
[2021.12.21-09.11.43:415][  0]LogShaderLibrary: Display: ShaderCodeLibraryPakFileMountedCallback: pending pak file info (ChunkID:-1 Root:root:/ File:C:/Users/Shigu/OneDrive/デスクトップ/unrial/UE_4.27/FeaturePacks/TP_ThirdPerson.upack)
[2021.12.21-09.11.43:415][  0]LogPakFile: OnPakFileMounted2Time == 0.000031
[2021.12.21-09.11.43:415][  0]LogPakFile: PakFile PrimaryIndexSize=189
[2021.12.21-09.11.43:415][  0]LogPakFile: PakFile PathHashIndexSize=101
[2021.12.21-09.11.43:415][  0]LogPakFile: PakFile FullDirectoryIndexSize=152
[2021.12.21-09.11.43:415][  0]LogShaderLibrary: Display: ShaderCodeLibraryPakFileMountedCallback: PakFile 'C:/Users/Shigu/OneDrive/デスクトップ/unrial/UE_4.27/FeaturePacks/TP_ThirdPersonBP.upack' (chunk index -1, root 'root:/') mounted
[2021.12.21-09.11.43:416][  0]LogShaderLibrary: Display: ShaderCodeLibraryPakFileMountedCallback: pending pak file info (ChunkID:-1 Root:root:/ File:C:/Users/Shigu/OneDrive/デスクトップ/unrial/UE_4.27/FeaturePacks/TP_ThirdPersonBP.upack)
[2021.12.21-09.11.43:416][  0]LogPakFile: OnPakFileMounted2Time == 0.000030
[2021.12.21-09.11.43:416][  0]LogPakFile: PakFile PrimaryIndexSize=183
[2021.12.21-09.11.43:416][  0]LogPakFile: PakFile PathHashIndexSize=101
[2021.12.21-09.11.43:416][  0]LogPakFile: PakFile FullDirectoryIndexSize=140
[2021.12.21-09.11.43:416][  0]LogShaderLibrary: Display: ShaderCodeLibraryPakFileMountedCallback: PakFile 'C:/Users/Shigu/OneDrive/デスクトップ/unrial/UE_4.27/FeaturePacks/TP_TopDown.upack' (chunk index -1, root 'root:/') mounted
[2021.12.21-09.11.43:416][  0]LogShaderLibrary: Display: ShaderCodeLibraryPakFileMountedCallback: pending pak file info (ChunkID:-1 Root:root:/ File:C:/Users/Shigu/OneDrive/デスクトップ/unrial/UE_4.27/FeaturePacks/TP_TopDown.upack)
[2021.12.21-09.11.43:416][  0]LogPakFile: OnPakFileMounted2Time == 0.000036
[2021.12.21-09.11.43:417][  0]LogPakFile: PakFile PrimaryIndexSize=185
[2021.12.21-09.11.43:417][  0]LogPakFile: PakFile PathHashIndexSize=101
[2021.12.21-09.11.43:417][  0]LogPakFile: PakFile FullDirectoryIndexSize=144
[2021.12.21-09.11.43:417][  0]LogShaderLibrary: Display: ShaderCodeLibraryPakFileMountedCallback: PakFile 'C:/Users/Shigu/OneDrive/デスクトップ/unrial/UE_4.27/FeaturePacks/TP_TopDownBP.upack' (chunk index -1, root 'root:/') mounted
[2021.12.21-09.11.43:417][  0]LogShaderLibrary: Display: ShaderCodeLibraryPakFileMountedCallback: pending pak file info (ChunkID:-1 Root:root:/ File:C:/Users/Shigu/OneDrive/デスクトップ/unrial/UE_4.27/FeaturePacks/TP_TopDownBP.upack)
[2021.12.21-09.11.43:417][  0]LogPakFile: OnPakFileMounted2Time == 0.000030
[2021.12.21-09.11.43:417][  0]LogPakFile: PakFile PrimaryIndexSize=185
[2021.12.21-09.11.43:417][  0]LogPakFile: PakFile PathHashIndexSize=101
[2021.12.21-09.11.43:417][  0]LogPakFile: PakFile FullDirectoryIndexSize=144
[2021.12.21-09.11.43:417][  0]LogShaderLibrary: Display: ShaderCodeLibraryPakFileMountedCallback: PakFile 'C:/Users/Shigu/OneDrive/デスクトップ/unrial/UE_4.27/FeaturePacks/TP_TwinStick.upack' (chunk index -1, root 'root:/') mounted
[2021.12.21-09.11.43:417][  0]LogShaderLibrary: Display: ShaderCodeLibraryPakFileMountedCallback: pending pak file info (ChunkID:-1 Root:root:/ File:C:/Users/Shigu/OneDrive/デスクトップ/unrial/UE_4.27/FeaturePacks/TP_TwinStick.upack)
[2021.12.21-09.11.43:417][  0]LogPakFile: OnPakFileMounted2Time == 0.000029
[2021.12.21-09.11.43:418][  0]LogPakFile: PakFile PrimaryIndexSize=187
[2021.12.21-09.11.43:418][  0]LogPakFile: PakFile PathHashIndexSize=101
[2021.12.21-09.11.43:418][  0]LogPakFile: PakFile FullDirectoryIndexSize=148
[2021.12.21-09.11.43:418][  0]LogShaderLibrary: Display: ShaderCodeLibraryPakFileMountedCallback: PakFile 'C:/Users/Shigu/OneDrive/デスクトップ/unrial/UE_4.27/FeaturePacks/TP_TwinStickBP.upack' (chunk index -1, root 'root:/') mounted
[2021.12.21-09.11.43:418][  0]LogShaderLibrary: Display: ShaderCodeLibraryPakFileMountedCallback: pending pak file info (ChunkID:-1 Root:root:/ File:C:/Users/Shigu/OneDrive/デスクトップ/unrial/UE_4.27/FeaturePacks/TP_TwinStickBP.upack)
[2021.12.21-09.11.43:418][  0]LogPakFile: OnPakFileMounted2Time == 0.000031
[2021.12.21-09.11.43:418][  0]LogPakFile: PakFile PrimaryIndexSize=183
[2021.12.21-09.11.43:418][  0]LogPakFile: PakFile PathHashIndexSize=101
[2021.12.21-09.11.43:418][  0]LogPakFile: PakFile FullDirectoryIndexSize=140
[2021.12.21-09.11.43:418][  0]LogShaderLibrary: Display: ShaderCodeLibraryPakFileMountedCallback: PakFile 'C:/Users/Shigu/OneDrive/デスクトップ/unrial/UE_4.27/FeaturePacks/TP_Vehicle.upack' (chunk index -1, root 'root:/') mounted
[2021.12.21-09.11.43:418][  0]LogShaderLibrary: Display: ShaderCodeLibraryPakFileMountedCallback: pending pak file info (ChunkID:-1 Root:root:/ File:C:/Users/Shigu/OneDrive/デスクトップ/unrial/UE_4.27/FeaturePacks/TP_Vehicle.upack)
[2021.12.21-09.11.43:418][  0]LogPakFile: OnPakFileMounted2Time == 0.000029
[2021.12.21-09.11.43:419][  0]LogPakFile: PakFile PrimaryIndexSize=186
[2021.12.21-09.11.43:419][  0]LogPakFile: PakFile PathHashIndexSize=101
[2021.12.21-09.11.43:419][  0]LogPakFile: PakFile FullDirectoryIndexSize=146
[2021.12.21-09.11.43:419][  0]LogShaderLibrary: Display: ShaderCodeLibraryPakFileMountedCallback: PakFile 'C:/Users/Shigu/OneDrive/デスクトップ/unrial/UE_4.27/FeaturePacks/TP_VehicleAdv.upack' (chunk index -1, root 'root:/') mounted
[2021.12.21-09.11.43:419][  0]LogShaderLibrary: Display: ShaderCodeLibraryPakFileMountedCallback: pending pak file info (ChunkID:-1 Root:root:/ File:C:/Users/Shigu/OneDrive/デスクトップ/unrial/UE_4.27/FeaturePacks/TP_VehicleAdv.upack)
[2021.12.21-09.11.43:419][  0]LogPakFile: OnPakFileMounted2Time == 0.000029
[2021.12.21-09.11.43:419][  0]LogPakFile: PakFile PrimaryIndexSize=188
[2021.12.21-09.11.43:419][  0]LogPakFile: PakFile PathHashIndexSize=101
[2021.12.21-09.11.43:419][  0]LogPakFile: PakFile FullDirectoryIndexSize=150
[2021.12.21-09.11.43:419][  0]LogShaderLibrary: Display: ShaderCodeLibraryPakFileMountedCallback: PakFile 'C:/Users/Shigu/OneDrive/デスクトップ/unrial/UE_4.27/FeaturePacks/TP_VehicleAdvBP.upack' (chunk index -1, root 'root:/') mounted
[2021.12.21-09.11.43:419][  0]LogShaderLibrary: Display: ShaderCodeLibraryPakFileMountedCallback: pending pak file info (ChunkID:-1 Root:root:/ File:C:/Users/Shigu/OneDrive/デスクトップ/unrial/UE_4.27/FeaturePacks/TP_VehicleAdvBP.upack)
[2021.12.21-09.11.43:419][  0]LogPakFile: OnPakFileMounted2Time == 0.000033
[2021.12.21-09.11.43:420][  0]LogPakFile: PakFile PrimaryIndexSize=185
[2021.12.21-09.11.43:420][  0]LogPakFile: PakFile PathHashIndexSize=101
[2021.12.21-09.11.43:420][  0]LogPakFile: PakFile FullDirectoryIndexSize=144
[2021.12.21-09.11.43:420][  0]LogShaderLibrary: Display: ShaderCodeLibraryPakFileMountedCallback: PakFile 'C:/Users/Shigu/OneDrive/デスクトップ/unrial/UE_4.27/FeaturePacks/TP_VehicleBP.upack' (chunk index -1, root 'root:/') mounted
[2021.12.21-09.11.43:420][  0]LogShaderLibrary: Display: ShaderCodeLibraryPakFileMountedCallback: pending pak file info (ChunkID:-1 Root:root:/ File:C:/Users/Shigu/OneDrive/デスクトップ/unrial/UE_4.27/FeaturePacks/TP_VehicleBP.upack)
[2021.12.21-09.11.43:420][  0]LogPakFile: OnPakFileMounted2Time == 0.000029
[2021.12.21-09.11.43:420][  0]LogPakFile: PakFile PrimaryIndexSize=192
[2021.12.21-09.11.43:420][  0]LogPakFile: PakFile PathHashIndexSize=101
[2021.12.21-09.11.43:420][  0]LogPakFile: PakFile FullDirectoryIndexSize=158
[2021.12.21-09.11.43:420][  0]LogShaderLibrary: Display: ShaderCodeLibraryPakFileMountedCallback: PakFile 'C:/Users/Shigu/OneDrive/デスクトップ/unrial/UE_4.27/FeaturePacks/TP_VirtualRealityBP.upack' (chunk index -1, root 'root:/') mounted
[2021.12.21-09.11.43:420][  0]LogShaderLibrary: Display: ShaderCodeLibraryPakFileMountedCallback: pending pak file info (ChunkID:-1 Root:root:/ File:C:/Users/Shigu/OneDrive/デスクトップ/unrial/UE_4.27/FeaturePacks/TP_VirtualRealityBP.upack)
[2021.12.21-09.11.43:420][  0]LogPakFile: OnPakFileMounted2Time == 0.000029
[2021.12.21-09.11.43:473][  0]LogNativeClassHierarchy: Verbose: Native class hierarchy updated for 'AddContentDialog' in 0.0003 seconds. Added 0 classes and 0 folders.
[2021.12.21-09.11.43:474][  0]LogNativeClassHierarchy: Verbose: Native class hierarchy updated for 'SceneOutliner' in 0.0001 seconds. Added 2 classes and 0 folders.
[2021.12.21-09.11.43:566][  0]LogSlate: Took 0.000167 seconds to synchronously load lazily loaded font '../../../Engine/Content/Slate/Fonts/Roboto-Regular.ttf' (155K)
[2021.12.21-09.11.43:567][  0]LogSlate: Took 0.000229 seconds to synchronously load lazily loaded font '../../../Engine/Content/Editor/Slate/Fonts/GenEiGothicPro-Regular.otf' (707K)
[2021.12.21-09.11.43:567][  0]LogSlate: Took 0.000123 seconds to synchronously load lazily loaded font '../../../Engine/Content/Editor/Slate/Fonts/FontAwesome.ttf' (139K)
[2021.12.21-09.11.43:568][  0]LogSlate: Took 0.000194 seconds to synchronously load lazily loaded font '../../../Engine/Content/Editor/Slate/Fonts/GenEiGothicPro-Bold.otf' (698K)
[2021.12.21-09.11.43:568][  0]LogSlate: Took 0.000110 seconds to synchronously load lazily loaded font '../../../Engine/Content/Slate/Fonts/Roboto-Bold.ttf' (160K)
[2021.12.21-09.11.43:648][  0]LogRenderer: Reallocating scene render targets to support 1080x440 Format 10 NumSamples 1 (Frame:1).
[2021.12.21-09.11.43:759][  0]LogNativeClassHierarchy: Verbose: Native class hierarchy updated for 'HierarchicalLODOutliner' in 0.0003 seconds. Added 0 classes and 0 folders.
[2021.12.21-09.11.43:759][  0]LogLoad: (Engine Initialization) Total time: 7.48 seconds
[2021.12.21-09.11.43:759][  0]LogLoad: (Engine Initialization) Total Blueprint compile time: 0.00 seconds
[2021.12.21-09.11.43:799][  0]LogAssetRegistry: Asset discovery search completed in 4.1720 seconds
[2021.12.21-09.11.43:805][  0]LogCollectionManager: Fixed up redirectors for 0 collections in 0.000003 seconds (updated 0 objects)
[2021.12.21-09.11.43:806][  0]LogContentStreaming: Texture pool size now 1000 MB
[2021.12.21-09.11.43:875][  6]LogSlate: Took 0.000244 seconds to synchronously load lazily loaded font '../../../Engine/Content/Slate/Fonts/Roboto-Light.ttf' (167K)
[2021.12.21-09.11.47:155][362]LogSlate: Window 'プラグイン' being destroyed
[2021.12.21-09.11.47:159][362]LogSlate: Window 'プラグイン' being destroyed
[2021.12.21-09.11.47:159][362]LogDirectoryWatcher: A directory notification for '../../../Engine/Plugins/' was aborted.
[2021.12.21-09.11.48:493][514]LogSlate: Took 0.000191 seconds to synchronously load lazily loaded font '../../../Engine/Content/Slate/Fonts/Roboto-Light.ttf' (167K)
[2021.12.21-09.11.48:494][514]LogSlate: Took 0.000193 seconds to synchronously load lazily loaded font '../../../Engine/Content/Editor/Slate/Fonts/GenEiGothicPro-Light.otf' (713K)
[2021.12.21-09.11.48:503][514]LogAssetEditorSubsystem: Opening Asset editor for DestructibleMesh /Game/StarterContent/Shapes/Shape_Sphere_DM.Shape_Sphere_DM
[2021.12.21-09.11.48:630][514]LogRenderer: Reallocating scene render targets to support 1188x920 Format 10 NumSamples 1 (Frame:1).
[2021.12.21-09.11.52:000][913]LogSlate: Window 'Shape_Sphere_DM' being destroyed
[2021.12.21-09.11.52:006][913]LogSlate: Window 'Shape_Sphere_DM' being destroyed
[2021.12.21-09.11.52:010][913]LogWorld: UWorld::CleanupWorld for World_0, bSessionEnded=true, bCleanupResources=true
[2021.12.21-09.11.52:010][913]LogSlate: InvalidateAllWidgets triggered.  All widgets were invalidated
